{"/Users/naomimowbray/Documents/Coding/GROUP/NaomiMowbray_T3A2-B/igyb-back-end/src/database.js": {"path":"/Users/naomimowbray/Documents/Coding/GROUP/NaomiMowbray_T3A2-B/igyb-back-end/src/database.js","statementMap":{"0":{"start":{"line":1,"column":17},"end":{"line":1,"column":36}},"1":{"start":{"line":2,"column":0},"end":{"line":2,"column":27}},"2":{"start":{"line":4,"column":13},"end":{"line":4,"column":15}},"3":{"start":{"line":7,"column":0},"end":{"line":20,"column":1}},"4":{"start":{"line":9,"column":8},"end":{"line":9,"column":61}},"5":{"start":{"line":10,"column":8},"end":{"line":10,"column":14}},"6":{"start":{"line":12,"column":8},"end":{"line":12,"column":60}},"7":{"start":{"line":13,"column":8},"end":{"line":13,"column":14}},"8":{"start":{"line":15,"column":8},"end":{"line":15,"column":36}},"9":{"start":{"line":16,"column":8},"end":{"line":16,"column":14}},"10":{"start":{"line":18,"column":8},"end":{"line":18,"column":93}},"11":{"start":{"line":19,"column":8},"end":{"line":19,"column":14}},"12":{"start":{"line":23,"column":4},"end":{"line":31,"column":5}},"13":{"start":{"line":24,"column":8},"end":{"line":24,"column":116}},"14":{"start":{"line":27,"column":8},"end":{"line":27,"column":39}},"15":{"start":{"line":28,"column":8},"end":{"line":28,"column":94}},"16":{"start":{"line":30,"column":8},"end":{"line":30,"column":91}},"17":{"start":{"line":35,"column":4},"end":{"line":35,"column":29}},"18":{"start":{"line":38,"column":0},"end":{"line":41,"column":1}}},"fnMap":{"0":{"name":"databaseConnect","decl":{"start":{"line":22,"column":15},"end":{"line":22,"column":30}},"loc":{"start":{"line":22,"column":33},"end":{"line":32,"column":1}},"line":22},"1":{"name":"databaseDisconnector","decl":{"start":{"line":34,"column":15},"end":{"line":34,"column":35}},"loc":{"start":{"line":34,"column":37},"end":{"line":36,"column":1}},"line":34}},"branchMap":{"0":{"loc":{"start":{"line":7,"column":0},"end":{"line":20,"column":1}},"type":"switch","locations":[{"start":{"line":8,"column":4},"end":{"line":10,"column":14}},{"start":{"line":11,"column":4},"end":{"line":13,"column":14}},{"start":{"line":14,"column":4},"end":{"line":16,"column":14}},{"start":{"line":17,"column":4},"end":{"line":19,"column":14}}],"line":7},"1":{"loc":{"start":{"line":24,"column":8},"end":{"line":24,"column":115}},"type":"cond-expr","locations":[{"start":{"line":24,"column":55},"end":{"line":24,"column":110}},{"start":{"line":24,"column":113},"end":{"line":24,"column":115}}],"line":24},"2":{"loc":{"start":{"line":28,"column":8},"end":{"line":28,"column":93}},"type":"cond-expr","locations":[{"start":{"line":28,"column":55},"end":{"line":28,"column":88}},{"start":{"line":28,"column":91},"end":{"line":28,"column":93}}],"line":28}},"s":{"0":4,"1":4,"2":4,"3":4,"4":4,"5":4,"6":0,"7":0,"8":0,"9":0,"10":0,"11":0,"12":39,"13":39,"14":39,"15":39,"16":0,"17":0,"18":4},"f":{"0":39,"1":0},"b":{"0":[4,0,0,0],"1":[0,39],"2":[0,39]},"_coverageSchema":"1a1c01bbd47fc00a2c39e90264f33305004495a9","hash":"c39af0764d6dbabb861f77a5c9b7f9ccc3d89783"}
,"/Users/naomimowbray/Documents/Coding/GROUP/NaomiMowbray_T3A2-B/igyb-back-end/src/server.js": {"path":"/Users/naomimowbray/Documents/Coding/GROUP/NaomiMowbray_T3A2-B/igyb-back-end/src/server.js","statementMap":{"0":{"start":{"line":1,"column":17},"end":{"line":1,"column":36}},"1":{"start":{"line":3,"column":15},"end":{"line":3,"column":32}},"2":{"start":{"line":4,"column":0},"end":{"line":4,"column":16}},"3":{"start":{"line":7,"column":16},"end":{"line":7,"column":34}},"4":{"start":{"line":8,"column":12},"end":{"line":8,"column":21}},"5":{"start":{"line":10,"column":21},"end":{"line":10,"column":45}},"6":{"start":{"line":11,"column":0},"end":{"line":11,"column":23}},"7":{"start":{"line":14,"column":13},"end":{"line":14,"column":37}},"8":{"start":{"line":17,"column":15},"end":{"line":17,"column":32}},"9":{"start":{"line":18,"column":0},"end":{"line":18,"column":18}},"10":{"start":{"line":19,"column":0},"end":{"line":19,"column":47}},"11":{"start":{"line":20,"column":0},"end":{"line":20,"column":33}},"12":{"start":{"line":21,"column":0},"end":{"line":27,"column":2}},"13":{"start":{"line":32,"column":13},"end":{"line":32,"column":28}},"14":{"start":{"line":33,"column":18},"end":{"line":39,"column":1}},"15":{"start":{"line":40,"column":0},"end":{"line":40,"column":27}},"16":{"start":{"line":41,"column":0},"end":{"line":41,"column":36}},"17":{"start":{"line":44,"column":0},"end":{"line":44,"column":24}},"18":{"start":{"line":45,"column":0},"end":{"line":45,"column":48}},"19":{"start":{"line":48,"column":24},"end":{"line":48,"column":59}},"20":{"start":{"line":49,"column":0},"end":{"line":49,"column":35}},"21":{"start":{"line":51,"column":23},"end":{"line":51,"column":58}},"22":{"start":{"line":52,"column":0},"end":{"line":52,"column":36}},"23":{"start":{"line":54,"column":23},"end":{"line":54,"column":58}},"24":{"start":{"line":55,"column":0},"end":{"line":55,"column":34}},"25":{"start":{"line":57,"column":26},"end":{"line":57,"column":64}},"26":{"start":{"line":58,"column":0},"end":{"line":58,"column":40}},"27":{"start":{"line":60,"column":24},"end":{"line":60,"column":60}},"28":{"start":{"line":61,"column":0},"end":{"line":61,"column":36}},"29":{"start":{"line":64,"column":0},"end":{"line":76,"column":3}},"30":{"start":{"line":65,"column":24},"end":{"line":65,"column":54}},"31":{"start":{"line":66,"column":23},"end":{"line":66,"column":47}},"32":{"start":{"line":67,"column":25},"end":{"line":67,"column":57}},"33":{"start":{"line":68,"column":23},"end":{"line":68,"column":47}},"34":{"start":{"line":70,"column":4},"end":{"line":75,"column":7}},"35":{"start":{"line":80,"column":0},"end":{"line":84,"column":3}},"36":{"start":{"line":81,"column":4},"end":{"line":83,"column":7}},"37":{"start":{"line":87,"column":0},"end":{"line":111,"column":3}},"38":{"start":{"line":89,"column":26},"end":{"line":89,"column":28}},"39":{"start":{"line":92,"column":22},"end":{"line":92,"column":78}},"40":{"start":{"line":93,"column":4},"end":{"line":93,"column":67}},"41":{"start":{"line":93,"column":50},"end":{"line":93,"column":65}},"42":{"start":{"line":96,"column":4},"end":{"line":102,"column":5}},"43":{"start":{"line":97,"column":29},"end":{"line":100,"column":22}},"44":{"start":{"line":101,"column":8},"end":{"line":101,"column":55}},"45":{"start":{"line":105,"column":4},"end":{"line":105,"column":87}},"46":{"start":{"line":108,"column":4},"end":{"line":110,"column":7}},"47":{"start":{"line":114,"column":0},"end":{"line":119,"column":3}},"48":{"start":{"line":115,"column":4},"end":{"line":118,"column":7}},"49":{"start":{"line":121,"column":0},"end":{"line":132,"column":3}},"50":{"start":{"line":122,"column":4},"end":{"line":122,"column":34}},"51":{"start":{"line":123,"column":4},"end":{"line":125,"column":5}},"52":{"start":{"line":124,"column":8},"end":{"line":124,"column":27}},"53":{"start":{"line":126,"column":4},"end":{"line":128,"column":5}},"54":{"start":{"line":127,"column":8},"end":{"line":127,"column":29}},"55":{"start":{"line":129,"column":4},"end":{"line":131,"column":7}},"56":{"start":{"line":135,"column":0},"end":{"line":138,"column":2}}},"fnMap":{"0":{"name":"(anonymous_0)","decl":{"start":{"line":64,"column":27},"end":{"line":64,"column":28}},"loc":{"start":{"line":64,"column":50},"end":{"line":76,"column":1}},"line":64},"1":{"name":"(anonymous_1)","decl":{"start":{"line":80,"column":13},"end":{"line":80,"column":14}},"loc":{"start":{"line":80,"column":36},"end":{"line":84,"column":1}},"line":80},"2":{"name":"(anonymous_2)","decl":{"start":{"line":87,"column":25},"end":{"line":87,"column":26}},"loc":{"start":{"line":87,"column":54},"end":{"line":111,"column":1}},"line":87},"3":{"name":"(anonymous_3)","decl":{"start":{"line":93,"column":34},"end":{"line":93,"column":35}},"loc":{"start":{"line":93,"column":50},"end":{"line":93,"column":65}},"line":93},"4":{"name":"(anonymous_4)","decl":{"start":{"line":114,"column":13},"end":{"line":114,"column":14}},"loc":{"start":{"line":114,"column":36},"end":{"line":119,"column":1}},"line":114},"5":{"name":"(anonymous_5)","decl":{"start":{"line":121,"column":8},"end":{"line":121,"column":9}},"loc":{"start":{"line":121,"column":44},"end":{"line":132,"column":1}},"line":121}},"branchMap":{"0":{"loc":{"start":{"line":14,"column":13},"end":{"line":14,"column":37}},"type":"binary-expr","locations":[{"start":{"line":14,"column":13},"end":{"line":14,"column":29}},{"start":{"line":14,"column":33},"end":{"line":14,"column":37}}],"line":14},"1":{"loc":{"start":{"line":123,"column":4},"end":{"line":125,"column":5}},"type":"if","locations":[{"start":{"line":123,"column":4},"end":{"line":125,"column":5}},{"start":{},"end":{}}],"line":123},"2":{"loc":{"start":{"line":126,"column":4},"end":{"line":128,"column":5}},"type":"if","locations":[{"start":{"line":126,"column":4},"end":{"line":128,"column":5}},{"start":{},"end":{}}],"line":126}},"s":{"0":4,"1":4,"2":4,"3":4,"4":4,"5":4,"6":4,"7":4,"8":4,"9":4,"10":4,"11":4,"12":4,"13":4,"14":4,"15":4,"16":4,"17":4,"18":4,"19":4,"20":4,"21":4,"22":4,"23":4,"24":4,"25":4,"26":4,"27":4,"28":4,"29":4,"30":2,"31":2,"32":2,"33":2,"34":2,"35":4,"36":4,"37":4,"38":0,"39":0,"40":0,"41":0,"42":0,"43":0,"44":0,"45":0,"46":0,"47":4,"48":0,"49":4,"50":23,"51":23,"52":0,"53":23,"54":10,"55":23,"56":4},"f":{"0":2,"1":4,"2":0,"3":0,"4":0,"5":23},"b":{"0":[4,0],"1":[0,23],"2":[10,13]},"_coverageSchema":"1a1c01bbd47fc00a2c39e90264f33305004495a9","hash":"784715a88cfcc40de9c1e7bce6fd09d99779bce3"}
,"/Users/naomimowbray/Documents/Coding/GROUP/NaomiMowbray_T3A2-B/igyb-back-end/src/controllers/CommentRouter.js": {"path":"/Users/naomimowbray/Documents/Coding/GROUP/NaomiMowbray_T3A2-B/igyb-back-end/src/controllers/CommentRouter.js","statementMap":{"0":{"start":{"line":2,"column":16},"end":{"line":2,"column":34}},"1":{"start":{"line":4,"column":15},"end":{"line":4,"column":31}},"2":{"start":{"line":11,"column":4},"end":{"line":11,"column":43}},"3":{"start":{"line":14,"column":56},"end":{"line":14,"column":94}},"4":{"start":{"line":19,"column":0},"end":{"line":19,"column":52}},"5":{"start":{"line":22,"column":0},"end":{"line":22,"column":90}},"6":{"start":{"line":26,"column":0},"end":{"line":26,"column":92}},"7":{"start":{"line":34,"column":0},"end":{"line":34,"column":24}}},"fnMap":{},"branchMap":{},"s":{"0":4,"1":4,"2":4,"3":4,"4":4,"5":4,"6":4,"7":4},"f":{},"b":{},"_coverageSchema":"1a1c01bbd47fc00a2c39e90264f33305004495a9","hash":"2e2eedb9d3d785ed5d037f25a8663aa627664630"}
,"/Users/naomimowbray/Documents/Coding/GROUP/NaomiMowbray_T3A2-B/igyb-back-end/src/controllers/EventRouter.js": {"path":"/Users/naomimowbray/Documents/Coding/GROUP/NaomiMowbray_T3A2-B/igyb-back-end/src/controllers/EventRouter.js","statementMap":{"0":{"start":{"line":2,"column":16},"end":{"line":2,"column":34}},"1":{"start":{"line":4,"column":15},"end":{"line":4,"column":31}},"2":{"start":{"line":13,"column":4},"end":{"line":13,"column":41}},"3":{"start":{"line":16,"column":56},"end":{"line":16,"column":94}},"4":{"start":{"line":17,"column":26},"end":{"line":17,"column":65}},"5":{"start":{"line":23,"column":0},"end":{"line":23,"column":51}},"6":{"start":{"line":27,"column":0},"end":{"line":27,"column":93}},"7":{"start":{"line":31,"column":0},"end":{"line":31,"column":94}},"8":{"start":{"line":35,"column":0},"end":{"line":35,"column":29}},"9":{"start":{"line":36,"column":0},"end":{"line":36,"column":32}},"10":{"start":{"line":40,"column":0},"end":{"line":40,"column":24}}},"fnMap":{},"branchMap":{},"s":{"0":4,"1":4,"2":4,"3":4,"4":4,"5":4,"6":4,"7":4,"8":4,"9":4,"10":4},"f":{},"b":{},"_coverageSchema":"1a1c01bbd47fc00a2c39e90264f33305004495a9","hash":"177e4d54a966f3c1030627a4db8c53252d11281f"}
,"/Users/naomimowbray/Documents/Coding/GROUP/NaomiMowbray_T3A2-B/igyb-back-end/src/controllers/PostRouter.js": {"path":"/Users/naomimowbray/Documents/Coding/GROUP/NaomiMowbray_T3A2-B/igyb-back-end/src/controllers/PostRouter.js","statementMap":{"0":{"start":{"line":2,"column":16},"end":{"line":2,"column":34}},"1":{"start":{"line":4,"column":15},"end":{"line":4,"column":31}},"2":{"start":{"line":13,"column":4},"end":{"line":13,"column":40}},"3":{"start":{"line":16,"column":56},"end":{"line":16,"column":94}},"4":{"start":{"line":22,"column":0},"end":{"line":22,"column":50}},"5":{"start":{"line":26,"column":0},"end":{"line":26,"column":88}},"6":{"start":{"line":30,"column":0},"end":{"line":30,"column":89}},"7":{"start":{"line":34,"column":0},"end":{"line":34,"column":27}},"8":{"start":{"line":35,"column":0},"end":{"line":35,"column":28}},"9":{"start":{"line":37,"column":0},"end":{"line":37,"column":28}},"10":{"start":{"line":40,"column":0},"end":{"line":40,"column":24}}},"fnMap":{},"branchMap":{},"s":{"0":4,"1":4,"2":4,"3":4,"4":4,"5":4,"6":4,"7":4,"8":4,"9":4,"10":4},"f":{},"b":{},"_coverageSchema":"1a1c01bbd47fc00a2c39e90264f33305004495a9","hash":"47ce284697296212b362556f5cdcc2df43599830"}
,"/Users/naomimowbray/Documents/Coding/GROUP/NaomiMowbray_T3A2-B/igyb-back-end/src/controllers/RoleRouter.js": {"path":"/Users/naomimowbray/Documents/Coding/GROUP/NaomiMowbray_T3A2-B/igyb-back-end/src/controllers/RoleRouter.js","statementMap":{"0":{"start":{"line":2,"column":16},"end":{"line":2,"column":34}},"1":{"start":{"line":4,"column":15},"end":{"line":4,"column":31}},"2":{"start":{"line":7,"column":42},"end":{"line":7,"column":78}},"3":{"start":{"line":12,"column":0},"end":{"line":20,"column":3}},"4":{"start":{"line":13,"column":23},"end":{"line":13,"column":25}},"5":{"start":{"line":15,"column":4},"end":{"line":15,"column":39}},"6":{"start":{"line":17,"column":4},"end":{"line":19,"column":7}},"7":{"start":{"line":24,"column":0},"end":{"line":32,"column":3}},"8":{"start":{"line":25,"column":23},"end":{"line":25,"column":25}},"9":{"start":{"line":27,"column":4},"end":{"line":27,"column":67}},"10":{"start":{"line":29,"column":4},"end":{"line":31,"column":7}},"11":{"start":{"line":35,"column":0},"end":{"line":35,"column":24}}},"fnMap":{"0":{"name":"(anonymous_0)","decl":{"start":{"line":12,"column":16},"end":{"line":12,"column":17}},"loc":{"start":{"line":12,"column":45},"end":{"line":20,"column":1}},"line":12},"1":{"name":"(anonymous_1)","decl":{"start":{"line":24,"column":25},"end":{"line":24,"column":26}},"loc":{"start":{"line":24,"column":54},"end":{"line":32,"column":1}},"line":24}},"branchMap":{},"s":{"0":4,"1":4,"2":4,"3":4,"4":0,"5":0,"6":0,"7":4,"8":0,"9":0,"10":0,"11":4},"f":{"0":0,"1":0},"b":{},"_coverageSchema":"1a1c01bbd47fc00a2c39e90264f33305004495a9","hash":"d70179fe2fb5c93f30de71c67240c2c755f6eb27"}
,"/Users/naomimowbray/Documents/Coding/GROUP/NaomiMowbray_T3A2-B/igyb-back-end/src/controllers/UserRouter.js": {"path":"/Users/naomimowbray/Documents/Coding/GROUP/NaomiMowbray_T3A2-B/igyb-back-end/src/controllers/UserRouter.js","statementMap":{"0":{"start":{"line":2,"column":16},"end":{"line":2,"column":34}},"1":{"start":{"line":4,"column":15},"end":{"line":4,"column":31}},"2":{"start":{"line":9,"column":4},"end":{"line":9,"column":40}},"3":{"start":{"line":10,"column":118},"end":{"line":10,"column":156}},"4":{"start":{"line":11,"column":72},"end":{"line":11,"column":110}},"5":{"start":{"line":17,"column":0},"end":{"line":23,"column":3}},"6":{"start":{"line":18,"column":4},"end":{"line":22,"column":7}},"7":{"start":{"line":29,"column":0},"end":{"line":35,"column":3}},"8":{"start":{"line":30,"column":23},"end":{"line":30,"column":25}},"9":{"start":{"line":31,"column":4},"end":{"line":31,"column":39}},"10":{"start":{"line":32,"column":4},"end":{"line":34,"column":7}},"11":{"start":{"line":38,"column":0},"end":{"line":43,"column":3}},"12":{"start":{"line":40,"column":4},"end":{"line":42,"column":7}},"13":{"start":{"line":49,"column":0},"end":{"line":53,"column":3}},"14":{"start":{"line":50,"column":4},"end":{"line":52,"column":7}},"15":{"start":{"line":59,"column":0},"end":{"line":64,"column":3}},"16":{"start":{"line":60,"column":23},"end":{"line":60,"column":73}},"17":{"start":{"line":61,"column":4},"end":{"line":63,"column":7}},"18":{"start":{"line":67,"column":0},"end":{"line":72,"column":3}},"19":{"start":{"line":68,"column":23},"end":{"line":68,"column":73}},"20":{"start":{"line":69,"column":4},"end":{"line":71,"column":7}},"21":{"start":{"line":74,"column":0},"end":{"line":79,"column":3}},"22":{"start":{"line":75,"column":4},"end":{"line":78,"column":7}},"23":{"start":{"line":81,"column":0},"end":{"line":85,"column":3}},"24":{"start":{"line":82,"column":4},"end":{"line":84,"column":7}},"25":{"start":{"line":87,"column":0},"end":{"line":92,"column":2}},"26":{"start":{"line":88,"column":4},"end":{"line":91,"column":6}},"27":{"start":{"line":95,"column":0},"end":{"line":101,"column":3}},"28":{"start":{"line":96,"column":4},"end":{"line":100,"column":7}},"29":{"start":{"line":104,"column":0},"end":{"line":104,"column":24}}},"fnMap":{"0":{"name":"(anonymous_0)","decl":{"start":{"line":17,"column":54},"end":{"line":17,"column":55}},"loc":{"start":{"line":17,"column":83},"end":{"line":23,"column":1}},"line":17},"1":{"name":"(anonymous_1)","decl":{"start":{"line":29,"column":53},"end":{"line":29,"column":54}},"loc":{"start":{"line":29,"column":82},"end":{"line":35,"column":1}},"line":29},"2":{"name":"(anonymous_2)","decl":{"start":{"line":38,"column":34},"end":{"line":38,"column":35}},"loc":{"start":{"line":38,"column":63},"end":{"line":43,"column":1}},"line":38},"3":{"name":"(anonymous_3)","decl":{"start":{"line":49,"column":101},"end":{"line":49,"column":102}},"loc":{"start":{"line":49,"column":130},"end":{"line":53,"column":1}},"line":49},"4":{"name":"(anonymous_4)","decl":{"start":{"line":59,"column":85},"end":{"line":59,"column":86}},"loc":{"start":{"line":59,"column":114},"end":{"line":64,"column":1}},"line":59},"5":{"name":"(anonymous_5)","decl":{"start":{"line":67,"column":112},"end":{"line":67,"column":113}},"loc":{"start":{"line":67,"column":141},"end":{"line":72,"column":1}},"line":67},"6":{"name":"(anonymous_6)","decl":{"start":{"line":74,"column":46},"end":{"line":74,"column":47}},"loc":{"start":{"line":74,"column":75},"end":{"line":79,"column":1}},"line":74},"7":{"name":"(anonymous_7)","decl":{"start":{"line":81,"column":69},"end":{"line":81,"column":70}},"loc":{"start":{"line":81,"column":98},"end":{"line":85,"column":1}},"line":81},"8":{"name":"(anonymous_8)","decl":{"start":{"line":87,"column":82},"end":{"line":87,"column":83}},"loc":{"start":{"line":87,"column":111},"end":{"line":92,"column":1}},"line":87},"9":{"name":"(anonymous_9)","decl":{"start":{"line":95,"column":78},"end":{"line":95,"column":79}},"loc":{"start":{"line":95,"column":107},"end":{"line":101,"column":1}},"line":95}},"branchMap":{},"s":{"0":4,"1":4,"2":4,"3":4,"4":4,"5":4,"6":1,"7":4,"8":1,"9":1,"10":1,"11":4,"12":0,"13":4,"14":0,"15":4,"16":0,"17":0,"18":4,"19":0,"20":0,"21":4,"22":39,"23":4,"24":0,"25":4,"26":0,"27":4,"28":0,"29":4},"f":{"0":1,"1":1,"2":0,"3":0,"4":0,"5":0,"6":39,"7":0,"8":0,"9":0},"b":{},"_coverageSchema":"1a1c01bbd47fc00a2c39e90264f33305004495a9","hash":"ab1446fcdf7948a2411a10bd31c463708e9bbc84"}
,"/Users/naomimowbray/Documents/Coding/GROUP/NaomiMowbray_T3A2-B/igyb-back-end/src/controllers/functions/CommentFunctions.js": {"path":"/Users/naomimowbray/Documents/Coding/GROUP/NaomiMowbray_T3A2-B/igyb-back-end/src/controllers/functions/CommentFunctions.js","statementMap":{"0":{"start":{"line":3,"column":17},"end":{"line":3,"column":50}},"1":{"start":{"line":4,"column":20},"end":{"line":4,"column":56}},"2":{"start":{"line":8,"column":22},"end":{"line":33,"column":1}},"3":{"start":{"line":9,"column":4},"end":{"line":32,"column":5}},"4":{"start":{"line":10,"column":65},"end":{"line":10,"column":77}},"5":{"start":{"line":12,"column":25},"end":{"line":12,"column":58}},"6":{"start":{"line":14,"column":8},"end":{"line":17,"column":9}},"7":{"start":{"line":15,"column":26},"end":{"line":15,"column":57}},"8":{"start":{"line":16,"column":12},"end":{"line":16,"column":31}},"9":{"start":{"line":19,"column":27},"end":{"line":26,"column":10}},"10":{"start":{"line":28,"column":29},"end":{"line":28,"column":52}},"11":{"start":{"line":29,"column":8},"end":{"line":29,"column":43}},"12":{"start":{"line":31,"column":8},"end":{"line":31,"column":19}},"13":{"start":{"line":37,"column":22},"end":{"line":61,"column":1}},"14":{"start":{"line":38,"column":4},"end":{"line":60,"column":5}},"15":{"start":{"line":40,"column":24},"end":{"line":40,"column":65}},"16":{"start":{"line":42,"column":8},"end":{"line":55,"column":9}},"17":{"start":{"line":43,"column":26},"end":{"line":43,"column":60}},"18":{"start":{"line":44,"column":12},"end":{"line":44,"column":24}},"19":{"start":{"line":45,"column":12},"end":{"line":45,"column":19}},"20":{"start":{"line":48,"column":32},"end":{"line":48,"column":36}},"21":{"start":{"line":49,"column":16},"end":{"line":49,"column":52}},"22":{"start":{"line":50,"column":39},"end":{"line":50,"column":59}},"23":{"start":{"line":51,"column":16},"end":{"line":51,"column":53}},"24":{"start":{"line":54,"column":12},"end":{"line":54,"column":50}},"25":{"start":{"line":59,"column":8},"end":{"line":59,"column":20}},"26":{"start":{"line":64,"column":22},"end":{"line":81,"column":1}},"27":{"start":{"line":65,"column":4},"end":{"line":80,"column":5}},"28":{"start":{"line":66,"column":32},"end":{"line":66,"column":90}},"29":{"start":{"line":68,"column":8},"end":{"line":71,"column":9}},"30":{"start":{"line":69,"column":26},"end":{"line":69,"column":60}},"31":{"start":{"line":70,"column":12},"end":{"line":70,"column":31}},"32":{"start":{"line":73,"column":8},"end":{"line":73,"column":67}},"33":{"start":{"line":75,"column":8},"end":{"line":77,"column":10}},"34":{"start":{"line":79,"column":8},"end":{"line":79,"column":20}},"35":{"start":{"line":84,"column":0},"end":{"line":88,"column":1}}},"fnMap":{"0":{"name":"(anonymous_0)","decl":{"start":{"line":8,"column":22},"end":{"line":8,"column":23}},"loc":{"start":{"line":8,"column":57},"end":{"line":33,"column":1}},"line":8},"1":{"name":"(anonymous_1)","decl":{"start":{"line":37,"column":22},"end":{"line":37,"column":23}},"loc":{"start":{"line":37,"column":57},"end":{"line":61,"column":1}},"line":37},"2":{"name":"handleUpdateCommentData","decl":{"start":{"line":47,"column":27},"end":{"line":47,"column":50}},"loc":{"start":{"line":47,"column":57},"end":{"line":52,"column":13}},"line":47},"3":{"name":"(anonymous_3)","decl":{"start":{"line":64,"column":22},"end":{"line":64,"column":23}},"loc":{"start":{"line":64,"column":57},"end":{"line":81,"column":1}},"line":64}},"branchMap":{"0":{"loc":{"start":{"line":14,"column":8},"end":{"line":17,"column":9}},"type":"if","locations":[{"start":{"line":14,"column":8},"end":{"line":17,"column":9}},{"start":{},"end":{}}],"line":14},"1":{"loc":{"start":{"line":42,"column":8},"end":{"line":55,"column":9}},"type":"if","locations":[{"start":{"line":42,"column":8},"end":{"line":55,"column":9}},{"start":{"line":46,"column":15},"end":{"line":55,"column":9}}],"line":42},"2":{"loc":{"start":{"line":49,"column":31},"end":{"line":49,"column":51}},"type":"binary-expr","locations":[{"start":{"line":49,"column":31},"end":{"line":49,"column":35}},{"start":{"line":49,"column":39},"end":{"line":49,"column":51}}],"line":49},"3":{"loc":{"start":{"line":68,"column":8},"end":{"line":71,"column":9}},"type":"if","locations":[{"start":{"line":68,"column":8},"end":{"line":71,"column":9}},{"start":{},"end":{}}],"line":68}},"s":{"0":4,"1":4,"2":4,"3":2,"4":2,"5":2,"6":2,"7":0,"8":0,"9":2,"10":2,"11":2,"12":0,"13":4,"14":2,"15":2,"16":2,"17":0,"18":0,"19":0,"20":2,"21":2,"22":2,"23":2,"24":2,"25":0,"26":4,"27":2,"28":2,"29":2,"30":0,"31":0,"32":2,"33":2,"34":0,"35":4},"f":{"0":2,"1":2,"2":2,"3":2},"b":{"0":[0,2],"1":[0,2],"2":[2,0],"3":[0,2]},"_coverageSchema":"1a1c01bbd47fc00a2c39e90264f33305004495a9","hash":"df20101e79d28221cd9422404477edb594aa278b"}
,"/Users/naomimowbray/Documents/Coding/GROUP/NaomiMowbray_T3A2-B/igyb-back-end/src/controllers/functions/EncryptionFunctions.js": {"path":"/Users/naomimowbray/Documents/Coding/GROUP/NaomiMowbray_T3A2-B/igyb-back-end/src/controllers/functions/EncryptionFunctions.js","statementMap":{"0":{"start":{"line":1,"column":15},"end":{"line":1,"column":32}},"1":{"start":{"line":2,"column":15},"end":{"line":2,"column":32}},"2":{"start":{"line":3,"column":15},"end":{"line":3,"column":32}},"3":{"start":{"line":4,"column":0},"end":{"line":4,"column":16}},"4":{"start":{"line":7,"column":19},"end":{"line":7,"column":32}},"5":{"start":{"line":8,"column":21},"end":{"line":8,"column":41}},"6":{"start":{"line":9,"column":20},"end":{"line":9,"column":78}},"7":{"start":{"line":10,"column":12},"end":{"line":10,"column":69}},"8":{"start":{"line":14,"column":17},"end":{"line":14,"column":74}},"9":{"start":{"line":15,"column":4},"end":{"line":15,"column":79}},"10":{"start":{"line":20,"column":19},"end":{"line":20,"column":78}},"11":{"start":{"line":21,"column":4},"end":{"line":21,"column":84}},"12":{"start":{"line":26,"column":4},"end":{"line":26,"column":54}},"13":{"start":{"line":32,"column":4},"end":{"line":32,"column":46}},"14":{"start":{"line":37,"column":4},"end":{"line":37,"column":57}},"15":{"start":{"line":41,"column":0},"end":{"line":47,"column":1}}},"fnMap":{"0":{"name":"encryptString","decl":{"start":{"line":13,"column":9},"end":{"line":13,"column":22}},"loc":{"start":{"line":13,"column":39},"end":{"line":16,"column":1}},"line":13},"1":{"name":"decryptString","decl":{"start":{"line":19,"column":9},"end":{"line":19,"column":22}},"loc":{"start":{"line":19,"column":39},"end":{"line":22,"column":1}},"line":19},"2":{"name":"decryptObject","decl":{"start":{"line":25,"column":9},"end":{"line":25,"column":22}},"loc":{"start":{"line":25,"column":39},"end":{"line":27,"column":1}},"line":25},"3":{"name":"hashString","decl":{"start":{"line":31,"column":15},"end":{"line":31,"column":25}},"loc":{"start":{"line":31,"column":40},"end":{"line":33,"column":1}},"line":31},"4":{"name":"checkUnhashedData","decl":{"start":{"line":35,"column":15},"end":{"line":35,"column":32}},"loc":{"start":{"line":35,"column":59},"end":{"line":38,"column":1}},"line":35}},"branchMap":{},"s":{"0":4,"1":4,"2":4,"3":4,"4":4,"5":4,"6":4,"7":4,"8":40,"9":40,"10":17,"11":17,"12":17,"13":3,"14":39,"15":4},"f":{"0":40,"1":17,"2":17,"3":3,"4":39},"b":{},"_coverageSchema":"1a1c01bbd47fc00a2c39e90264f33305004495a9","hash":"307200b87d55da67a3384fbbf032ecdffbb7741e"}
,"/Users/naomimowbray/Documents/Coding/GROUP/NaomiMowbray_T3A2-B/igyb-back-end/src/controllers/functions/EventFunctions.js": {"path":"/Users/naomimowbray/Documents/Coding/GROUP/NaomiMowbray_T3A2-B/igyb-back-end/src/controllers/functions/EventFunctions.js","statementMap":{"0":{"start":{"line":3,"column":18},"end":{"line":3,"column":52}},"1":{"start":{"line":6,"column":20},"end":{"line":26,"column":1}},"2":{"start":{"line":7,"column":4},"end":{"line":25,"column":5}},"3":{"start":{"line":8,"column":79},"end":{"line":8,"column":91}},"4":{"start":{"line":9,"column":22},"end":{"line":19,"column":10}},"5":{"start":{"line":21,"column":29},"end":{"line":21,"column":47}},"6":{"start":{"line":22,"column":8},"end":{"line":22,"column":43}},"7":{"start":{"line":24,"column":8},"end":{"line":24,"column":20}},"8":{"start":{"line":30,"column":21},"end":{"line":43,"column":1}},"9":{"start":{"line":31,"column":4},"end":{"line":42,"column":5}},"10":{"start":{"line":32,"column":23},"end":{"line":37,"column":10}},"11":{"start":{"line":39,"column":8},"end":{"line":39,"column":30}},"12":{"start":{"line":41,"column":8},"end":{"line":41,"column":20}},"13":{"start":{"line":45,"column":21},"end":{"line":63,"column":1}},"14":{"start":{"line":46,"column":4},"end":{"line":62,"column":5}},"15":{"start":{"line":47,"column":22},"end":{"line":52,"column":10}},"16":{"start":{"line":54,"column":8},"end":{"line":57,"column":9}},"17":{"start":{"line":55,"column":26},"end":{"line":55,"column":69}},"18":{"start":{"line":56,"column":12},"end":{"line":56,"column":31}},"19":{"start":{"line":59,"column":8},"end":{"line":59,"column":36}},"20":{"start":{"line":61,"column":8},"end":{"line":61,"column":20}},"21":{"start":{"line":66,"column":24},"end":{"line":96,"column":1}},"22":{"start":{"line":67,"column":4},"end":{"line":95,"column":5}},"23":{"start":{"line":69,"column":22},"end":{"line":69,"column":61}},"24":{"start":{"line":70,"column":8},"end":{"line":70,"column":26}},"25":{"start":{"line":72,"column":8},"end":{"line":92,"column":9}},"26":{"start":{"line":73,"column":26},"end":{"line":73,"column":69}},"27":{"start":{"line":74,"column":12},"end":{"line":74,"column":24}},"28":{"start":{"line":75,"column":12},"end":{"line":75,"column":19}},"29":{"start":{"line":78,"column":87},"end":{"line":78,"column":96}},"30":{"start":{"line":79,"column":16},"end":{"line":79,"column":48}},"31":{"start":{"line":80,"column":16},"end":{"line":80,"column":51}},"32":{"start":{"line":81,"column":16},"end":{"line":81,"column":51}},"33":{"start":{"line":82,"column":16},"end":{"line":82,"column":48}},"34":{"start":{"line":83,"column":16},"end":{"line":83,"column":51}},"35":{"start":{"line":84,"column":16},"end":{"line":84,"column":54}},"36":{"start":{"line":85,"column":16},"end":{"line":85,"column":66}},"37":{"start":{"line":86,"column":16},"end":{"line":86,"column":57}},"38":{"start":{"line":87,"column":37},"end":{"line":87,"column":55}},"39":{"start":{"line":88,"column":16},"end":{"line":88,"column":51}},"40":{"start":{"line":91,"column":12},"end":{"line":91,"column":48}},"41":{"start":{"line":94,"column":8},"end":{"line":94,"column":20}},"42":{"start":{"line":99,"column":24},"end":{"line":113,"column":1}},"43":{"start":{"line":100,"column":4},"end":{"line":112,"column":5}},"44":{"start":{"line":101,"column":30},"end":{"line":101,"column":86}},"45":{"start":{"line":103,"column":8},"end":{"line":106,"column":9}},"46":{"start":{"line":104,"column":26},"end":{"line":104,"column":69}},"47":{"start":{"line":105,"column":12},"end":{"line":105,"column":31}},"48":{"start":{"line":107,"column":8},"end":{"line":109,"column":10}},"49":{"start":{"line":111,"column":8},"end":{"line":111,"column":20}},"50":{"start":{"line":116,"column":0},"end":{"line":122,"column":1}}},"fnMap":{"0":{"name":"(anonymous_0)","decl":{"start":{"line":6,"column":20},"end":{"line":6,"column":21}},"loc":{"start":{"line":6,"column":55},"end":{"line":26,"column":1}},"line":6},"1":{"name":"(anonymous_1)","decl":{"start":{"line":30,"column":21},"end":{"line":30,"column":22}},"loc":{"start":{"line":30,"column":56},"end":{"line":43,"column":1}},"line":30},"2":{"name":"(anonymous_2)","decl":{"start":{"line":45,"column":21},"end":{"line":45,"column":22}},"loc":{"start":{"line":45,"column":56},"end":{"line":63,"column":1}},"line":45},"3":{"name":"(anonymous_3)","decl":{"start":{"line":66,"column":24},"end":{"line":66,"column":25}},"loc":{"start":{"line":66,"column":59},"end":{"line":96,"column":1}},"line":66},"4":{"name":"handleUpdateEventData","decl":{"start":{"line":77,"column":27},"end":{"line":77,"column":48}},"loc":{"start":{"line":77,"column":60},"end":{"line":89,"column":13}},"line":77},"5":{"name":"(anonymous_5)","decl":{"start":{"line":99,"column":24},"end":{"line":99,"column":25}},"loc":{"start":{"line":99,"column":59},"end":{"line":113,"column":1}},"line":99}},"branchMap":{"0":{"loc":{"start":{"line":54,"column":8},"end":{"line":57,"column":9}},"type":"if","locations":[{"start":{"line":54,"column":8},"end":{"line":57,"column":9}},{"start":{},"end":{}}],"line":54},"1":{"loc":{"start":{"line":72,"column":8},"end":{"line":92,"column":9}},"type":"if","locations":[{"start":{"line":72,"column":8},"end":{"line":92,"column":9}},{"start":{"line":76,"column":15},"end":{"line":92,"column":9}}],"line":72},"2":{"loc":{"start":{"line":79,"column":29},"end":{"line":79,"column":47}},"type":"binary-expr","locations":[{"start":{"line":79,"column":29},"end":{"line":79,"column":33}},{"start":{"line":79,"column":37},"end":{"line":79,"column":47}}],"line":79},"3":{"loc":{"start":{"line":80,"column":30},"end":{"line":80,"column":50}},"type":"binary-expr","locations":[{"start":{"line":80,"column":30},"end":{"line":80,"column":35}},{"start":{"line":80,"column":39},"end":{"line":80,"column":50}}],"line":80},"4":{"loc":{"start":{"line":81,"column":30},"end":{"line":81,"column":50}},"type":"binary-expr","locations":[{"start":{"line":81,"column":30},"end":{"line":81,"column":35}},{"start":{"line":81,"column":39},"end":{"line":81,"column":50}}],"line":81},"5":{"loc":{"start":{"line":82,"column":29},"end":{"line":82,"column":47}},"type":"binary-expr","locations":[{"start":{"line":82,"column":29},"end":{"line":82,"column":33}},{"start":{"line":82,"column":37},"end":{"line":82,"column":47}}],"line":82},"6":{"loc":{"start":{"line":83,"column":30},"end":{"line":83,"column":50}},"type":"binary-expr","locations":[{"start":{"line":83,"column":30},"end":{"line":83,"column":35}},{"start":{"line":83,"column":39},"end":{"line":83,"column":50}}],"line":83},"7":{"loc":{"start":{"line":84,"column":31},"end":{"line":84,"column":53}},"type":"binary-expr","locations":[{"start":{"line":84,"column":31},"end":{"line":84,"column":37}},{"start":{"line":84,"column":41},"end":{"line":84,"column":53}}],"line":84},"8":{"loc":{"start":{"line":85,"column":35},"end":{"line":85,"column":65}},"type":"binary-expr","locations":[{"start":{"line":85,"column":35},"end":{"line":85,"column":45}},{"start":{"line":85,"column":49},"end":{"line":85,"column":65}}],"line":85},"9":{"loc":{"start":{"line":86,"column":32},"end":{"line":86,"column":56}},"type":"binary-expr","locations":[{"start":{"line":86,"column":32},"end":{"line":86,"column":39}},{"start":{"line":86,"column":43},"end":{"line":86,"column":56}}],"line":86},"10":{"loc":{"start":{"line":103,"column":8},"end":{"line":106,"column":9}},"type":"if","locations":[{"start":{"line":103,"column":8},"end":{"line":106,"column":9}},{"start":{},"end":{}}],"line":103}},"s":{"0":4,"1":4,"2":2,"3":2,"4":2,"5":2,"6":2,"7":0,"8":4,"9":3,"10":3,"11":2,"12":1,"13":4,"14":2,"15":2,"16":2,"17":0,"18":0,"19":2,"20":0,"21":4,"22":2,"23":2,"24":2,"25":2,"26":0,"27":0,"28":0,"29":2,"30":2,"31":2,"32":2,"33":2,"34":2,"35":2,"36":2,"37":2,"38":2,"39":0,"40":2,"41":0,"42":4,"43":0,"44":0,"45":0,"46":0,"47":0,"48":0,"49":0,"50":4},"f":{"0":2,"1":3,"2":2,"3":2,"4":2,"5":0},"b":{"0":[0,2],"1":[0,2],"2":[2,0],"3":[2,2],"4":[2,2],"5":[2,2],"6":[2,2],"7":[2,2],"8":[2,2],"9":[2,2],"10":[0,0]},"_coverageSchema":"1a1c01bbd47fc00a2c39e90264f33305004495a9","hash":"d8b9e96f3dae40ef88a9202b999b9ebc0558864f"}
,"/Users/naomimowbray/Documents/Coding/GROUP/NaomiMowbray_T3A2-B/igyb-back-end/src/controllers/functions/JwtFunctions.js": {"path":"/Users/naomimowbray/Documents/Coding/GROUP/NaomiMowbray_T3A2-B/igyb-back-end/src/controllers/functions/JwtFunctions.js","statementMap":{"0":{"start":{"line":1,"column":12},"end":{"line":1,"column":35}},"1":{"start":{"line":2,"column":15},"end":{"line":2,"column":32}},"2":{"start":{"line":3,"column":30},"end":{"line":3,"column":56}},"3":{"start":{"line":4,"column":41},"end":{"line":4,"column":73}},"4":{"start":{"line":5,"column":0},"end":{"line":5,"column":16}},"5":{"start":{"line":8,"column":14},"end":{"line":8,"column":33}},"6":{"start":{"line":11,"column":4},"end":{"line":11,"column":66}},"7":{"start":{"line":16,"column":28},"end":{"line":16,"column":70}},"8":{"start":{"line":17,"column":4},"end":{"line":17,"column":47}},"9":{"start":{"line":22,"column":22},"end":{"line":22,"column":70}},"10":{"start":{"line":23,"column":4},"end":{"line":23,"column":23}},"11":{"start":{"line":27,"column":22},"end":{"line":27,"column":40}},"12":{"start":{"line":28,"column":19},"end":{"line":28,"column":58}},"13":{"start":{"line":29,"column":20},"end":{"line":29,"column":62}},"14":{"start":{"line":30,"column":4},"end":{"line":36,"column":5}},"15":{"start":{"line":32,"column":8},"end":{"line":32,"column":58}},"16":{"start":{"line":35,"column":8},"end":{"line":35,"column":57}},"17":{"start":{"line":40,"column":22},"end":{"line":40,"column":40}},"18":{"start":{"line":41,"column":4},"end":{"line":41,"column":50}},"19":{"start":{"line":44,"column":0},"end":{"line":50,"column":1}}},"fnMap":{"0":{"name":"createJwt","decl":{"start":{"line":10,"column":9},"end":{"line":10,"column":18}},"loc":{"start":{"line":10,"column":34},"end":{"line":12,"column":1}},"line":10},"1":{"name":"createUserJwt","decl":{"start":{"line":15,"column":9},"end":{"line":15,"column":22}},"loc":{"start":{"line":15,"column":36},"end":{"line":18,"column":1}},"line":15},"2":{"name":"verifyJwt","decl":{"start":{"line":21,"column":9},"end":{"line":21,"column":18}},"loc":{"start":{"line":21,"column":28},"end":{"line":24,"column":1}},"line":21},"3":{"name":"verifyUserJwt","decl":{"start":{"line":26,"column":15},"end":{"line":26,"column":28}},"loc":{"start":{"line":26,"column":38},"end":{"line":37,"column":1}},"line":26},"4":{"name":"getUserDataFromJwt","decl":{"start":{"line":39,"column":15},"end":{"line":39,"column":33}},"loc":{"start":{"line":39,"column":43},"end":{"line":42,"column":1}},"line":39}},"branchMap":{"0":{"loc":{"start":{"line":30,"column":4},"end":{"line":36,"column":5}},"type":"if","locations":[{"start":{"line":30,"column":4},"end":{"line":36,"column":5}},{"start":{"line":33,"column":11},"end":{"line":36,"column":5}}],"line":30},"1":{"loc":{"start":{"line":30,"column":7},"end":{"line":30,"column":85}},"type":"binary-expr","locations":[{"start":{"line":30,"column":7},"end":{"line":30,"column":47}},{"start":{"line":30,"column":51},"end":{"line":30,"column":85}}],"line":30}},"s":{"0":4,"1":4,"2":4,"3":4,"4":4,"5":4,"6":40,"7":40,"8":40,"9":17,"10":17,"11":0,"12":0,"13":0,"14":0,"15":0,"16":0,"17":17,"18":17,"19":4},"f":{"0":40,"1":40,"2":17,"3":0,"4":17},"b":{"0":[0,0],"1":[0,0]},"_coverageSchema":"1a1c01bbd47fc00a2c39e90264f33305004495a9","hash":"d10d29f751f1f5781864584ff7cf4515da18987e"}
,"/Users/naomimowbray/Documents/Coding/GROUP/NaomiMowbray_T3A2-B/igyb-back-end/src/controllers/functions/PostFunctions.js": {"path":"/Users/naomimowbray/Documents/Coding/GROUP/NaomiMowbray_T3A2-B/igyb-back-end/src/controllers/functions/PostFunctions.js","statementMap":{"0":{"start":{"line":3,"column":17},"end":{"line":3,"column":50}},"1":{"start":{"line":4,"column":20},"end":{"line":4,"column":56}},"2":{"start":{"line":5,"column":21},"end":{"line":5,"column":38}},"3":{"start":{"line":9,"column":19},"end":{"line":26,"column":1}},"4":{"start":{"line":10,"column":4},"end":{"line":25,"column":5}},"5":{"start":{"line":11,"column":46},"end":{"line":11,"column":58}},"6":{"start":{"line":12,"column":21},"end":{"line":18,"column":10}},"7":{"start":{"line":20,"column":28},"end":{"line":20,"column":45}},"8":{"start":{"line":21,"column":8},"end":{"line":21,"column":42}},"9":{"start":{"line":24,"column":8},"end":{"line":24,"column":20}},"10":{"start":{"line":30,"column":19},"end":{"line":57,"column":1}},"11":{"start":{"line":31,"column":4},"end":{"line":56,"column":5}},"12":{"start":{"line":33,"column":21},"end":{"line":33,"column":59}},"13":{"start":{"line":35,"column":8},"end":{"line":51,"column":9}},"14":{"start":{"line":36,"column":26},"end":{"line":36,"column":57}},"15":{"start":{"line":37,"column":12},"end":{"line":37,"column":24}},"16":{"start":{"line":38,"column":12},"end":{"line":38,"column":19}},"17":{"start":{"line":41,"column":56},"end":{"line":41,"column":60}},"18":{"start":{"line":42,"column":16},"end":{"line":42,"column":49}},"19":{"start":{"line":43,"column":16},"end":{"line":43,"column":55}},"20":{"start":{"line":44,"column":16},"end":{"line":44,"column":46}},"21":{"start":{"line":45,"column":16},"end":{"line":45,"column":49}},"22":{"start":{"line":46,"column":36},"end":{"line":46,"column":53}},"23":{"start":{"line":47,"column":16},"end":{"line":47,"column":50}},"24":{"start":{"line":50,"column":12},"end":{"line":50,"column":47}},"25":{"start":{"line":55,"column":8},"end":{"line":55,"column":20}},"26":{"start":{"line":60,"column":19},"end":{"line":77,"column":1}},"27":{"start":{"line":61,"column":4},"end":{"line":76,"column":5}},"28":{"start":{"line":62,"column":29},"end":{"line":62,"column":84}},"29":{"start":{"line":64,"column":8},"end":{"line":67,"column":9}},"30":{"start":{"line":65,"column":26},"end":{"line":65,"column":57}},"31":{"start":{"line":66,"column":12},"end":{"line":66,"column":31}},"32":{"start":{"line":69,"column":8},"end":{"line":69,"column":61}},"33":{"start":{"line":71,"column":8},"end":{"line":73,"column":10}},"34":{"start":{"line":75,"column":8},"end":{"line":75,"column":20}},"35":{"start":{"line":80,"column":16},"end":{"line":110,"column":1}},"36":{"start":{"line":81,"column":4},"end":{"line":109,"column":5}},"37":{"start":{"line":82,"column":21},"end":{"line":99,"column":10}},"38":{"start":{"line":101,"column":8},"end":{"line":104,"column":9}},"39":{"start":{"line":102,"column":26},"end":{"line":102,"column":57}},"40":{"start":{"line":103,"column":12},"end":{"line":103,"column":31}},"41":{"start":{"line":106,"column":8},"end":{"line":106,"column":35}},"42":{"start":{"line":108,"column":8},"end":{"line":108,"column":20}},"43":{"start":{"line":112,"column":20},"end":{"line":125,"column":1}},"44":{"start":{"line":113,"column":4},"end":{"line":124,"column":5}},"45":{"start":{"line":114,"column":22},"end":{"line":119,"column":10}},"46":{"start":{"line":121,"column":8},"end":{"line":121,"column":29}},"47":{"start":{"line":123,"column":8},"end":{"line":123,"column":20}},"48":{"start":{"line":128,"column":0},"end":{"line":134,"column":1}}},"fnMap":{"0":{"name":"(anonymous_0)","decl":{"start":{"line":9,"column":19},"end":{"line":9,"column":20}},"loc":{"start":{"line":9,"column":54},"end":{"line":26,"column":1}},"line":9},"1":{"name":"(anonymous_1)","decl":{"start":{"line":30,"column":19},"end":{"line":30,"column":20}},"loc":{"start":{"line":30,"column":54},"end":{"line":57,"column":1}},"line":30},"2":{"name":"handleUpdatePostData","decl":{"start":{"line":40,"column":27},"end":{"line":40,"column":47}},"loc":{"start":{"line":40,"column":54},"end":{"line":48,"column":13}},"line":40},"3":{"name":"(anonymous_3)","decl":{"start":{"line":60,"column":19},"end":{"line":60,"column":20}},"loc":{"start":{"line":60,"column":54},"end":{"line":77,"column":1}},"line":60},"4":{"name":"(anonymous_4)","decl":{"start":{"line":80,"column":16},"end":{"line":80,"column":17}},"loc":{"start":{"line":80,"column":51},"end":{"line":110,"column":1}},"line":80},"5":{"name":"(anonymous_5)","decl":{"start":{"line":112,"column":20},"end":{"line":112,"column":21}},"loc":{"start":{"line":112,"column":55},"end":{"line":125,"column":1}},"line":112}},"branchMap":{"0":{"loc":{"start":{"line":35,"column":8},"end":{"line":51,"column":9}},"type":"if","locations":[{"start":{"line":35,"column":8},"end":{"line":51,"column":9}},{"start":{"line":39,"column":15},"end":{"line":51,"column":9}}],"line":35},"1":{"loc":{"start":{"line":42,"column":29},"end":{"line":42,"column":48}},"type":"binary-expr","locations":[{"start":{"line":42,"column":29},"end":{"line":42,"column":34}},{"start":{"line":42,"column":38},"end":{"line":42,"column":48}}],"line":42},"2":{"loc":{"start":{"line":43,"column":31},"end":{"line":43,"column":54}},"type":"binary-expr","locations":[{"start":{"line":43,"column":31},"end":{"line":43,"column":38}},{"start":{"line":43,"column":42},"end":{"line":43,"column":54}}],"line":43},"3":{"loc":{"start":{"line":44,"column":28},"end":{"line":44,"column":45}},"type":"binary-expr","locations":[{"start":{"line":44,"column":28},"end":{"line":44,"column":32}},{"start":{"line":44,"column":36},"end":{"line":44,"column":45}}],"line":44},"4":{"loc":{"start":{"line":45,"column":29},"end":{"line":45,"column":48}},"type":"binary-expr","locations":[{"start":{"line":45,"column":29},"end":{"line":45,"column":34}},{"start":{"line":45,"column":38},"end":{"line":45,"column":48}}],"line":45},"5":{"loc":{"start":{"line":64,"column":8},"end":{"line":67,"column":9}},"type":"if","locations":[{"start":{"line":64,"column":8},"end":{"line":67,"column":9}},{"start":{},"end":{}}],"line":64},"6":{"loc":{"start":{"line":101,"column":8},"end":{"line":104,"column":9}},"type":"if","locations":[{"start":{"line":101,"column":8},"end":{"line":104,"column":9}},{"start":{},"end":{}}],"line":101}},"s":{"0":4,"1":4,"2":4,"3":4,"4":1,"5":1,"6":1,"7":1,"8":1,"9":0,"10":4,"11":1,"12":1,"13":1,"14":0,"15":0,"16":0,"17":1,"18":1,"19":1,"20":1,"21":1,"22":1,"23":1,"24":1,"25":0,"26":4,"27":1,"28":1,"29":1,"30":0,"31":0,"32":1,"33":1,"34":0,"35":4,"36":1,"37":1,"38":1,"39":0,"40":0,"41":1,"42":0,"43":4,"44":2,"45":2,"46":1,"47":1,"48":4},"f":{"0":1,"1":1,"2":1,"3":1,"4":1,"5":2},"b":{"0":[0,1],"1":[1,0],"2":[1,1],"3":[1,1],"4":[1,1],"5":[0,1],"6":[0,1]},"_coverageSchema":"1a1c01bbd47fc00a2c39e90264f33305004495a9","hash":"152db70e8dbc092dfdcfff43e9940c499b2b7a0c"}
,"/Users/naomimowbray/Documents/Coding/GROUP/NaomiMowbray_T3A2-B/igyb-back-end/src/controllers/functions/RoleFunctions.js": {"path":"/Users/naomimowbray/Documents/Coding/GROUP/NaomiMowbray_T3A2-B/igyb-back-end/src/controllers/functions/RoleFunctions.js","statementMap":{"0":{"start":{"line":3,"column":17},"end":{"line":3,"column":50}},"1":{"start":{"line":4,"column":17},"end":{"line":4,"column":50}},"2":{"start":{"line":8,"column":4},"end":{"line":8,"column":31}},"3":{"start":{"line":16,"column":17},"end":{"line":16,"column":48}},"4":{"start":{"line":20,"column":4},"end":{"line":20,"column":50}},"5":{"start":{"line":24,"column":20},"end":{"line":24,"column":63}},"6":{"start":{"line":25,"column":4},"end":{"line":25,"column":35}},"7":{"start":{"line":29,"column":20},"end":{"line":29,"column":60}},"8":{"start":{"line":30,"column":4},"end":{"line":30,"column":25}},"9":{"start":{"line":34,"column":0},"end":{"line":39,"column":1}}},"fnMap":{"0":{"name":"getAllRoles","decl":{"start":{"line":7,"column":15},"end":{"line":7,"column":26}},"loc":{"start":{"line":7,"column":28},"end":{"line":9,"column":1}},"line":7},"1":{"name":"getUsersWithRole","decl":{"start":{"line":13,"column":15},"end":{"line":13,"column":31}},"loc":{"start":{"line":13,"column":41},"end":{"line":21,"column":1}},"line":13},"2":{"name":"getRoleIdByName","decl":{"start":{"line":23,"column":15},"end":{"line":23,"column":30}},"loc":{"start":{"line":23,"column":40},"end":{"line":26,"column":1}},"line":23},"3":{"name":"getRoleNameById","decl":{"start":{"line":28,"column":15},"end":{"line":28,"column":30}},"loc":{"start":{"line":28,"column":38},"end":{"line":31,"column":1}},"line":28}},"branchMap":{},"s":{"0":4,"1":4,"2":0,"3":0,"4":0,"5":3,"6":2,"7":1,"8":1,"9":4},"f":{"0":0,"1":0,"2":3,"3":1},"b":{},"_coverageSchema":"1a1c01bbd47fc00a2c39e90264f33305004495a9","hash":"b600317a75610178a17eefb2def816979cacf0bc"}
,"/Users/naomimowbray/Documents/Coding/GROUP/NaomiMowbray_T3A2-B/igyb-back-end/src/controllers/functions/UserFunctions.js": {"path":"/Users/naomimowbray/Documents/Coding/GROUP/NaomiMowbray_T3A2-B/igyb-back-end/src/controllers/functions/UserFunctions.js","statementMap":{"0":{"start":{"line":3,"column":17},"end":{"line":3,"column":50}},"1":{"start":{"line":4,"column":23},"end":{"line":4,"column":55}},"2":{"start":{"line":5,"column":28},"end":{"line":5,"column":54}},"3":{"start":{"line":12,"column":4},"end":{"line":12,"column":65}},"4":{"start":{"line":14,"column":4},"end":{"line":14,"column":82}},"5":{"start":{"line":15,"column":4},"end":{"line":15,"column":41}},"6":{"start":{"line":21,"column":4},"end":{"line":21,"column":61}},"7":{"start":{"line":27,"column":4},"end":{"line":27,"column":75}},"8":{"start":{"line":32,"column":4},"end":{"line":32,"column":62}},"9":{"start":{"line":37,"column":4},"end":{"line":37,"column":121}},"10":{"start":{"line":42,"column":4},"end":{"line":42,"column":54}},"11":{"start":{"line":46,"column":0},"end":{"line":53,"column":1}}},"fnMap":{"0":{"name":"createNewUser","decl":{"start":{"line":10,"column":15},"end":{"line":10,"column":28}},"loc":{"start":{"line":10,"column":41},"end":{"line":16,"column":1}},"line":10},"1":{"name":"getAllUsers","decl":{"start":{"line":20,"column":15},"end":{"line":20,"column":26}},"loc":{"start":{"line":20,"column":28},"end":{"line":23,"column":1}},"line":20},"2":{"name":"getUserByUsername","decl":{"start":{"line":25,"column":15},"end":{"line":25,"column":32}},"loc":{"start":{"line":25,"column":42},"end":{"line":28,"column":1}},"line":25},"3":{"name":"getUserById","decl":{"start":{"line":30,"column":15},"end":{"line":30,"column":26}},"loc":{"start":{"line":30,"column":34},"end":{"line":33,"column":1}},"line":30},"4":{"name":"updateUserById","decl":{"start":{"line":36,"column":15},"end":{"line":36,"column":29}},"loc":{"start":{"line":36,"column":54},"end":{"line":38,"column":1}},"line":36},"5":{"name":"deleteUserById","decl":{"start":{"line":41,"column":15},"end":{"line":41,"column":29}},"loc":{"start":{"line":41,"column":37},"end":{"line":43,"column":1}},"line":41}},"branchMap":{"0":{"loc":{"start":{"line":14,"column":4},"end":{"line":14,"column":82}},"type":"cond-expr","locations":[{"start":{"line":14,"column":24},"end":{"line":14,"column":77}},{"start":{"line":14,"column":80},"end":{"line":14,"column":82}}],"line":14}},"s":{"0":4,"1":4,"2":4,"3":3,"4":3,"5":2,"6":1,"7":46,"8":0,"9":0,"10":0,"11":4},"f":{"0":3,"1":1,"2":46,"3":0,"4":0,"5":0},"b":{"0":[2,1]},"_coverageSchema":"1a1c01bbd47fc00a2c39e90264f33305004495a9","hash":"5717035cd59c3059c77719a08a2d0896b1e4794f"}
,"/Users/naomimowbray/Documents/Coding/GROUP/NaomiMowbray_T3A2-B/igyb-back-end/src/controllers/middleware/authMiddleware.js": {"path":"/Users/naomimowbray/Documents/Coding/GROUP/NaomiMowbray_T3A2-B/igyb-back-end/src/controllers/middleware/authMiddleware.js","statementMap":{"0":{"start":{"line":2,"column":58},"end":{"line":2,"column":95}},"1":{"start":{"line":3,"column":46},"end":{"line":3,"column":82}},"2":{"start":{"line":4,"column":28},"end":{"line":4,"column":65}},"3":{"start":{"line":5,"column":30},"end":{"line":5,"column":73}},"4":{"start":{"line":12,"column":28},"end":{"line":34,"column":1}},"5":{"start":{"line":13,"column":4},"end":{"line":33,"column":5}},"6":{"start":{"line":15,"column":8},"end":{"line":18,"column":9}},"7":{"start":{"line":16,"column":12},"end":{"line":16,"column":33}},"8":{"start":{"line":17,"column":12},"end":{"line":17,"column":50}},"9":{"start":{"line":20,"column":23},"end":{"line":20,"column":77}},"10":{"start":{"line":23,"column":8},"end":{"line":23,"column":46}},"11":{"start":{"line":24,"column":8},"end":{"line":24,"column":53}},"12":{"start":{"line":25,"column":8},"end":{"line":25,"column":94}},"13":{"start":{"line":26,"column":8},"end":{"line":26,"column":72}},"14":{"start":{"line":27,"column":8},"end":{"line":27,"column":59}},"15":{"start":{"line":29,"column":8},"end":{"line":29,"column":15}},"16":{"start":{"line":32,"column":8},"end":{"line":32,"column":20}},"17":{"start":{"line":38,"column":31},"end":{"line":58,"column":1}},"18":{"start":{"line":39,"column":4},"end":{"line":57,"column":5}},"19":{"start":{"line":41,"column":8},"end":{"line":43,"column":9}},"20":{"start":{"line":42,"column":12},"end":{"line":42,"column":84}},"21":{"start":{"line":44,"column":8},"end":{"line":54,"column":9}},"22":{"start":{"line":50,"column":12},"end":{"line":50,"column":19}},"23":{"start":{"line":52,"column":12},"end":{"line":52,"column":33}},"24":{"start":{"line":53,"column":12},"end":{"line":53,"column":75}},"25":{"start":{"line":56,"column":8},"end":{"line":56,"column":20}},"26":{"start":{"line":61,"column":23},"end":{"line":78,"column":1}},"27":{"start":{"line":62,"column":4},"end":{"line":77,"column":5}},"28":{"start":{"line":64,"column":8},"end":{"line":66,"column":9}},"29":{"start":{"line":65,"column":12},"end":{"line":65,"column":84}},"30":{"start":{"line":68,"column":8},"end":{"line":74,"column":9}},"31":{"start":{"line":69,"column":12},"end":{"line":69,"column":19}},"32":{"start":{"line":72,"column":12},"end":{"line":72,"column":33}},"33":{"start":{"line":73,"column":12},"end":{"line":73,"column":75}},"34":{"start":{"line":76,"column":8},"end":{"line":76,"column":20}},"35":{"start":{"line":80,"column":0},"end":{"line":84,"column":2}}},"fnMap":{"0":{"name":"(anonymous_0)","decl":{"start":{"line":12,"column":28},"end":{"line":12,"column":29}},"loc":{"start":{"line":12,"column":63},"end":{"line":34,"column":1}},"line":12},"1":{"name":"(anonymous_1)","decl":{"start":{"line":38,"column":31},"end":{"line":38,"column":32}},"loc":{"start":{"line":38,"column":66},"end":{"line":58,"column":1}},"line":38},"2":{"name":"(anonymous_2)","decl":{"start":{"line":61,"column":23},"end":{"line":61,"column":24}},"loc":{"start":{"line":61,"column":58},"end":{"line":78,"column":1}},"line":61}},"branchMap":{"0":{"loc":{"start":{"line":15,"column":8},"end":{"line":18,"column":9}},"type":"if","locations":[{"start":{"line":15,"column":8},"end":{"line":18,"column":9}},{"start":{},"end":{}}],"line":15},"1":{"loc":{"start":{"line":25,"column":35},"end":{"line":25,"column":93}},"type":"binary-expr","locations":[{"start":{"line":25,"column":35},"end":{"line":25,"column":53}},{"start":{"line":25,"column":57},"end":{"line":25,"column":93}}],"line":25},"2":{"loc":{"start":{"line":26,"column":37},"end":{"line":26,"column":71}},"type":"binary-expr","locations":[{"start":{"line":26,"column":37},"end":{"line":26,"column":54}},{"start":{"line":26,"column":58},"end":{"line":26,"column":71}}],"line":26},"3":{"loc":{"start":{"line":41,"column":8},"end":{"line":43,"column":9}},"type":"if","locations":[{"start":{"line":41,"column":8},"end":{"line":43,"column":9}},{"start":{},"end":{}}],"line":41},"4":{"loc":{"start":{"line":41,"column":12},"end":{"line":41,"column":97}},"type":"binary-expr","locations":[{"start":{"line":41,"column":12},"end":{"line":41,"column":35}},{"start":{"line":41,"column":39},"end":{"line":41,"column":64}},{"start":{"line":41,"column":68},"end":{"line":41,"column":97}}],"line":41},"5":{"loc":{"start":{"line":44,"column":8},"end":{"line":54,"column":9}},"type":"if","locations":[{"start":{"line":44,"column":8},"end":{"line":54,"column":9}},{"start":{"line":51,"column":15},"end":{"line":54,"column":9}}],"line":44},"6":{"loc":{"start":{"line":46,"column":12},"end":{"line":48,"column":50}},"type":"binary-expr","locations":[{"start":{"line":46,"column":12},"end":{"line":46,"column":62}},{"start":{"line":48,"column":12},"end":{"line":48,"column":50}}],"line":46},"7":{"loc":{"start":{"line":64,"column":8},"end":{"line":66,"column":9}},"type":"if","locations":[{"start":{"line":64,"column":8},"end":{"line":66,"column":9}},{"start":{},"end":{}}],"line":64},"8":{"loc":{"start":{"line":68,"column":8},"end":{"line":74,"column":9}},"type":"if","locations":[{"start":{"line":68,"column":8},"end":{"line":74,"column":9}},{"start":{"line":70,"column":15},"end":{"line":74,"column":9}}],"line":68}},"s":{"0":4,"1":4,"2":4,"3":4,"4":4,"5":26,"6":26,"7":9,"8":9,"9":17,"10":17,"11":17,"12":17,"13":17,"14":17,"15":17,"16":9,"17":4,"18":11,"19":11,"20":0,"21":11,"22":8,"23":3,"24":3,"25":3,"26":4,"27":1,"28":1,"29":0,"30":1,"31":1,"32":0,"33":0,"34":0,"35":4},"f":{"0":26,"1":11,"2":1},"b":{"0":[9,17],"1":[17,0],"2":[17,0],"3":[0,11],"4":[11,11,11],"5":[8,3],"6":[11,3],"7":[0,1],"8":[1,0]},"_coverageSchema":"1a1c01bbd47fc00a2c39e90264f33305004495a9","hash":"d197197fb935df5c9be5407d6ad235dc053c41f6"}
,"/Users/naomimowbray/Documents/Coding/GROUP/NaomiMowbray_T3A2-B/igyb-back-end/src/controllers/middleware/errorMiddleware.js": {"path":"/Users/naomimowbray/Documents/Coding/GROUP/NaomiMowbray_T3A2-B/igyb-back-end/src/controllers/middleware/errorMiddleware.js","statementMap":{"0":{"start":{"line":2,"column":61},"end":{"line":2,"column":99}},"1":{"start":{"line":6,"column":22},"end":{"line":19,"column":1}},"2":{"start":{"line":7,"column":4},"end":{"line":18,"column":5}},"3":{"start":{"line":9,"column":27},"end":{"line":9,"column":61}},"4":{"start":{"line":11,"column":8},"end":{"line":11,"column":44}},"5":{"start":{"line":12,"column":8},"end":{"line":12,"column":51}},"6":{"start":{"line":14,"column":8},"end":{"line":14,"column":15}},"7":{"start":{"line":17,"column":8},"end":{"line":17,"column":27}},"8":{"start":{"line":22,"column":20},"end":{"line":30,"column":1}},"9":{"start":{"line":23,"column":4},"end":{"line":29,"column":5}},"10":{"start":{"line":24,"column":27},"end":{"line":24,"column":86}},"11":{"start":{"line":25,"column":8},"end":{"line":25,"column":61}},"12":{"start":{"line":26,"column":8},"end":{"line":26,"column":14}},"13":{"start":{"line":28,"column":8},"end":{"line":28,"column":19}},"14":{"start":{"line":33,"column":20},"end":{"line":41,"column":1}},"15":{"start":{"line":34,"column":4},"end":{"line":40,"column":5}},"16":{"start":{"line":35,"column":27},"end":{"line":35,"column":72}},"17":{"start":{"line":36,"column":8},"end":{"line":36,"column":60}},"18":{"start":{"line":37,"column":8},"end":{"line":37,"column":14}},"19":{"start":{"line":39,"column":8},"end":{"line":39,"column":19}},"20":{"start":{"line":45,"column":0},"end":{"line":49,"column":1}}},"fnMap":{"0":{"name":"(anonymous_0)","decl":{"start":{"line":6,"column":22},"end":{"line":6,"column":23}},"loc":{"start":{"line":6,"column":57},"end":{"line":19,"column":1}},"line":6},"1":{"name":"(anonymous_1)","decl":{"start":{"line":22,"column":20},"end":{"line":22,"column":21}},"loc":{"start":{"line":22,"column":55},"end":{"line":30,"column":1}},"line":22},"2":{"name":"(anonymous_2)","decl":{"start":{"line":33,"column":20},"end":{"line":33,"column":21}},"loc":{"start":{"line":33,"column":55},"end":{"line":41,"column":1}},"line":33}},"branchMap":{},"s":{"0":4,"1":4,"2":0,"3":0,"4":0,"5":0,"6":0,"7":0,"8":4,"9":0,"10":0,"11":0,"12":0,"13":0,"14":4,"15":0,"16":0,"17":0,"18":0,"19":0,"20":4},"f":{"0":0,"1":0,"2":0},"b":{},"_coverageSchema":"1a1c01bbd47fc00a2c39e90264f33305004495a9","hash":"f0482de6fe1bf0a9d4e80bc2a4a424d93300d3e0"}
,"/Users/naomimowbray/Documents/Coding/GROUP/NaomiMowbray_T3A2-B/igyb-back-end/src/controllers/middleware/userMiddleware.js": {"path":"/Users/naomimowbray/Documents/Coding/GROUP/NaomiMowbray_T3A2-B/igyb-back-end/src/controllers/middleware/userMiddleware.js","statementMap":{"0":{"start":{"line":2,"column":90},"end":{"line":2,"column":127}},"1":{"start":{"line":3,"column":46},"end":{"line":3,"column":82}},"2":{"start":{"line":4,"column":28},"end":{"line":4,"column":65}},"3":{"start":{"line":5,"column":42},"end":{"line":5,"column":85}},"4":{"start":{"line":12,"column":14},"end":{"line":45,"column":1}},"5":{"start":{"line":13,"column":4},"end":{"line":44,"column":5}},"6":{"start":{"line":15,"column":8},"end":{"line":17,"column":9}},"7":{"start":{"line":16,"column":12},"end":{"line":16,"column":66}},"8":{"start":{"line":19,"column":23},"end":{"line":19,"column":35}},"9":{"start":{"line":20,"column":25},"end":{"line":20,"column":67}},"10":{"start":{"line":23,"column":8},"end":{"line":26,"column":9}},"11":{"start":{"line":24,"column":12},"end":{"line":24,"column":33}},"12":{"start":{"line":25,"column":12},"end":{"line":25,"column":52}},"13":{"start":{"line":29,"column":8},"end":{"line":32,"column":9}},"14":{"start":{"line":30,"column":12},"end":{"line":30,"column":33}},"15":{"start":{"line":31,"column":12},"end":{"line":31,"column":50}},"16":{"start":{"line":36,"column":8},"end":{"line":36,"column":56}},"17":{"start":{"line":37,"column":8},"end":{"line":37,"column":53}},"18":{"start":{"line":38,"column":8},"end":{"line":38,"column":51}},"19":{"start":{"line":40,"column":8},"end":{"line":40,"column":15}},"20":{"start":{"line":43,"column":8},"end":{"line":43,"column":20}},"21":{"start":{"line":48,"column":23},"end":{"line":70,"column":1}},"22":{"start":{"line":49,"column":4},"end":{"line":69,"column":5}},"23":{"start":{"line":51,"column":8},"end":{"line":53,"column":9}},"24":{"start":{"line":52,"column":12},"end":{"line":52,"column":93}},"25":{"start":{"line":55,"column":23},"end":{"line":55,"column":33}},"26":{"start":{"line":56,"column":21},"end":{"line":56,"column":29}},"27":{"start":{"line":59,"column":8},"end":{"line":61,"column":9}},"28":{"start":{"line":60,"column":12},"end":{"line":60,"column":23}},"29":{"start":{"line":63,"column":8},"end":{"line":63,"column":97}},"30":{"start":{"line":65,"column":8},"end":{"line":65,"column":15}},"31":{"start":{"line":68,"column":8},"end":{"line":68,"column":20}},"32":{"start":{"line":74,"column":24},"end":{"line":105,"column":1}},"33":{"start":{"line":75,"column":4},"end":{"line":104,"column":5}},"34":{"start":{"line":77,"column":8},"end":{"line":81,"column":9}},"35":{"start":{"line":78,"column":12},"end":{"line":80,"column":14}},"36":{"start":{"line":84,"column":23},"end":{"line":84,"column":77}},"37":{"start":{"line":87,"column":25},"end":{"line":87,"column":56}},"38":{"start":{"line":91,"column":8},"end":{"line":93,"column":9}},"39":{"start":{"line":92,"column":12},"end":{"line":92,"column":86}},"40":{"start":{"line":96,"column":8},"end":{"line":96,"column":46}},"41":{"start":{"line":97,"column":8},"end":{"line":97,"column":53}},"42":{"start":{"line":98,"column":8},"end":{"line":98,"column":88}},"43":{"start":{"line":100,"column":8},"end":{"line":100,"column":14}},"44":{"start":{"line":103,"column":8},"end":{"line":103,"column":19}},"45":{"start":{"line":109,"column":19},"end":{"line":116,"column":1}},"46":{"start":{"line":110,"column":4},"end":{"line":115,"column":5}},"47":{"start":{"line":111,"column":8},"end":{"line":111,"column":116}},"48":{"start":{"line":112,"column":8},"end":{"line":112,"column":14}},"49":{"start":{"line":114,"column":8},"end":{"line":114,"column":19}},"50":{"start":{"line":119,"column":15},"end":{"line":122,"column":1}},"51":{"start":{"line":120,"column":4},"end":{"line":120,"column":34}},"52":{"start":{"line":121,"column":4},"end":{"line":121,"column":11}},"53":{"start":{"line":125,"column":21},"end":{"line":140,"column":1}},"54":{"start":{"line":126,"column":4},"end":{"line":139,"column":5}},"55":{"start":{"line":128,"column":27},"end":{"line":128,"column":60}},"56":{"start":{"line":130,"column":8},"end":{"line":130,"column":44}},"57":{"start":{"line":131,"column":8},"end":{"line":131,"column":58}},"58":{"start":{"line":132,"column":8},"end":{"line":132,"column":57}},"59":{"start":{"line":133,"column":8},"end":{"line":133,"column":72}},"60":{"start":{"line":135,"column":8},"end":{"line":135,"column":15}},"61":{"start":{"line":138,"column":8},"end":{"line":138,"column":27}},"62":{"start":{"line":143,"column":19},"end":{"line":151,"column":1}},"63":{"start":{"line":144,"column":4},"end":{"line":150,"column":5}},"64":{"start":{"line":145,"column":26},"end":{"line":145,"column":71}},"65":{"start":{"line":146,"column":8},"end":{"line":146,"column":61}},"66":{"start":{"line":147,"column":8},"end":{"line":147,"column":14}},"67":{"start":{"line":149,"column":8},"end":{"line":149,"column":19}},"68":{"start":{"line":153,"column":19},"end":{"line":165,"column":1}},"69":{"start":{"line":154,"column":4},"end":{"line":164,"column":5}},"70":{"start":{"line":155,"column":8},"end":{"line":157,"column":9}},"71":{"start":{"line":156,"column":12},"end":{"line":156,"column":75}},"72":{"start":{"line":158,"column":26},"end":{"line":158,"column":85}},"73":{"start":{"line":159,"column":8},"end":{"line":159,"column":48}},"74":{"start":{"line":160,"column":8},"end":{"line":160,"column":56}},"75":{"start":{"line":161,"column":8},"end":{"line":161,"column":14}},"76":{"start":{"line":163,"column":8},"end":{"line":163,"column":19}},"77":{"start":{"line":167,"column":16},"end":{"line":178,"column":1}},"78":{"start":{"line":168,"column":4},"end":{"line":177,"column":5}},"79":{"start":{"line":169,"column":19},"end":{"line":169,"column":67}},"80":{"start":{"line":170,"column":27},"end":{"line":170,"column":41}},"81":{"start":{"line":171,"column":8},"end":{"line":171,"column":37}},"82":{"start":{"line":172,"column":8},"end":{"line":172,"column":32}},"83":{"start":{"line":173,"column":8},"end":{"line":173,"column":43}},"84":{"start":{"line":174,"column":8},"end":{"line":174,"column":14}},"85":{"start":{"line":176,"column":8},"end":{"line":176,"column":19}},"86":{"start":{"line":180,"column":0},"end":{"line":190,"column":2}}},"fnMap":{"0":{"name":"(anonymous_0)","decl":{"start":{"line":12,"column":14},"end":{"line":12,"column":15}},"loc":{"start":{"line":12,"column":49},"end":{"line":45,"column":1}},"line":12},"1":{"name":"(anonymous_1)","decl":{"start":{"line":48,"column":23},"end":{"line":48,"column":24}},"loc":{"start":{"line":48,"column":58},"end":{"line":70,"column":1}},"line":48},"2":{"name":"(anonymous_2)","decl":{"start":{"line":74,"column":24},"end":{"line":74,"column":25}},"loc":{"start":{"line":74,"column":58},"end":{"line":105,"column":1}},"line":74},"3":{"name":"(anonymous_3)","decl":{"start":{"line":109,"column":19},"end":{"line":109,"column":20}},"loc":{"start":{"line":109,"column":54},"end":{"line":116,"column":1}},"line":109},"4":{"name":"(anonymous_4)","decl":{"start":{"line":119,"column":15},"end":{"line":119,"column":16}},"loc":{"start":{"line":119,"column":50},"end":{"line":122,"column":1}},"line":119},"5":{"name":"(anonymous_5)","decl":{"start":{"line":125,"column":21},"end":{"line":125,"column":22}},"loc":{"start":{"line":125,"column":56},"end":{"line":140,"column":1}},"line":125},"6":{"name":"(anonymous_6)","decl":{"start":{"line":143,"column":19},"end":{"line":143,"column":20}},"loc":{"start":{"line":143,"column":54},"end":{"line":151,"column":1}},"line":143},"7":{"name":"(anonymous_7)","decl":{"start":{"line":153,"column":19},"end":{"line":153,"column":20}},"loc":{"start":{"line":153,"column":54},"end":{"line":165,"column":1}},"line":153},"8":{"name":"(anonymous_8)","decl":{"start":{"line":167,"column":16},"end":{"line":167,"column":17}},"loc":{"start":{"line":167,"column":51},"end":{"line":178,"column":1}},"line":167}},"branchMap":{"0":{"loc":{"start":{"line":15,"column":8},"end":{"line":17,"column":9}},"type":"if","locations":[{"start":{"line":15,"column":8},"end":{"line":17,"column":9}},{"start":{},"end":{}}],"line":15},"1":{"loc":{"start":{"line":15,"column":12},"end":{"line":15,"column":60}},"type":"binary-expr","locations":[{"start":{"line":15,"column":12},"end":{"line":15,"column":34}},{"start":{"line":15,"column":38},"end":{"line":15,"column":60}}],"line":15},"2":{"loc":{"start":{"line":23,"column":8},"end":{"line":26,"column":9}},"type":"if","locations":[{"start":{"line":23,"column":8},"end":{"line":26,"column":9}},{"start":{},"end":{}}],"line":23},"3":{"loc":{"start":{"line":29,"column":8},"end":{"line":32,"column":9}},"type":"if","locations":[{"start":{"line":29,"column":8},"end":{"line":32,"column":9}},{"start":{},"end":{}}],"line":29},"4":{"loc":{"start":{"line":51,"column":8},"end":{"line":53,"column":9}},"type":"if","locations":[{"start":{"line":51,"column":8},"end":{"line":53,"column":9}},{"start":{},"end":{}}],"line":51},"5":{"loc":{"start":{"line":59,"column":8},"end":{"line":61,"column":9}},"type":"if","locations":[{"start":{"line":59,"column":8},"end":{"line":61,"column":9}},{"start":{},"end":{}}],"line":59},"6":{"loc":{"start":{"line":77,"column":8},"end":{"line":81,"column":9}},"type":"if","locations":[{"start":{"line":77,"column":8},"end":{"line":81,"column":9}},{"start":{},"end":{}}],"line":77},"7":{"loc":{"start":{"line":91,"column":8},"end":{"line":93,"column":9}},"type":"if","locations":[{"start":{"line":91,"column":8},"end":{"line":93,"column":9}},{"start":{},"end":{}}],"line":91},"8":{"loc":{"start":{"line":91,"column":12},"end":{"line":91,"column":68}},"type":"binary-expr","locations":[{"start":{"line":91,"column":12},"end":{"line":91,"column":23}},{"start":{"line":91,"column":27},"end":{"line":91,"column":68}}],"line":91},"9":{"loc":{"start":{"line":98,"column":35},"end":{"line":98,"column":87}},"type":"binary-expr","locations":[{"start":{"line":98,"column":35},"end":{"line":98,"column":53}},{"start":{"line":98,"column":57},"end":{"line":98,"column":87}}],"line":98},"10":{"loc":{"start":{"line":111,"column":8},"end":{"line":111,"column":116}},"type":"cond-expr","locations":[{"start":{"line":111,"column":33},"end":{"line":111,"column":81}},{"start":{"line":111,"column":84},"end":{"line":111,"column":116}}],"line":111},"11":{"loc":{"start":{"line":155,"column":8},"end":{"line":157,"column":9}},"type":"if","locations":[{"start":{"line":155,"column":8},"end":{"line":157,"column":9}},{"start":{},"end":{}}],"line":155}},"s":{"0":4,"1":4,"2":4,"3":4,"4":4,"5":46,"6":46,"7":0,"8":46,"9":46,"10":40,"11":1,"12":1,"13":39,"14":0,"15":0,"16":39,"17":39,"18":39,"19":39,"20":7,"21":4,"22":40,"23":40,"24":0,"25":40,"26":40,"27":40,"28":0,"29":40,"30":40,"31":0,"32":4,"33":0,"34":0,"35":0,"36":0,"37":0,"38":0,"39":0,"40":0,"41":0,"42":0,"43":0,"44":0,"45":4,"46":0,"47":0,"48":0,"49":0,"50":4,"51":0,"52":0,"53":4,"54":3,"55":3,"56":1,"57":1,"58":1,"59":1,"60":1,"61":2,"62":4,"63":0,"64":0,"65":0,"66":0,"67":0,"68":4,"69":0,"70":0,"71":0,"72":0,"73":0,"74":0,"75":0,"76":0,"77":4,"78":0,"79":0,"80":0,"81":0,"82":0,"83":0,"84":0,"85":0,"86":4},"f":{"0":46,"1":40,"2":0,"3":0,"4":0,"5":3,"6":0,"7":0,"8":0},"b":{"0":[0,46],"1":[46,46],"2":[1,39],"3":[0,39],"4":[0,40],"5":[0,40],"6":[0,0],"7":[0,0],"8":[0,0],"9":[0,0],"10":[0,0],"11":[0,0]},"_coverageSchema":"1a1c01bbd47fc00a2c39e90264f33305004495a9","hash":"31bba44c9d63250f9b07a2c65517aac98f9bc954"}
,"/Users/naomimowbray/Documents/Coding/GROUP/NaomiMowbray_T3A2-B/igyb-back-end/src/models/CommentModel.js": {"path":"/Users/naomimowbray/Documents/Coding/GROUP/NaomiMowbray_T3A2-B/igyb-back-end/src/models/CommentModel.js","statementMap":{"0":{"start":{"line":1,"column":17},"end":{"line":1,"column":36}},"1":{"start":{"line":2,"column":14},"end":{"line":2,"column":30}},"2":{"start":{"line":5,"column":22},"end":{"line":27,"column":1}},"3":{"start":{"line":30,"column":0},"end":{"line":33,"column":3}},"4":{"start":{"line":32,"column":4},"end":{"line":32,"column":11}},"5":{"start":{"line":36,"column":0},"end":{"line":36,"column":49}},"6":{"start":{"line":37,"column":0},"end":{"line":37,"column":47}},"7":{"start":{"line":39,"column":0},"end":{"line":41,"column":3}},"8":{"start":{"line":40,"column":4},"end":{"line":40,"column":45}},"9":{"start":{"line":43,"column":16},"end":{"line":43,"column":56}},"10":{"start":{"line":44,"column":0},"end":{"line":44,"column":29}}},"fnMap":{"0":{"name":"(anonymous_0)","decl":{"start":{"line":30,"column":26},"end":{"line":30,"column":27}},"loc":{"start":{"line":30,"column":42},"end":{"line":33,"column":1}},"line":30},"1":{"name":"(anonymous_1)","decl":{"start":{"line":39,"column":31},"end":{"line":39,"column":32}},"loc":{"start":{"line":39,"column":48},"end":{"line":41,"column":1}},"line":39}},"branchMap":{},"s":{"0":4,"1":4,"2":4,"3":4,"4":4,"5":4,"6":4,"7":4,"8":4,"9":4,"10":4},"f":{"0":4,"1":4},"b":{},"_coverageSchema":"1a1c01bbd47fc00a2c39e90264f33305004495a9","hash":"bfaeda0a4744773b65e2a5c00d2b7691bad75746"}
,"/Users/naomimowbray/Documents/Coding/GROUP/NaomiMowbray_T3A2-B/igyb-back-end/src/models/EventModel.js": {"path":"/Users/naomimowbray/Documents/Coding/GROUP/NaomiMowbray_T3A2-B/igyb-back-end/src/models/EventModel.js","statementMap":{"0":{"start":{"line":1,"column":17},"end":{"line":1,"column":36}},"1":{"start":{"line":2,"column":14},"end":{"line":2,"column":30}},"2":{"start":{"line":5,"column":20},"end":{"line":35,"column":2}},"3":{"start":{"line":13,"column":12},"end":{"line":15,"column":13}},"4":{"start":{"line":14,"column":12},"end":{"line":14,"column":24}},"5":{"start":{"line":16,"column":12},"end":{"line":16,"column":65}},"6":{"start":{"line":18,"column":28},"end":{"line":18,"column":68}},"7":{"start":{"line":24,"column":12},"end":{"line":26,"column":13}},"8":{"start":{"line":25,"column":12},"end":{"line":25,"column":24}},"9":{"start":{"line":27,"column":12},"end":{"line":27,"column":65}},"10":{"start":{"line":29,"column":28},"end":{"line":29,"column":68}},"11":{"start":{"line":38,"column":0},"end":{"line":41,"column":3}},"12":{"start":{"line":40,"column":4},"end":{"line":40,"column":11}},"13":{"start":{"line":44,"column":0},"end":{"line":44,"column":47}},"14":{"start":{"line":45,"column":0},"end":{"line":45,"column":45}},"15":{"start":{"line":47,"column":0},"end":{"line":49,"column":3}},"16":{"start":{"line":48,"column":4},"end":{"line":48,"column":45}},"17":{"start":{"line":51,"column":14},"end":{"line":51,"column":50}},"18":{"start":{"line":53,"column":0},"end":{"line":53,"column":27}}},"fnMap":{"0":{"name":"(anonymous_0)","decl":{"start":{"line":12,"column":19},"end":{"line":12,"column":20}},"loc":{"start":{"line":12,"column":32},"end":{"line":17,"column":9}},"line":12},"1":{"name":"(anonymous_1)","decl":{"start":{"line":18,"column":17},"end":{"line":18,"column":18}},"loc":{"start":{"line":18,"column":28},"end":{"line":18,"column":68}},"line":18},"2":{"name":"(anonymous_2)","decl":{"start":{"line":23,"column":19},"end":{"line":23,"column":20}},"loc":{"start":{"line":23,"column":32},"end":{"line":28,"column":9}},"line":23},"3":{"name":"(anonymous_3)","decl":{"start":{"line":29,"column":17},"end":{"line":29,"column":18}},"loc":{"start":{"line":29,"column":28},"end":{"line":29,"column":68}},"line":29},"4":{"name":"(anonymous_4)","decl":{"start":{"line":38,"column":24},"end":{"line":38,"column":25}},"loc":{"start":{"line":38,"column":40},"end":{"line":41,"column":1}},"line":38},"5":{"name":"(anonymous_5)","decl":{"start":{"line":47,"column":29},"end":{"line":47,"column":30}},"loc":{"start":{"line":47,"column":46},"end":{"line":49,"column":1}},"line":47}},"branchMap":{"0":{"loc":{"start":{"line":13,"column":12},"end":{"line":15,"column":13}},"type":"if","locations":[{"start":{"line":13,"column":12},"end":{"line":15,"column":13}},{"start":{},"end":{}}],"line":13},"1":{"loc":{"start":{"line":24,"column":12},"end":{"line":26,"column":13}},"type":"if","locations":[{"start":{"line":24,"column":12},"end":{"line":26,"column":13}},{"start":{},"end":{}}],"line":24}},"s":{"0":4,"1":4,"2":4,"3":4,"4":0,"5":4,"6":0,"7":4,"8":0,"9":4,"10":0,"11":4,"12":2,"13":4,"14":4,"15":4,"16":15,"17":4,"18":4},"f":{"0":4,"1":0,"2":4,"3":0,"4":2,"5":15},"b":{"0":[0,4],"1":[0,4]},"_coverageSchema":"1a1c01bbd47fc00a2c39e90264f33305004495a9","hash":"65b55db9b54b0991c9c38780346651488dbcbb99"}
,"/Users/naomimowbray/Documents/Coding/GROUP/NaomiMowbray_T3A2-B/igyb-back-end/src/models/PostModel.js": {"path":"/Users/naomimowbray/Documents/Coding/GROUP/NaomiMowbray_T3A2-B/igyb-back-end/src/models/PostModel.js","statementMap":{"0":{"start":{"line":1,"column":17},"end":{"line":1,"column":36}},"1":{"start":{"line":2,"column":14},"end":{"line":2,"column":30}},"2":{"start":{"line":4,"column":19},"end":{"line":32,"column":1}},"3":{"start":{"line":34,"column":0},"end":{"line":38,"column":3}},"4":{"start":{"line":41,"column":0},"end":{"line":44,"column":3}},"5":{"start":{"line":43,"column":4},"end":{"line":43,"column":11}},"6":{"start":{"line":47,"column":0},"end":{"line":47,"column":46}},"7":{"start":{"line":48,"column":0},"end":{"line":48,"column":44}},"8":{"start":{"line":50,"column":0},"end":{"line":52,"column":3}},"9":{"start":{"line":51,"column":4},"end":{"line":51,"column":45}},"10":{"start":{"line":54,"column":13},"end":{"line":54,"column":47}},"11":{"start":{"line":55,"column":0},"end":{"line":55,"column":26}}},"fnMap":{"0":{"name":"(anonymous_0)","decl":{"start":{"line":41,"column":23},"end":{"line":41,"column":24}},"loc":{"start":{"line":41,"column":39},"end":{"line":44,"column":1}},"line":41},"1":{"name":"(anonymous_1)","decl":{"start":{"line":50,"column":28},"end":{"line":50,"column":29}},"loc":{"start":{"line":50,"column":45},"end":{"line":52,"column":1}},"line":50}},"branchMap":{},"s":{"0":4,"1":4,"2":4,"3":4,"4":4,"5":2,"6":4,"7":4,"8":4,"9":5,"10":4,"11":4},"f":{"0":2,"1":5},"b":{},"_coverageSchema":"1a1c01bbd47fc00a2c39e90264f33305004495a9","hash":"a67acea0bccaf8bf83d470021090cda7c39d8e04"}
,"/Users/naomimowbray/Documents/Coding/GROUP/NaomiMowbray_T3A2-B/igyb-back-end/src/models/RoleModel.js": {"path":"/Users/naomimowbray/Documents/Coding/GROUP/NaomiMowbray_T3A2-B/igyb-back-end/src/models/RoleModel.js","statementMap":{"0":{"start":{"line":1,"column":17},"end":{"line":1,"column":36}},"1":{"start":{"line":3,"column":19},"end":{"line":6,"column":2}},"2":{"start":{"line":8,"column":13},"end":{"line":8,"column":47}},"3":{"start":{"line":10,"column":0},"end":{"line":10,"column":25}}},"fnMap":{},"branchMap":{},"s":{"0":4,"1":4,"2":4,"3":4},"f":{},"b":{},"_coverageSchema":"1a1c01bbd47fc00a2c39e90264f33305004495a9","hash":"71e5f8a534ca48065885f10c066bfe2690625d61"}
,"/Users/naomimowbray/Documents/Coding/GROUP/NaomiMowbray_T3A2-B/igyb-back-end/src/models/UserModel.js": {"path":"/Users/naomimowbray/Documents/Coding/GROUP/NaomiMowbray_T3A2-B/igyb-back-end/src/models/UserModel.js","statementMap":{"0":{"start":{"line":1,"column":17},"end":{"line":1,"column":36}},"1":{"start":{"line":3,"column":19},"end":{"line":18,"column":2}},"2":{"start":{"line":20,"column":13},"end":{"line":20,"column":47}},"3":{"start":{"line":22,"column":0},"end":{"line":22,"column":26}}},"fnMap":{},"branchMap":{},"s":{"0":4,"1":4,"2":4,"3":4},"f":{},"b":{},"_coverageSchema":"1a1c01bbd47fc00a2c39e90264f33305004495a9","hash":"3ecc960b3596c606d23f764a3e809e8fa143fc9a"}
}
