{"/Users/jack/Coderacademy/Term3/t3a2/T3A2-B/igyb-back-end/src/database.js": {"path":"/Users/jack/Coderacademy/Term3/t3a2/T3A2-B/igyb-back-end/src/database.js","statementMap":{"0":{"start":{"line":1,"column":17},"end":{"line":1,"column":36}},"1":{"start":{"line":2,"column":0},"end":{"line":2,"column":27}},"2":{"start":{"line":4,"column":13},"end":{"line":4,"column":15}},"3":{"start":{"line":7,"column":0},"end":{"line":20,"column":1}},"4":{"start":{"line":9,"column":8},"end":{"line":9,"column":61}},"5":{"start":{"line":10,"column":8},"end":{"line":10,"column":14}},"6":{"start":{"line":12,"column":8},"end":{"line":12,"column":60}},"7":{"start":{"line":13,"column":8},"end":{"line":13,"column":14}},"8":{"start":{"line":15,"column":8},"end":{"line":15,"column":36}},"9":{"start":{"line":16,"column":8},"end":{"line":16,"column":14}},"10":{"start":{"line":18,"column":8},"end":{"line":18,"column":93}},"11":{"start":{"line":19,"column":8},"end":{"line":19,"column":14}},"12":{"start":{"line":23,"column":4},"end":{"line":31,"column":5}},"13":{"start":{"line":24,"column":8},"end":{"line":24,"column":174}},"14":{"start":{"line":27,"column":8},"end":{"line":27,"column":39}},"15":{"start":{"line":28,"column":8},"end":{"line":28,"column":151}},"16":{"start":{"line":30,"column":28},"end":{"line":30,"column":147}},"17":{"start":{"line":34,"column":0},"end":{"line":43,"column":68}},"18":{"start":{"line":43,"column":85},"end":{"line":43,"column":37575}},"19":{"start":{"line":43,"column":89},"end":{"line":43,"column":37564}}},"fnMap":{"0":{"name":"databaseConnect","decl":{"start":{"line":22,"column":15},"end":{"line":22,"column":30}},"loc":{"start":{"line":22,"column":33},"end":{"line":32,"column":1}},"line":22},"1":{"name":"oo_cm","decl":{"start":{"line":43,"column":77},"end":{"line":43,"column":82}},"loc":{"start":{"line":43,"column":84},"end":{"line":43,"column":37576}},"line":43}},"branchMap":{"0":{"loc":{"start":{"line":7,"column":0},"end":{"line":20,"column":1}},"type":"switch","locations":[{"start":{"line":8,"column":4},"end":{"line":10,"column":14}},{"start":{"line":11,"column":4},"end":{"line":13,"column":14}},{"start":{"line":14,"column":4},"end":{"line":16,"column":14}},{"start":{"line":17,"column":4},"end":{"line":19,"column":14}}],"line":7},"1":{"loc":{"start":{"line":24,"column":8},"end":{"line":24,"column":173}},"type":"cond-expr","locations":[{"start":{"line":24,"column":75},"end":{"line":24,"column":168}},{"start":{"line":24,"column":171},"end":{"line":24,"column":173}}],"line":24},"2":{"loc":{"start":{"line":28,"column":8},"end":{"line":28,"column":150}},"type":"cond-expr","locations":[{"start":{"line":28,"column":75},"end":{"line":28,"column":145}},{"start":{"line":28,"column":148},"end":{"line":28,"column":150}}],"line":28},"3":{"loc":{"start":{"line":43,"column":96},"end":{"line":43,"column":37563}},"type":"binary-expr","locations":[{"start":{"line":43,"column":96},"end":{"line":43,"column":133}},{"start":{"line":43,"column":137},"end":{"line":43,"column":37563}}],"line":43}},"s":{"0":5,"1":5,"2":5,"3":5,"4":5,"5":5,"6":0,"7":0,"8":0,"9":0,"10":0,"11":0,"12":18,"13":18,"14":18,"15":18,"16":0,"17":5,"18":0,"19":0},"f":{"0":18,"1":0},"b":{"0":[5,0,0,0],"1":[0,18],"2":[0,18],"3":[0,0]},"_coverageSchema":"1a1c01bbd47fc00a2c39e90264f33305004495a9","hash":"4cb1ac4f8bbd5a850658df424849f679ea0fdd98"}
,"/Users/jack/Coderacademy/Term3/t3a2/T3A2-B/igyb-back-end/src/server.js": {"path":"/Users/jack/Coderacademy/Term3/t3a2/T3A2-B/igyb-back-end/src/server.js","statementMap":{"0":{"start":{"line":1,"column":17},"end":{"line":1,"column":36}},"1":{"start":{"line":3,"column":15},"end":{"line":3,"column":32}},"2":{"start":{"line":4,"column":0},"end":{"line":4,"column":16}},"3":{"start":{"line":7,"column":16},"end":{"line":7,"column":34}},"4":{"start":{"line":8,"column":12},"end":{"line":8,"column":21}},"5":{"start":{"line":10,"column":21},"end":{"line":10,"column":45}},"6":{"start":{"line":11,"column":0},"end":{"line":11,"column":23}},"7":{"start":{"line":14,"column":13},"end":{"line":14,"column":37}},"8":{"start":{"line":17,"column":15},"end":{"line":17,"column":32}},"9":{"start":{"line":18,"column":0},"end":{"line":18,"column":18}},"10":{"start":{"line":19,"column":0},"end":{"line":19,"column":47}},"11":{"start":{"line":20,"column":0},"end":{"line":20,"column":33}},"12":{"start":{"line":21,"column":0},"end":{"line":27,"column":2}},"13":{"start":{"line":32,"column":13},"end":{"line":32,"column":28}},"14":{"start":{"line":33,"column":18},"end":{"line":39,"column":1}},"15":{"start":{"line":40,"column":0},"end":{"line":40,"column":27}},"16":{"start":{"line":41,"column":0},"end":{"line":41,"column":36}},"17":{"start":{"line":44,"column":0},"end":{"line":44,"column":24}},"18":{"start":{"line":45,"column":0},"end":{"line":45,"column":48}},"19":{"start":{"line":52,"column":23},"end":{"line":52,"column":58}},"20":{"start":{"line":53,"column":0},"end":{"line":53,"column":36}},"21":{"start":{"line":55,"column":23},"end":{"line":55,"column":58}},"22":{"start":{"line":56,"column":0},"end":{"line":56,"column":34}},"23":{"start":{"line":58,"column":26},"end":{"line":58,"column":64}},"24":{"start":{"line":59,"column":0},"end":{"line":59,"column":40}},"25":{"start":{"line":61,"column":24},"end":{"line":61,"column":60}},"26":{"start":{"line":62,"column":0},"end":{"line":62,"column":36}},"27":{"start":{"line":65,"column":0},"end":{"line":77,"column":3}},"28":{"start":{"line":66,"column":24},"end":{"line":66,"column":54}},"29":{"start":{"line":67,"column":23},"end":{"line":67,"column":47}},"30":{"start":{"line":68,"column":25},"end":{"line":68,"column":57}},"31":{"start":{"line":69,"column":23},"end":{"line":69,"column":47}},"32":{"start":{"line":71,"column":4},"end":{"line":76,"column":7}},"33":{"start":{"line":81,"column":0},"end":{"line":85,"column":3}},"34":{"start":{"line":82,"column":4},"end":{"line":84,"column":7}},"35":{"start":{"line":116,"column":0},"end":{"line":121,"column":3}},"36":{"start":{"line":117,"column":4},"end":{"line":120,"column":7}},"37":{"start":{"line":123,"column":0},"end":{"line":134,"column":3}},"38":{"start":{"line":124,"column":24},"end":{"line":124,"column":91}},"39":{"start":{"line":125,"column":4},"end":{"line":127,"column":5}},"40":{"start":{"line":126,"column":8},"end":{"line":126,"column":27}},"41":{"start":{"line":128,"column":4},"end":{"line":130,"column":5}},"42":{"start":{"line":129,"column":8},"end":{"line":129,"column":29}},"43":{"start":{"line":131,"column":4},"end":{"line":133,"column":7}},"44":{"start":{"line":137,"column":0},"end":{"line":140,"column":2}},"45":{"start":{"line":147,"column":85},"end":{"line":147,"column":37575}},"46":{"start":{"line":147,"column":89},"end":{"line":147,"column":37564}}},"fnMap":{"0":{"name":"(anonymous_0)","decl":{"start":{"line":65,"column":27},"end":{"line":65,"column":28}},"loc":{"start":{"line":65,"column":50},"end":{"line":77,"column":1}},"line":65},"1":{"name":"(anonymous_1)","decl":{"start":{"line":81,"column":13},"end":{"line":81,"column":14}},"loc":{"start":{"line":81,"column":36},"end":{"line":85,"column":1}},"line":81},"2":{"name":"(anonymous_2)","decl":{"start":{"line":116,"column":13},"end":{"line":116,"column":14}},"loc":{"start":{"line":116,"column":36},"end":{"line":121,"column":1}},"line":116},"3":{"name":"(anonymous_3)","decl":{"start":{"line":123,"column":8},"end":{"line":123,"column":9}},"loc":{"start":{"line":123,"column":44},"end":{"line":134,"column":1}},"line":123},"4":{"name":"oo_cm","decl":{"start":{"line":147,"column":77},"end":{"line":147,"column":82}},"loc":{"start":{"line":147,"column":84},"end":{"line":147,"column":37576}},"line":147}},"branchMap":{"0":{"loc":{"start":{"line":14,"column":13},"end":{"line":14,"column":37}},"type":"binary-expr","locations":[{"start":{"line":14,"column":13},"end":{"line":14,"column":29}},{"start":{"line":14,"column":33},"end":{"line":14,"column":37}}],"line":14},"1":{"loc":{"start":{"line":125,"column":4},"end":{"line":127,"column":5}},"type":"if","locations":[{"start":{"line":125,"column":4},"end":{"line":127,"column":5}},{"start":{},"end":{}}],"line":125},"2":{"loc":{"start":{"line":128,"column":4},"end":{"line":130,"column":5}},"type":"if","locations":[{"start":{"line":128,"column":4},"end":{"line":130,"column":5}},{"start":{},"end":{}}],"line":128},"3":{"loc":{"start":{"line":147,"column":96},"end":{"line":147,"column":37563}},"type":"binary-expr","locations":[{"start":{"line":147,"column":96},"end":{"line":147,"column":133}},{"start":{"line":147,"column":137},"end":{"line":147,"column":37563}}],"line":147}},"s":{"0":5,"1":5,"2":5,"3":5,"4":5,"5":5,"6":5,"7":5,"8":5,"9":5,"10":5,"11":5,"12":5,"13":5,"14":5,"15":5,"16":5,"17":5,"18":5,"19":5,"20":5,"21":5,"22":5,"23":5,"24":5,"25":5,"26":5,"27":5,"28":0,"29":0,"30":0,"31":0,"32":0,"33":5,"34":0,"35":5,"36":0,"37":5,"38":17,"39":17,"40":0,"41":17,"42":12,"43":17,"44":5,"45":17,"46":17},"f":{"0":0,"1":0,"2":0,"3":17,"4":17},"b":{"0":[5,0],"1":[0,17],"2":[12,5],"3":[17,1]},"_coverageSchema":"1a1c01bbd47fc00a2c39e90264f33305004495a9","hash":"a9f979bec38731a59426747a33bc4c37c3968363"}
,"/Users/jack/Coderacademy/Term3/t3a2/T3A2-B/igyb-back-end/src/controllers/CommentRouter.js": {"path":"/Users/jack/Coderacademy/Term3/t3a2/T3A2-B/igyb-back-end/src/controllers/CommentRouter.js","statementMap":{"0":{"start":{"line":2,"column":16},"end":{"line":2,"column":34}},"1":{"start":{"line":4,"column":15},"end":{"line":4,"column":31}},"2":{"start":{"line":11,"column":4},"end":{"line":11,"column":43}},"3":{"start":{"line":14,"column":73},"end":{"line":14,"column":111}},"4":{"start":{"line":19,"column":0},"end":{"line":19,"column":52}},"5":{"start":{"line":22,"column":0},"end":{"line":22,"column":83}},"6":{"start":{"line":26,"column":0},"end":{"line":26,"column":92}},"7":{"start":{"line":34,"column":0},"end":{"line":34,"column":24}}},"fnMap":{},"branchMap":{},"s":{"0":5,"1":5,"2":5,"3":5,"4":5,"5":5,"6":5,"7":5},"f":{},"b":{},"_coverageSchema":"1a1c01bbd47fc00a2c39e90264f33305004495a9","hash":"089be22326f4996ff21f6faf3941f584f974d1a8"}
,"/Users/jack/Coderacademy/Term3/t3a2/T3A2-B/igyb-back-end/src/controllers/EventRouter.js": {"path":"/Users/jack/Coderacademy/Term3/t3a2/T3A2-B/igyb-back-end/src/controllers/EventRouter.js","statementMap":{"0":{"start":{"line":2,"column":16},"end":{"line":2,"column":34}},"1":{"start":{"line":4,"column":15},"end":{"line":4,"column":31}},"2":{"start":{"line":13,"column":4},"end":{"line":13,"column":41}},"3":{"start":{"line":16,"column":73},"end":{"line":16,"column":111}},"4":{"start":{"line":17,"column":26},"end":{"line":17,"column":65}},"5":{"start":{"line":23,"column":0},"end":{"line":23,"column":51}},"6":{"start":{"line":27,"column":0},"end":{"line":27,"column":82}},"7":{"start":{"line":31,"column":0},"end":{"line":31,"column":90}},"8":{"start":{"line":35,"column":0},"end":{"line":35,"column":29}},"9":{"start":{"line":36,"column":0},"end":{"line":36,"column":32}},"10":{"start":{"line":40,"column":0},"end":{"line":40,"column":24}}},"fnMap":{},"branchMap":{},"s":{"0":5,"1":5,"2":5,"3":5,"4":5,"5":5,"6":5,"7":5,"8":5,"9":5,"10":5},"f":{},"b":{},"_coverageSchema":"1a1c01bbd47fc00a2c39e90264f33305004495a9","hash":"6a3ca205aed0da255a572b4e1e0d5358ee209624"}
,"/Users/jack/Coderacademy/Term3/t3a2/T3A2-B/igyb-back-end/src/controllers/PostRouter.js": {"path":"/Users/jack/Coderacademy/Term3/t3a2/T3A2-B/igyb-back-end/src/controllers/PostRouter.js","statementMap":{"0":{"start":{"line":2,"column":16},"end":{"line":2,"column":34}},"1":{"start":{"line":4,"column":15},"end":{"line":4,"column":31}},"2":{"start":{"line":13,"column":4},"end":{"line":13,"column":40}},"3":{"start":{"line":16,"column":73},"end":{"line":16,"column":111}},"4":{"start":{"line":22,"column":0},"end":{"line":22,"column":50}},"5":{"start":{"line":26,"column":0},"end":{"line":26,"column":81}},"6":{"start":{"line":30,"column":0},"end":{"line":30,"column":89}},"7":{"start":{"line":34,"column":0},"end":{"line":34,"column":27}},"8":{"start":{"line":35,"column":0},"end":{"line":35,"column":28}},"9":{"start":{"line":37,"column":0},"end":{"line":37,"column":28}},"10":{"start":{"line":40,"column":0},"end":{"line":40,"column":24}}},"fnMap":{},"branchMap":{},"s":{"0":5,"1":5,"2":5,"3":5,"4":5,"5":5,"6":5,"7":5,"8":5,"9":5,"10":5},"f":{},"b":{},"_coverageSchema":"1a1c01bbd47fc00a2c39e90264f33305004495a9","hash":"3479cf12216da22a613ba3577922c26c55a255d4"}
,"/Users/jack/Coderacademy/Term3/t3a2/T3A2-B/igyb-back-end/src/controllers/UserRouter.js": {"path":"/Users/jack/Coderacademy/Term3/t3a2/T3A2-B/igyb-back-end/src/controllers/UserRouter.js","statementMap":{"0":{"start":{"line":2,"column":16},"end":{"line":2,"column":34}},"1":{"start":{"line":4,"column":15},"end":{"line":4,"column":31}},"2":{"start":{"line":7,"column":24},"end":{"line":7,"column":60}},"3":{"start":{"line":18,"column":4},"end":{"line":18,"column":42}},"4":{"start":{"line":24,"column":4},"end":{"line":24,"column":42}},"5":{"start":{"line":30,"column":0},"end":{"line":36,"column":3}},"6":{"start":{"line":31,"column":4},"end":{"line":35,"column":7}},"7":{"start":{"line":41,"column":0},"end":{"line":47,"column":3}},"8":{"start":{"line":42,"column":23},"end":{"line":42,"column":25}},"9":{"start":{"line":43,"column":4},"end":{"line":43,"column":39}},"10":{"start":{"line":44,"column":4},"end":{"line":46,"column":7}},"11":{"start":{"line":50,"column":0},"end":{"line":56,"column":2}},"12":{"start":{"line":52,"column":8},"end":{"line":54,"column":11}},"13":{"start":{"line":62,"column":0},"end":{"line":68,"column":2}},"14":{"start":{"line":64,"column":8},"end":{"line":66,"column":11}},"15":{"start":{"line":70,"column":0},"end":{"line":76,"column":2}},"16":{"start":{"line":72,"column":8},"end":{"line":74,"column":11}},"17":{"start":{"line":82,"column":0},"end":{"line":89,"column":2}},"18":{"start":{"line":84,"column":27},"end":{"line":84,"column":77}},"19":{"start":{"line":85,"column":8},"end":{"line":87,"column":11}},"20":{"start":{"line":92,"column":0},"end":{"line":99,"column":2}},"21":{"start":{"line":94,"column":27},"end":{"line":94,"column":77}},"22":{"start":{"line":95,"column":8},"end":{"line":97,"column":11}},"23":{"start":{"line":102,"column":0},"end":{"line":107,"column":3}},"24":{"start":{"line":103,"column":4},"end":{"line":106,"column":7}},"25":{"start":{"line":110,"column":0},"end":{"line":116,"column":2}},"26":{"start":{"line":112,"column":8},"end":{"line":114,"column":11}},"27":{"start":{"line":119,"column":0},"end":{"line":126,"column":2}},"28":{"start":{"line":121,"column":8},"end":{"line":124,"column":11}},"29":{"start":{"line":129,"column":0},"end":{"line":137,"column":2}},"30":{"start":{"line":131,"column":8},"end":{"line":135,"column":11}},"31":{"start":{"line":140,"column":0},"end":{"line":140,"column":24}}},"fnMap":{"0":{"name":"(anonymous_0)","decl":{"start":{"line":30,"column":54},"end":{"line":30,"column":55}},"loc":{"start":{"line":30,"column":83},"end":{"line":36,"column":1}},"line":30},"1":{"name":"(anonymous_1)","decl":{"start":{"line":41,"column":53},"end":{"line":41,"column":54}},"loc":{"start":{"line":41,"column":82},"end":{"line":47,"column":1}},"line":41},"2":{"name":"(anonymous_2)","decl":{"start":{"line":51,"column":4},"end":{"line":51,"column":5}},"loc":{"start":{"line":51,"column":33},"end":{"line":55,"column":5}},"line":51},"3":{"name":"(anonymous_3)","decl":{"start":{"line":63,"column":4},"end":{"line":63,"column":5}},"loc":{"start":{"line":63,"column":33},"end":{"line":67,"column":5}},"line":63},"4":{"name":"(anonymous_4)","decl":{"start":{"line":71,"column":4},"end":{"line":71,"column":5}},"loc":{"start":{"line":71,"column":33},"end":{"line":75,"column":5}},"line":71},"5":{"name":"(anonymous_5)","decl":{"start":{"line":83,"column":4},"end":{"line":83,"column":5}},"loc":{"start":{"line":83,"column":33},"end":{"line":88,"column":5}},"line":83},"6":{"name":"(anonymous_6)","decl":{"start":{"line":93,"column":4},"end":{"line":93,"column":5}},"loc":{"start":{"line":93,"column":33},"end":{"line":98,"column":5}},"line":93},"7":{"name":"(anonymous_7)","decl":{"start":{"line":102,"column":46},"end":{"line":102,"column":47}},"loc":{"start":{"line":102,"column":75},"end":{"line":107,"column":1}},"line":102},"8":{"name":"(anonymous_8)","decl":{"start":{"line":111,"column":4},"end":{"line":111,"column":5}},"loc":{"start":{"line":111,"column":33},"end":{"line":115,"column":5}},"line":111},"9":{"name":"(anonymous_9)","decl":{"start":{"line":120,"column":4},"end":{"line":120,"column":5}},"loc":{"start":{"line":120,"column":33},"end":{"line":125,"column":5}},"line":120},"10":{"name":"(anonymous_10)","decl":{"start":{"line":130,"column":4},"end":{"line":130,"column":5}},"loc":{"start":{"line":130,"column":33},"end":{"line":136,"column":5}},"line":130}},"branchMap":{},"s":{"0":5,"1":5,"2":5,"3":5,"4":5,"5":5,"6":1,"7":5,"8":0,"9":0,"10":0,"11":5,"12":0,"13":5,"14":0,"15":5,"16":0,"17":5,"18":0,"19":0,"20":5,"21":0,"22":0,"23":5,"24":1,"25":5,"26":0,"27":5,"28":0,"29":5,"30":0,"31":5},"f":{"0":1,"1":0,"2":0,"3":0,"4":0,"5":0,"6":0,"7":1,"8":0,"9":0,"10":0},"b":{},"_coverageSchema":"1a1c01bbd47fc00a2c39e90264f33305004495a9","hash":"ffe23ee488b6b84b9db5656acee23abbcc4b4533"}
,"/Users/jack/Coderacademy/Term3/t3a2/T3A2-B/igyb-back-end/src/controllers/functions/CommentFunctions.js": {"path":"/Users/jack/Coderacademy/Term3/t3a2/T3A2-B/igyb-back-end/src/controllers/functions/CommentFunctions.js","statementMap":{"0":{"start":{"line":3,"column":17},"end":{"line":3,"column":50}},"1":{"start":{"line":4,"column":20},"end":{"line":4,"column":56}},"2":{"start":{"line":8,"column":22},"end":{"line":33,"column":1}},"3":{"start":{"line":9,"column":4},"end":{"line":32,"column":5}},"4":{"start":{"line":10,"column":65},"end":{"line":10,"column":77}},"5":{"start":{"line":12,"column":25},"end":{"line":12,"column":58}},"6":{"start":{"line":14,"column":8},"end":{"line":17,"column":9}},"7":{"start":{"line":15,"column":26},"end":{"line":15,"column":57}},"8":{"start":{"line":16,"column":12},"end":{"line":16,"column":31}},"9":{"start":{"line":19,"column":27},"end":{"line":26,"column":10}},"10":{"start":{"line":28,"column":29},"end":{"line":28,"column":52}},"11":{"start":{"line":29,"column":8},"end":{"line":29,"column":43}},"12":{"start":{"line":31,"column":8},"end":{"line":31,"column":19}},"13":{"start":{"line":37,"column":22},"end":{"line":61,"column":1}},"14":{"start":{"line":38,"column":4},"end":{"line":60,"column":5}},"15":{"start":{"line":40,"column":24},"end":{"line":40,"column":65}},"16":{"start":{"line":42,"column":8},"end":{"line":55,"column":9}},"17":{"start":{"line":43,"column":26},"end":{"line":43,"column":60}},"18":{"start":{"line":44,"column":12},"end":{"line":44,"column":24}},"19":{"start":{"line":45,"column":12},"end":{"line":45,"column":19}},"20":{"start":{"line":48,"column":32},"end":{"line":48,"column":36}},"21":{"start":{"line":49,"column":16},"end":{"line":49,"column":52}},"22":{"start":{"line":50,"column":39},"end":{"line":50,"column":59}},"23":{"start":{"line":51,"column":16},"end":{"line":51,"column":53}},"24":{"start":{"line":54,"column":12},"end":{"line":54,"column":50}},"25":{"start":{"line":59,"column":8},"end":{"line":59,"column":20}},"26":{"start":{"line":64,"column":22},"end":{"line":81,"column":1}},"27":{"start":{"line":65,"column":4},"end":{"line":80,"column":5}},"28":{"start":{"line":66,"column":32},"end":{"line":66,"column":90}},"29":{"start":{"line":68,"column":8},"end":{"line":71,"column":9}},"30":{"start":{"line":69,"column":26},"end":{"line":69,"column":60}},"31":{"start":{"line":70,"column":12},"end":{"line":70,"column":31}},"32":{"start":{"line":73,"column":8},"end":{"line":73,"column":67}},"33":{"start":{"line":75,"column":8},"end":{"line":77,"column":10}},"34":{"start":{"line":79,"column":8},"end":{"line":79,"column":20}},"35":{"start":{"line":84,"column":0},"end":{"line":88,"column":1}}},"fnMap":{"0":{"name":"(anonymous_0)","decl":{"start":{"line":8,"column":22},"end":{"line":8,"column":23}},"loc":{"start":{"line":8,"column":57},"end":{"line":33,"column":1}},"line":8},"1":{"name":"(anonymous_1)","decl":{"start":{"line":37,"column":22},"end":{"line":37,"column":23}},"loc":{"start":{"line":37,"column":57},"end":{"line":61,"column":1}},"line":37},"2":{"name":"handleUpdateCommentData","decl":{"start":{"line":47,"column":27},"end":{"line":47,"column":50}},"loc":{"start":{"line":47,"column":57},"end":{"line":52,"column":13}},"line":47},"3":{"name":"(anonymous_3)","decl":{"start":{"line":64,"column":22},"end":{"line":64,"column":23}},"loc":{"start":{"line":64,"column":57},"end":{"line":81,"column":1}},"line":64}},"branchMap":{"0":{"loc":{"start":{"line":14,"column":8},"end":{"line":17,"column":9}},"type":"if","locations":[{"start":{"line":14,"column":8},"end":{"line":17,"column":9}},{"start":{},"end":{}}],"line":14},"1":{"loc":{"start":{"line":42,"column":8},"end":{"line":55,"column":9}},"type":"if","locations":[{"start":{"line":42,"column":8},"end":{"line":55,"column":9}},{"start":{"line":46,"column":15},"end":{"line":55,"column":9}}],"line":42},"2":{"loc":{"start":{"line":49,"column":31},"end":{"line":49,"column":51}},"type":"binary-expr","locations":[{"start":{"line":49,"column":31},"end":{"line":49,"column":35}},{"start":{"line":49,"column":39},"end":{"line":49,"column":51}}],"line":49},"3":{"loc":{"start":{"line":68,"column":8},"end":{"line":71,"column":9}},"type":"if","locations":[{"start":{"line":68,"column":8},"end":{"line":71,"column":9}},{"start":{},"end":{}}],"line":68}},"s":{"0":5,"1":5,"2":5,"3":0,"4":0,"5":0,"6":0,"7":0,"8":0,"9":0,"10":0,"11":0,"12":0,"13":5,"14":0,"15":0,"16":0,"17":0,"18":0,"19":0,"20":0,"21":0,"22":0,"23":0,"24":0,"25":0,"26":5,"27":0,"28":0,"29":0,"30":0,"31":0,"32":0,"33":0,"34":0,"35":5},"f":{"0":0,"1":0,"2":0,"3":0},"b":{"0":[0,0],"1":[0,0],"2":[0,0],"3":[0,0]},"_coverageSchema":"1a1c01bbd47fc00a2c39e90264f33305004495a9","hash":"eb2a90c7b610fa0db22facd287793fff14ff6c32"}
,"/Users/jack/Coderacademy/Term3/t3a2/T3A2-B/igyb-back-end/src/controllers/functions/EncryptionFunctions.js": {"path":"/Users/jack/Coderacademy/Term3/t3a2/T3A2-B/igyb-back-end/src/controllers/functions/EncryptionFunctions.js","statementMap":{"0":{"start":{"line":1,"column":15},"end":{"line":1,"column":32}},"1":{"start":{"line":2,"column":15},"end":{"line":2,"column":32}},"2":{"start":{"line":3,"column":15},"end":{"line":3,"column":32}},"3":{"start":{"line":4,"column":0},"end":{"line":4,"column":16}},"4":{"start":{"line":7,"column":19},"end":{"line":7,"column":32}},"5":{"start":{"line":8,"column":21},"end":{"line":8,"column":41}},"6":{"start":{"line":9,"column":20},"end":{"line":9,"column":78}},"7":{"start":{"line":10,"column":12},"end":{"line":10,"column":69}},"8":{"start":{"line":22,"column":17},"end":{"line":22,"column":74}},"9":{"start":{"line":23,"column":4},"end":{"line":23,"column":79}},"10":{"start":{"line":36,"column":19},"end":{"line":36,"column":78}},"11":{"start":{"line":37,"column":4},"end":{"line":37,"column":84}},"12":{"start":{"line":50,"column":4},"end":{"line":50,"column":54}},"13":{"start":{"line":65,"column":4},"end":{"line":65,"column":46}},"14":{"start":{"line":80,"column":4},"end":{"line":80,"column":57}},"15":{"start":{"line":84,"column":0},"end":{"line":90,"column":1}}},"fnMap":{"0":{"name":"encryptString","decl":{"start":{"line":21,"column":9},"end":{"line":21,"column":22}},"loc":{"start":{"line":21,"column":39},"end":{"line":24,"column":1}},"line":21},"1":{"name":"decryptString","decl":{"start":{"line":35,"column":9},"end":{"line":35,"column":22}},"loc":{"start":{"line":35,"column":39},"end":{"line":38,"column":1}},"line":35},"2":{"name":"decryptObject","decl":{"start":{"line":49,"column":9},"end":{"line":49,"column":22}},"loc":{"start":{"line":49,"column":39},"end":{"line":51,"column":1}},"line":49},"3":{"name":"hashString","decl":{"start":{"line":64,"column":15},"end":{"line":64,"column":25}},"loc":{"start":{"line":64,"column":40},"end":{"line":66,"column":1}},"line":64},"4":{"name":"checkUnhashedData","decl":{"start":{"line":78,"column":15},"end":{"line":78,"column":32}},"loc":{"start":{"line":78,"column":59},"end":{"line":81,"column":1}},"line":78}},"branchMap":{},"s":{"0":5,"1":5,"2":5,"3":5,"4":5,"5":5,"6":5,"7":5,"8":5,"9":5,"10":11,"11":11,"12":10,"13":7,"14":3,"15":5},"f":{"0":5,"1":11,"2":10,"3":7,"4":3},"b":{},"_coverageSchema":"1a1c01bbd47fc00a2c39e90264f33305004495a9","hash":"b82b572b01edcccf6c972bec347f72f8ccfbae41"}
,"/Users/jack/Coderacademy/Term3/t3a2/T3A2-B/igyb-back-end/src/controllers/functions/EventFunctions.js": {"path":"/Users/jack/Coderacademy/Term3/t3a2/T3A2-B/igyb-back-end/src/controllers/functions/EventFunctions.js","statementMap":{"0":{"start":{"line":3,"column":18},"end":{"line":3,"column":52}},"1":{"start":{"line":6,"column":20},"end":{"line":26,"column":1}},"2":{"start":{"line":7,"column":4},"end":{"line":25,"column":5}},"3":{"start":{"line":8,"column":79},"end":{"line":8,"column":91}},"4":{"start":{"line":9,"column":22},"end":{"line":19,"column":10}},"5":{"start":{"line":21,"column":29},"end":{"line":21,"column":47}},"6":{"start":{"line":22,"column":8},"end":{"line":22,"column":43}},"7":{"start":{"line":24,"column":8},"end":{"line":24,"column":20}},"8":{"start":{"line":30,"column":21},"end":{"line":43,"column":1}},"9":{"start":{"line":31,"column":4},"end":{"line":42,"column":5}},"10":{"start":{"line":32,"column":23},"end":{"line":37,"column":10}},"11":{"start":{"line":39,"column":8},"end":{"line":39,"column":30}},"12":{"start":{"line":41,"column":8},"end":{"line":41,"column":20}},"13":{"start":{"line":45,"column":21},"end":{"line":63,"column":1}},"14":{"start":{"line":46,"column":4},"end":{"line":62,"column":5}},"15":{"start":{"line":47,"column":22},"end":{"line":52,"column":10}},"16":{"start":{"line":54,"column":8},"end":{"line":57,"column":9}},"17":{"start":{"line":55,"column":26},"end":{"line":55,"column":69}},"18":{"start":{"line":56,"column":12},"end":{"line":56,"column":31}},"19":{"start":{"line":59,"column":8},"end":{"line":59,"column":36}},"20":{"start":{"line":61,"column":8},"end":{"line":61,"column":20}},"21":{"start":{"line":66,"column":20},"end":{"line":81,"column":1}},"22":{"start":{"line":67,"column":4},"end":{"line":80,"column":5}},"23":{"start":{"line":69,"column":22},"end":{"line":69,"column":134}},"24":{"start":{"line":71,"column":8},"end":{"line":77,"column":9}},"25":{"start":{"line":72,"column":26},"end":{"line":72,"column":69}},"26":{"start":{"line":73,"column":12},"end":{"line":73,"column":24}},"27":{"start":{"line":74,"column":12},"end":{"line":74,"column":19}},"28":{"start":{"line":76,"column":16},"end":{"line":76,"column":44}},"29":{"start":{"line":79,"column":8},"end":{"line":79,"column":20}},"30":{"start":{"line":84,"column":20},"end":{"line":98,"column":1}},"31":{"start":{"line":85,"column":4},"end":{"line":97,"column":5}},"32":{"start":{"line":86,"column":30},"end":{"line":86,"column":86}},"33":{"start":{"line":88,"column":8},"end":{"line":91,"column":9}},"34":{"start":{"line":89,"column":26},"end":{"line":89,"column":69}},"35":{"start":{"line":90,"column":12},"end":{"line":90,"column":31}},"36":{"start":{"line":92,"column":8},"end":{"line":94,"column":10}},"37":{"start":{"line":96,"column":8},"end":{"line":96,"column":20}},"38":{"start":{"line":101,"column":0},"end":{"line":107,"column":1}}},"fnMap":{"0":{"name":"(anonymous_0)","decl":{"start":{"line":6,"column":20},"end":{"line":6,"column":21}},"loc":{"start":{"line":6,"column":55},"end":{"line":26,"column":1}},"line":6},"1":{"name":"(anonymous_1)","decl":{"start":{"line":30,"column":21},"end":{"line":30,"column":22}},"loc":{"start":{"line":30,"column":56},"end":{"line":43,"column":1}},"line":30},"2":{"name":"(anonymous_2)","decl":{"start":{"line":45,"column":21},"end":{"line":45,"column":22}},"loc":{"start":{"line":45,"column":56},"end":{"line":63,"column":1}},"line":45},"3":{"name":"(anonymous_3)","decl":{"start":{"line":66,"column":20},"end":{"line":66,"column":21}},"loc":{"start":{"line":66,"column":55},"end":{"line":81,"column":1}},"line":66},"4":{"name":"(anonymous_4)","decl":{"start":{"line":84,"column":20},"end":{"line":84,"column":21}},"loc":{"start":{"line":84,"column":55},"end":{"line":98,"column":1}},"line":84}},"branchMap":{"0":{"loc":{"start":{"line":54,"column":8},"end":{"line":57,"column":9}},"type":"if","locations":[{"start":{"line":54,"column":8},"end":{"line":57,"column":9}},{"start":{},"end":{}}],"line":54},"1":{"loc":{"start":{"line":71,"column":8},"end":{"line":77,"column":9}},"type":"if","locations":[{"start":{"line":71,"column":8},"end":{"line":77,"column":9}},{"start":{"line":75,"column":15},"end":{"line":77,"column":9}}],"line":71},"2":{"loc":{"start":{"line":88,"column":8},"end":{"line":91,"column":9}},"type":"if","locations":[{"start":{"line":88,"column":8},"end":{"line":91,"column":9}},{"start":{},"end":{}}],"line":88}},"s":{"0":5,"1":5,"2":8,"3":8,"4":8,"5":8,"6":0,"7":8,"8":5,"9":0,"10":0,"11":0,"12":0,"13":5,"14":0,"15":0,"16":0,"17":0,"18":0,"19":0,"20":0,"21":5,"22":0,"23":0,"24":0,"25":0,"26":0,"27":0,"28":0,"29":0,"30":5,"31":0,"32":0,"33":0,"34":0,"35":0,"36":0,"37":0,"38":5},"f":{"0":8,"1":0,"2":0,"3":0,"4":0},"b":{"0":[0,0],"1":[0,0],"2":[0,0]},"_coverageSchema":"1a1c01bbd47fc00a2c39e90264f33305004495a9","hash":"52b51669aec8f1b60b7d13ad55b77af039f11ce5"}
,"/Users/jack/Coderacademy/Term3/t3a2/T3A2-B/igyb-back-end/src/controllers/functions/JwtFunctions.js": {"path":"/Users/jack/Coderacademy/Term3/t3a2/T3A2-B/igyb-back-end/src/controllers/functions/JwtFunctions.js","statementMap":{"0":{"start":{"line":1,"column":12},"end":{"line":1,"column":35}},"1":{"start":{"line":2,"column":15},"end":{"line":2,"column":32}},"2":{"start":{"line":3,"column":41},"end":{"line":3,"column":73}},"3":{"start":{"line":4,"column":0},"end":{"line":4,"column":16}},"4":{"start":{"line":7,"column":14},"end":{"line":7,"column":33}},"5":{"start":{"line":18,"column":4},"end":{"line":18,"column":67}},"6":{"start":{"line":30,"column":28},"end":{"line":30,"column":70}},"7":{"start":{"line":31,"column":4},"end":{"line":31,"column":50}},"8":{"start":{"line":42,"column":22},"end":{"line":42,"column":70}},"9":{"start":{"line":43,"column":4},"end":{"line":43,"column":23}},"10":{"start":{"line":54,"column":22},"end":{"line":54,"column":40}},"11":{"start":{"line":55,"column":4},"end":{"line":55,"column":51}},"12":{"start":{"line":58,"column":0},"end":{"line":63,"column":2}}},"fnMap":{"0":{"name":"createJwt","decl":{"start":{"line":17,"column":9},"end":{"line":17,"column":18}},"loc":{"start":{"line":17,"column":35},"end":{"line":19,"column":1}},"line":17},"1":{"name":"createUserJwt","decl":{"start":{"line":29,"column":9},"end":{"line":29,"column":22}},"loc":{"start":{"line":29,"column":36},"end":{"line":32,"column":1}},"line":29},"2":{"name":"verifyJwt","decl":{"start":{"line":41,"column":9},"end":{"line":41,"column":18}},"loc":{"start":{"line":41,"column":28},"end":{"line":44,"column":1}},"line":41},"3":{"name":"getUserDataFromJwt","decl":{"start":{"line":53,"column":9},"end":{"line":53,"column":27}},"loc":{"start":{"line":53,"column":37},"end":{"line":56,"column":1}},"line":53}},"branchMap":{},"s":{"0":5,"1":5,"2":5,"3":5,"4":5,"5":4,"6":3,"7":3,"8":10,"9":10,"10":9,"11":9,"12":5},"f":{"0":4,"1":3,"2":10,"3":9},"b":{},"_coverageSchema":"1a1c01bbd47fc00a2c39e90264f33305004495a9","hash":"0680b03ceeb7430e280c1e2e4142b8c03f95e14c"}
,"/Users/jack/Coderacademy/Term3/t3a2/T3A2-B/igyb-back-end/src/controllers/functions/PostFunctions.js": {"path":"/Users/jack/Coderacademy/Term3/t3a2/T3A2-B/igyb-back-end/src/controllers/functions/PostFunctions.js","statementMap":{"0":{"start":{"line":3,"column":17},"end":{"line":3,"column":50}},"1":{"start":{"line":4,"column":20},"end":{"line":4,"column":56}},"2":{"start":{"line":8,"column":19},"end":{"line":25,"column":1}},"3":{"start":{"line":9,"column":4},"end":{"line":24,"column":5}},"4":{"start":{"line":10,"column":46},"end":{"line":10,"column":58}},"5":{"start":{"line":11,"column":21},"end":{"line":17,"column":10}},"6":{"start":{"line":19,"column":28},"end":{"line":19,"column":45}},"7":{"start":{"line":20,"column":8},"end":{"line":20,"column":42}},"8":{"start":{"line":23,"column":8},"end":{"line":23,"column":20}},"9":{"start":{"line":29,"column":19},"end":{"line":56,"column":1}},"10":{"start":{"line":30,"column":4},"end":{"line":55,"column":5}},"11":{"start":{"line":32,"column":21},"end":{"line":32,"column":59}},"12":{"start":{"line":34,"column":8},"end":{"line":50,"column":9}},"13":{"start":{"line":35,"column":26},"end":{"line":35,"column":57}},"14":{"start":{"line":36,"column":12},"end":{"line":36,"column":24}},"15":{"start":{"line":37,"column":12},"end":{"line":37,"column":19}},"16":{"start":{"line":40,"column":56},"end":{"line":40,"column":60}},"17":{"start":{"line":41,"column":16},"end":{"line":41,"column":49}},"18":{"start":{"line":42,"column":16},"end":{"line":42,"column":55}},"19":{"start":{"line":43,"column":16},"end":{"line":43,"column":46}},"20":{"start":{"line":44,"column":16},"end":{"line":44,"column":49}},"21":{"start":{"line":45,"column":36},"end":{"line":45,"column":53}},"22":{"start":{"line":46,"column":16},"end":{"line":46,"column":50}},"23":{"start":{"line":49,"column":12},"end":{"line":49,"column":47}},"24":{"start":{"line":54,"column":8},"end":{"line":54,"column":20}},"25":{"start":{"line":59,"column":19},"end":{"line":76,"column":1}},"26":{"start":{"line":60,"column":4},"end":{"line":75,"column":5}},"27":{"start":{"line":61,"column":29},"end":{"line":61,"column":84}},"28":{"start":{"line":63,"column":8},"end":{"line":66,"column":9}},"29":{"start":{"line":64,"column":26},"end":{"line":64,"column":57}},"30":{"start":{"line":65,"column":12},"end":{"line":65,"column":31}},"31":{"start":{"line":68,"column":8},"end":{"line":68,"column":61}},"32":{"start":{"line":70,"column":8},"end":{"line":72,"column":10}},"33":{"start":{"line":74,"column":8},"end":{"line":74,"column":20}},"34":{"start":{"line":79,"column":16},"end":{"line":109,"column":1}},"35":{"start":{"line":80,"column":4},"end":{"line":108,"column":5}},"36":{"start":{"line":81,"column":21},"end":{"line":98,"column":10}},"37":{"start":{"line":100,"column":8},"end":{"line":103,"column":9}},"38":{"start":{"line":101,"column":26},"end":{"line":101,"column":57}},"39":{"start":{"line":102,"column":12},"end":{"line":102,"column":31}},"40":{"start":{"line":105,"column":8},"end":{"line":105,"column":35}},"41":{"start":{"line":107,"column":8},"end":{"line":107,"column":20}},"42":{"start":{"line":111,"column":20},"end":{"line":124,"column":1}},"43":{"start":{"line":112,"column":4},"end":{"line":123,"column":5}},"44":{"start":{"line":113,"column":22},"end":{"line":118,"column":10}},"45":{"start":{"line":120,"column":8},"end":{"line":120,"column":29}},"46":{"start":{"line":122,"column":8},"end":{"line":122,"column":20}},"47":{"start":{"line":127,"column":0},"end":{"line":133,"column":1}}},"fnMap":{"0":{"name":"(anonymous_0)","decl":{"start":{"line":8,"column":19},"end":{"line":8,"column":20}},"loc":{"start":{"line":8,"column":54},"end":{"line":25,"column":1}},"line":8},"1":{"name":"(anonymous_1)","decl":{"start":{"line":29,"column":19},"end":{"line":29,"column":20}},"loc":{"start":{"line":29,"column":54},"end":{"line":56,"column":1}},"line":29},"2":{"name":"handleUpdatePostData","decl":{"start":{"line":39,"column":27},"end":{"line":39,"column":47}},"loc":{"start":{"line":39,"column":54},"end":{"line":47,"column":13}},"line":39},"3":{"name":"(anonymous_3)","decl":{"start":{"line":59,"column":19},"end":{"line":59,"column":20}},"loc":{"start":{"line":59,"column":54},"end":{"line":76,"column":1}},"line":59},"4":{"name":"(anonymous_4)","decl":{"start":{"line":79,"column":16},"end":{"line":79,"column":17}},"loc":{"start":{"line":79,"column":51},"end":{"line":109,"column":1}},"line":79},"5":{"name":"(anonymous_5)","decl":{"start":{"line":111,"column":20},"end":{"line":111,"column":21}},"loc":{"start":{"line":111,"column":55},"end":{"line":124,"column":1}},"line":111}},"branchMap":{"0":{"loc":{"start":{"line":34,"column":8},"end":{"line":50,"column":9}},"type":"if","locations":[{"start":{"line":34,"column":8},"end":{"line":50,"column":9}},{"start":{"line":38,"column":15},"end":{"line":50,"column":9}}],"line":34},"1":{"loc":{"start":{"line":41,"column":29},"end":{"line":41,"column":48}},"type":"binary-expr","locations":[{"start":{"line":41,"column":29},"end":{"line":41,"column":34}},{"start":{"line":41,"column":38},"end":{"line":41,"column":48}}],"line":41},"2":{"loc":{"start":{"line":42,"column":31},"end":{"line":42,"column":54}},"type":"binary-expr","locations":[{"start":{"line":42,"column":31},"end":{"line":42,"column":38}},{"start":{"line":42,"column":42},"end":{"line":42,"column":54}}],"line":42},"3":{"loc":{"start":{"line":43,"column":28},"end":{"line":43,"column":45}},"type":"binary-expr","locations":[{"start":{"line":43,"column":28},"end":{"line":43,"column":32}},{"start":{"line":43,"column":36},"end":{"line":43,"column":45}}],"line":43},"4":{"loc":{"start":{"line":44,"column":29},"end":{"line":44,"column":48}},"type":"binary-expr","locations":[{"start":{"line":44,"column":29},"end":{"line":44,"column":34}},{"start":{"line":44,"column":38},"end":{"line":44,"column":48}}],"line":44},"5":{"loc":{"start":{"line":63,"column":8},"end":{"line":66,"column":9}},"type":"if","locations":[{"start":{"line":63,"column":8},"end":{"line":66,"column":9}},{"start":{},"end":{}}],"line":63},"6":{"loc":{"start":{"line":100,"column":8},"end":{"line":103,"column":9}},"type":"if","locations":[{"start":{"line":100,"column":8},"end":{"line":103,"column":9}},{"start":{},"end":{}}],"line":100}},"s":{"0":5,"1":5,"2":5,"3":0,"4":0,"5":0,"6":0,"7":0,"8":0,"9":5,"10":0,"11":0,"12":0,"13":0,"14":0,"15":0,"16":0,"17":0,"18":0,"19":0,"20":0,"21":0,"22":0,"23":0,"24":0,"25":5,"26":0,"27":0,"28":0,"29":0,"30":0,"31":0,"32":0,"33":0,"34":5,"35":0,"36":0,"37":0,"38":0,"39":0,"40":0,"41":0,"42":5,"43":0,"44":0,"45":0,"46":0,"47":5},"f":{"0":0,"1":0,"2":0,"3":0,"4":0,"5":0},"b":{"0":[0,0],"1":[0,0],"2":[0,0],"3":[0,0],"4":[0,0],"5":[0,0],"6":[0,0]},"_coverageSchema":"1a1c01bbd47fc00a2c39e90264f33305004495a9","hash":"5666e46b9e8c3bc35fb96632ac5e905702d64154"}
,"/Users/jack/Coderacademy/Term3/t3a2/T3A2-B/igyb-back-end/src/controllers/functions/RoleFunctions.js": {"path":"/Users/jack/Coderacademy/Term3/t3a2/T3A2-B/igyb-back-end/src/controllers/functions/RoleFunctions.js","statementMap":{"0":{"start":{"line":3,"column":17},"end":{"line":3,"column":50}},"1":{"start":{"line":4,"column":17},"end":{"line":4,"column":50}},"2":{"start":{"line":14,"column":4},"end":{"line":14,"column":31}},"3":{"start":{"line":29,"column":17},"end":{"line":29,"column":48}},"4":{"start":{"line":33,"column":4},"end":{"line":33,"column":52}},"5":{"start":{"line":45,"column":20},"end":{"line":45,"column":65}},"6":{"start":{"line":46,"column":4},"end":{"line":46,"column":36}},"7":{"start":{"line":58,"column":20},"end":{"line":58,"column":62}},"8":{"start":{"line":59,"column":4},"end":{"line":59,"column":26}},"9":{"start":{"line":63,"column":0},"end":{"line":68,"column":2}}},"fnMap":{"0":{"name":"getAllRoles","decl":{"start":{"line":13,"column":15},"end":{"line":13,"column":26}},"loc":{"start":{"line":13,"column":29},"end":{"line":15,"column":1}},"line":13},"1":{"name":"getUsersWithRole","decl":{"start":{"line":27,"column":15},"end":{"line":27,"column":31}},"loc":{"start":{"line":27,"column":42},"end":{"line":34,"column":1}},"line":27},"2":{"name":"getRoleIdByName","decl":{"start":{"line":44,"column":15},"end":{"line":44,"column":30}},"loc":{"start":{"line":44,"column":41},"end":{"line":47,"column":1}},"line":44},"3":{"name":"getRoleNameById","decl":{"start":{"line":57,"column":15},"end":{"line":57,"column":30}},"loc":{"start":{"line":57,"column":39},"end":{"line":60,"column":1}},"line":57}},"branchMap":{},"s":{"0":5,"1":5,"2":1,"3":1,"4":1,"5":9,"6":9,"7":2,"8":2,"9":5},"f":{"0":1,"1":1,"2":9,"3":2},"b":{},"_coverageSchema":"1a1c01bbd47fc00a2c39e90264f33305004495a9","hash":"482af61ba67f9dedc95e4829dc058f4c0487c837"}
,"/Users/jack/Coderacademy/Term3/t3a2/T3A2-B/igyb-back-end/src/controllers/functions/UserFunctions.js": {"path":"/Users/jack/Coderacademy/Term3/t3a2/T3A2-B/igyb-back-end/src/controllers/functions/UserFunctions.js","statementMap":{"0":{"start":{"line":3,"column":17},"end":{"line":3,"column":50}},"1":{"start":{"line":4,"column":23},"end":{"line":4,"column":55}},"2":{"start":{"line":5,"column":28},"end":{"line":5,"column":54}},"3":{"start":{"line":21,"column":4},"end":{"line":21,"column":65}},"4":{"start":{"line":23,"column":4},"end":{"line":23,"column":82}},"5":{"start":{"line":24,"column":4},"end":{"line":24,"column":41}},"6":{"start":{"line":38,"column":4},"end":{"line":38,"column":61}},"7":{"start":{"line":52,"column":4},"end":{"line":52,"column":75}},"8":{"start":{"line":64,"column":4},"end":{"line":64,"column":62}},"9":{"start":{"line":80,"column":4},"end":{"line":80,"column":121}},"10":{"start":{"line":93,"column":4},"end":{"line":93,"column":54}},"11":{"start":{"line":97,"column":0},"end":{"line":104,"column":1}}},"fnMap":{"0":{"name":"createNewUser","decl":{"start":{"line":19,"column":15},"end":{"line":19,"column":28}},"loc":{"start":{"line":19,"column":41},"end":{"line":25,"column":1}},"line":19},"1":{"name":"getAllUsers","decl":{"start":{"line":37,"column":15},"end":{"line":37,"column":26}},"loc":{"start":{"line":37,"column":28},"end":{"line":40,"column":1}},"line":37},"2":{"name":"getUserByUsername","decl":{"start":{"line":50,"column":15},"end":{"line":50,"column":32}},"loc":{"start":{"line":50,"column":42},"end":{"line":53,"column":1}},"line":50},"3":{"name":"getUserById","decl":{"start":{"line":63,"column":15},"end":{"line":63,"column":26}},"loc":{"start":{"line":63,"column":34},"end":{"line":65,"column":1}},"line":63},"4":{"name":"updateUserById","decl":{"start":{"line":79,"column":15},"end":{"line":79,"column":29}},"loc":{"start":{"line":79,"column":54},"end":{"line":81,"column":1}},"line":79},"5":{"name":"deleteUserById","decl":{"start":{"line":92,"column":15},"end":{"line":92,"column":29}},"loc":{"start":{"line":92,"column":37},"end":{"line":94,"column":1}},"line":92}},"branchMap":{"0":{"loc":{"start":{"line":23,"column":4},"end":{"line":23,"column":82}},"type":"cond-expr","locations":[{"start":{"line":23,"column":24},"end":{"line":23,"column":77}},{"start":{"line":23,"column":80},"end":{"line":23,"column":82}}],"line":23}},"s":{"0":5,"1":5,"2":5,"3":6,"4":6,"5":6,"6":1,"7":7,"8":2,"9":1,"10":1,"11":5},"f":{"0":6,"1":1,"2":7,"3":2,"4":1,"5":1},"b":{"0":[6,0]},"_coverageSchema":"1a1c01bbd47fc00a2c39e90264f33305004495a9","hash":"d24c493ae3e5f9a2fdd68b6807cdf4b0284bfd58"}
,"/Users/jack/Coderacademy/Term3/t3a2/T3A2-B/igyb-back-end/src/controllers/middleware/authMiddleware.js": {"path":"/Users/jack/Coderacademy/Term3/t3a2/T3A2-B/igyb-back-end/src/controllers/middleware/authMiddleware.js","statementMap":{"0":{"start":{"line":2,"column":31},"end":{"line":2,"column":67}},"1":{"start":{"line":3,"column":28},"end":{"line":3,"column":65}},"2":{"start":{"line":10,"column":28},"end":{"line":32,"column":1}},"3":{"start":{"line":11,"column":4},"end":{"line":31,"column":5}},"4":{"start":{"line":13,"column":8},"end":{"line":16,"column":9}},"5":{"start":{"line":14,"column":12},"end":{"line":14,"column":33}},"6":{"start":{"line":15,"column":12},"end":{"line":15,"column":50}},"7":{"start":{"line":18,"column":23},"end":{"line":18,"column":77}},"8":{"start":{"line":21,"column":8},"end":{"line":21,"column":46}},"9":{"start":{"line":22,"column":8},"end":{"line":22,"column":53}},"10":{"start":{"line":23,"column":8},"end":{"line":23,"column":94}},"11":{"start":{"line":24,"column":8},"end":{"line":24,"column":72}},"12":{"start":{"line":25,"column":8},"end":{"line":25,"column":59}},"13":{"start":{"line":27,"column":8},"end":{"line":27,"column":15}},"14":{"start":{"line":30,"column":8},"end":{"line":30,"column":20}},"15":{"start":{"line":36,"column":31},"end":{"line":56,"column":1}},"16":{"start":{"line":37,"column":4},"end":{"line":55,"column":5}},"17":{"start":{"line":39,"column":8},"end":{"line":41,"column":9}},"18":{"start":{"line":40,"column":12},"end":{"line":40,"column":84}},"19":{"start":{"line":42,"column":8},"end":{"line":52,"column":9}},"20":{"start":{"line":48,"column":12},"end":{"line":48,"column":19}},"21":{"start":{"line":50,"column":12},"end":{"line":50,"column":33}},"22":{"start":{"line":51,"column":12},"end":{"line":51,"column":75}},"23":{"start":{"line":54,"column":8},"end":{"line":54,"column":20}},"24":{"start":{"line":58,"column":24},"end":{"line":76,"column":1}},"25":{"start":{"line":59,"column":4},"end":{"line":75,"column":5}},"26":{"start":{"line":61,"column":8},"end":{"line":63,"column":9}},"27":{"start":{"line":62,"column":12},"end":{"line":62,"column":84}},"28":{"start":{"line":64,"column":8},"end":{"line":72,"column":9}},"29":{"start":{"line":68,"column":12},"end":{"line":68,"column":19}},"30":{"start":{"line":70,"column":12},"end":{"line":70,"column":33}},"31":{"start":{"line":71,"column":12},"end":{"line":71,"column":75}},"32":{"start":{"line":74,"column":8},"end":{"line":74,"column":20}},"33":{"start":{"line":79,"column":23},"end":{"line":96,"column":1}},"34":{"start":{"line":80,"column":4},"end":{"line":95,"column":5}},"35":{"start":{"line":82,"column":8},"end":{"line":84,"column":9}},"36":{"start":{"line":83,"column":12},"end":{"line":83,"column":84}},"37":{"start":{"line":86,"column":8},"end":{"line":92,"column":9}},"38":{"start":{"line":87,"column":12},"end":{"line":87,"column":19}},"39":{"start":{"line":90,"column":12},"end":{"line":90,"column":33}},"40":{"start":{"line":91,"column":12},"end":{"line":91,"column":75}},"41":{"start":{"line":94,"column":8},"end":{"line":94,"column":20}},"42":{"start":{"line":98,"column":0},"end":{"line":103,"column":2}}},"fnMap":{"0":{"name":"(anonymous_0)","decl":{"start":{"line":10,"column":28},"end":{"line":10,"column":29}},"loc":{"start":{"line":10,"column":63},"end":{"line":32,"column":1}},"line":10},"1":{"name":"(anonymous_1)","decl":{"start":{"line":36,"column":31},"end":{"line":36,"column":32}},"loc":{"start":{"line":36,"column":66},"end":{"line":56,"column":1}},"line":36},"2":{"name":"(anonymous_2)","decl":{"start":{"line":58,"column":24},"end":{"line":58,"column":25}},"loc":{"start":{"line":58,"column":59},"end":{"line":76,"column":1}},"line":58},"3":{"name":"(anonymous_3)","decl":{"start":{"line":79,"column":23},"end":{"line":79,"column":24}},"loc":{"start":{"line":79,"column":58},"end":{"line":96,"column":1}},"line":79}},"branchMap":{"0":{"loc":{"start":{"line":13,"column":8},"end":{"line":16,"column":9}},"type":"if","locations":[{"start":{"line":13,"column":8},"end":{"line":16,"column":9}},{"start":{},"end":{}}],"line":13},"1":{"loc":{"start":{"line":23,"column":35},"end":{"line":23,"column":93}},"type":"binary-expr","locations":[{"start":{"line":23,"column":35},"end":{"line":23,"column":53}},{"start":{"line":23,"column":57},"end":{"line":23,"column":93}}],"line":23},"2":{"loc":{"start":{"line":24,"column":37},"end":{"line":24,"column":71}},"type":"binary-expr","locations":[{"start":{"line":24,"column":37},"end":{"line":24,"column":54}},{"start":{"line":24,"column":58},"end":{"line":24,"column":71}}],"line":24},"3":{"loc":{"start":{"line":39,"column":8},"end":{"line":41,"column":9}},"type":"if","locations":[{"start":{"line":39,"column":8},"end":{"line":41,"column":9}},{"start":{},"end":{}}],"line":39},"4":{"loc":{"start":{"line":39,"column":12},"end":{"line":39,"column":97}},"type":"binary-expr","locations":[{"start":{"line":39,"column":12},"end":{"line":39,"column":35}},{"start":{"line":39,"column":39},"end":{"line":39,"column":64}},{"start":{"line":39,"column":68},"end":{"line":39,"column":97}}],"line":39},"5":{"loc":{"start":{"line":42,"column":8},"end":{"line":52,"column":9}},"type":"if","locations":[{"start":{"line":42,"column":8},"end":{"line":52,"column":9}},{"start":{"line":49,"column":15},"end":{"line":52,"column":9}}],"line":42},"6":{"loc":{"start":{"line":44,"column":12},"end":{"line":46,"column":50}},"type":"binary-expr","locations":[{"start":{"line":44,"column":12},"end":{"line":44,"column":62}},{"start":{"line":46,"column":12},"end":{"line":46,"column":50}}],"line":44},"7":{"loc":{"start":{"line":61,"column":8},"end":{"line":63,"column":9}},"type":"if","locations":[{"start":{"line":61,"column":8},"end":{"line":63,"column":9}},{"start":{},"end":{}}],"line":61},"8":{"loc":{"start":{"line":61,"column":12},"end":{"line":61,"column":97}},"type":"binary-expr","locations":[{"start":{"line":61,"column":12},"end":{"line":61,"column":35}},{"start":{"line":61,"column":39},"end":{"line":61,"column":64}},{"start":{"line":61,"column":68},"end":{"line":61,"column":97}}],"line":61},"9":{"loc":{"start":{"line":64,"column":8},"end":{"line":72,"column":9}},"type":"if","locations":[{"start":{"line":64,"column":8},"end":{"line":72,"column":9}},{"start":{"line":69,"column":15},"end":{"line":72,"column":9}}],"line":64},"10":{"loc":{"start":{"line":82,"column":8},"end":{"line":84,"column":9}},"type":"if","locations":[{"start":{"line":82,"column":8},"end":{"line":84,"column":9}},{"start":{},"end":{}}],"line":82},"11":{"loc":{"start":{"line":86,"column":8},"end":{"line":92,"column":9}},"type":"if","locations":[{"start":{"line":86,"column":8},"end":{"line":92,"column":9}},{"start":{"line":88,"column":15},"end":{"line":92,"column":9}}],"line":86}},"s":{"0":5,"1":5,"2":5,"3":8,"4":8,"5":0,"6":0,"7":8,"8":8,"9":8,"10":8,"11":8,"12":8,"13":8,"14":0,"15":5,"16":0,"17":0,"18":0,"19":0,"20":0,"21":0,"22":0,"23":0,"24":5,"25":0,"26":0,"27":0,"28":0,"29":0,"30":0,"31":0,"32":0,"33":5,"34":0,"35":0,"36":0,"37":0,"38":0,"39":0,"40":0,"41":0,"42":5},"f":{"0":8,"1":0,"2":0,"3":0},"b":{"0":[0,8],"1":[8,0],"2":[8,0],"3":[0,0],"4":[0,0,0],"5":[0,0],"6":[0,0],"7":[0,0],"8":[0,0,0],"9":[0,0],"10":[0,0],"11":[0,0]},"_coverageSchema":"1a1c01bbd47fc00a2c39e90264f33305004495a9","hash":"32188a1b8b9607970c8c6aab562afcd03c5cfe87"}
,"/Users/jack/Coderacademy/Term3/t3a2/T3A2-B/igyb-back-end/src/controllers/middleware/errorMiddleware.js": {"path":"/Users/jack/Coderacademy/Term3/t3a2/T3A2-B/igyb-back-end/src/controllers/middleware/errorMiddleware.js","statementMap":{"0":{"start":{"line":2,"column":61},"end":{"line":2,"column":99}},"1":{"start":{"line":6,"column":22},"end":{"line":19,"column":1}},"2":{"start":{"line":7,"column":4},"end":{"line":18,"column":5}},"3":{"start":{"line":9,"column":27},"end":{"line":9,"column":61}},"4":{"start":{"line":11,"column":8},"end":{"line":11,"column":44}},"5":{"start":{"line":12,"column":8},"end":{"line":12,"column":51}},"6":{"start":{"line":14,"column":8},"end":{"line":14,"column":15}},"7":{"start":{"line":17,"column":8},"end":{"line":17,"column":27}},"8":{"start":{"line":22,"column":20},"end":{"line":30,"column":1}},"9":{"start":{"line":23,"column":4},"end":{"line":29,"column":5}},"10":{"start":{"line":24,"column":27},"end":{"line":24,"column":86}},"11":{"start":{"line":25,"column":8},"end":{"line":25,"column":61}},"12":{"start":{"line":26,"column":8},"end":{"line":26,"column":14}},"13":{"start":{"line":28,"column":8},"end":{"line":28,"column":19}},"14":{"start":{"line":33,"column":20},"end":{"line":41,"column":1}},"15":{"start":{"line":34,"column":4},"end":{"line":40,"column":5}},"16":{"start":{"line":35,"column":27},"end":{"line":35,"column":72}},"17":{"start":{"line":36,"column":8},"end":{"line":36,"column":60}},"18":{"start":{"line":37,"column":8},"end":{"line":37,"column":14}},"19":{"start":{"line":39,"column":8},"end":{"line":39,"column":19}},"20":{"start":{"line":45,"column":0},"end":{"line":49,"column":1}}},"fnMap":{"0":{"name":"(anonymous_0)","decl":{"start":{"line":6,"column":22},"end":{"line":6,"column":23}},"loc":{"start":{"line":6,"column":57},"end":{"line":19,"column":1}},"line":6},"1":{"name":"(anonymous_1)","decl":{"start":{"line":22,"column":20},"end":{"line":22,"column":21}},"loc":{"start":{"line":22,"column":55},"end":{"line":30,"column":1}},"line":22},"2":{"name":"(anonymous_2)","decl":{"start":{"line":33,"column":20},"end":{"line":33,"column":21}},"loc":{"start":{"line":33,"column":55},"end":{"line":41,"column":1}},"line":33}},"branchMap":{},"s":{"0":5,"1":5,"2":0,"3":0,"4":0,"5":0,"6":0,"7":0,"8":5,"9":0,"10":0,"11":0,"12":0,"13":0,"14":5,"15":0,"16":0,"17":0,"18":0,"19":0,"20":5},"f":{"0":0,"1":0,"2":0},"b":{},"_coverageSchema":"1a1c01bbd47fc00a2c39e90264f33305004495a9","hash":"3bf71b9522aecbc1100a9bfa50648bf9ab052912"}
,"/Users/jack/Coderacademy/Term3/t3a2/T3A2-B/igyb-back-end/src/controllers/middleware/userMiddleware.js": {"path":"/Users/jack/Coderacademy/Term3/t3a2/T3A2-B/igyb-back-end/src/controllers/middleware/userMiddleware.js","statementMap":{"0":{"start":{"line":8,"column":4},"end":{"line":8,"column":41}},"1":{"start":{"line":9,"column":46},"end":{"line":9,"column":82}},"2":{"start":{"line":10,"column":45},"end":{"line":10,"column":82}},"3":{"start":{"line":11,"column":42},"end":{"line":11,"column":85}},"4":{"start":{"line":16,"column":14},"end":{"line":48,"column":1}},"5":{"start":{"line":17,"column":4},"end":{"line":47,"column":5}},"6":{"start":{"line":19,"column":8},"end":{"line":21,"column":9}},"7":{"start":{"line":20,"column":12},"end":{"line":20,"column":66}},"8":{"start":{"line":23,"column":23},"end":{"line":23,"column":35}},"9":{"start":{"line":24,"column":25},"end":{"line":24,"column":67}},"10":{"start":{"line":27,"column":8},"end":{"line":30,"column":9}},"11":{"start":{"line":28,"column":12},"end":{"line":28,"column":33}},"12":{"start":{"line":29,"column":12},"end":{"line":29,"column":52}},"13":{"start":{"line":33,"column":8},"end":{"line":36,"column":9}},"14":{"start":{"line":34,"column":12},"end":{"line":34,"column":33}},"15":{"start":{"line":35,"column":12},"end":{"line":35,"column":50}},"16":{"start":{"line":40,"column":8},"end":{"line":40,"column":56}},"17":{"start":{"line":41,"column":8},"end":{"line":41,"column":53}},"18":{"start":{"line":42,"column":8},"end":{"line":42,"column":52}},"19":{"start":{"line":44,"column":8},"end":{"line":44,"column":15}},"20":{"start":{"line":46,"column":8},"end":{"line":46,"column":20}},"21":{"start":{"line":51,"column":23},"end":{"line":85,"column":1}},"22":{"start":{"line":52,"column":4},"end":{"line":84,"column":5}},"23":{"start":{"line":54,"column":8},"end":{"line":56,"column":9}},"24":{"start":{"line":55,"column":12},"end":{"line":55,"column":93}},"25":{"start":{"line":58,"column":23},"end":{"line":58,"column":33}},"26":{"start":{"line":59,"column":21},"end":{"line":59,"column":29}},"27":{"start":{"line":62,"column":8},"end":{"line":64,"column":9}},"28":{"start":{"line":63,"column":12},"end":{"line":63,"column":23}},"29":{"start":{"line":66,"column":8},"end":{"line":79,"column":9}},"30":{"start":{"line":67,"column":12},"end":{"line":71,"column":15}},"31":{"start":{"line":73,"column":12},"end":{"line":78,"column":15}},"32":{"start":{"line":81,"column":8},"end":{"line":81,"column":15}},"33":{"start":{"line":83,"column":8},"end":{"line":83,"column":20}},"34":{"start":{"line":89,"column":24},"end":{"line":126,"column":1}},"35":{"start":{"line":90,"column":4},"end":{"line":125,"column":5}},"36":{"start":{"line":92,"column":8},"end":{"line":96,"column":9}},"37":{"start":{"line":93,"column":12},"end":{"line":95,"column":15}},"38":{"start":{"line":99,"column":23},"end":{"line":99,"column":77}},"39":{"start":{"line":102,"column":25},"end":{"line":102,"column":56}},"40":{"start":{"line":106,"column":8},"end":{"line":109,"column":9}},"41":{"start":{"line":107,"column":12},"end":{"line":107,"column":42}},"42":{"start":{"line":108,"column":12},"end":{"line":108,"column":19}},"43":{"start":{"line":113,"column":8},"end":{"line":115,"column":9}},"44":{"start":{"line":114,"column":12},"end":{"line":114,"column":87}},"45":{"start":{"line":118,"column":8},"end":{"line":118,"column":46}},"46":{"start":{"line":119,"column":8},"end":{"line":119,"column":53}},"47":{"start":{"line":120,"column":8},"end":{"line":120,"column":88}},"48":{"start":{"line":122,"column":8},"end":{"line":122,"column":15}},"49":{"start":{"line":124,"column":8},"end":{"line":124,"column":20}},"50":{"start":{"line":130,"column":19},"end":{"line":139,"column":1}},"51":{"start":{"line":131,"column":4},"end":{"line":138,"column":5}},"52":{"start":{"line":132,"column":8},"end":{"line":134,"column":47}},"53":{"start":{"line":135,"column":8},"end":{"line":135,"column":15}},"54":{"start":{"line":137,"column":8},"end":{"line":137,"column":20}},"55":{"start":{"line":142,"column":15},"end":{"line":145,"column":1}},"56":{"start":{"line":143,"column":4},"end":{"line":143,"column":34}},"57":{"start":{"line":144,"column":4},"end":{"line":144,"column":11}},"58":{"start":{"line":148,"column":21},"end":{"line":161,"column":1}},"59":{"start":{"line":149,"column":4},"end":{"line":160,"column":5}},"60":{"start":{"line":150,"column":27},"end":{"line":150,"column":60}},"61":{"start":{"line":152,"column":8},"end":{"line":152,"column":44}},"62":{"start":{"line":153,"column":8},"end":{"line":153,"column":58}},"63":{"start":{"line":154,"column":8},"end":{"line":154,"column":57}},"64":{"start":{"line":155,"column":8},"end":{"line":155,"column":72}},"65":{"start":{"line":157,"column":8},"end":{"line":157,"column":15}},"66":{"start":{"line":159,"column":8},"end":{"line":159,"column":28}},"67":{"start":{"line":164,"column":19},"end":{"line":172,"column":1}},"68":{"start":{"line":165,"column":4},"end":{"line":171,"column":5}},"69":{"start":{"line":166,"column":26},"end":{"line":166,"column":71}},"70":{"start":{"line":167,"column":8},"end":{"line":167,"column":62}},"71":{"start":{"line":168,"column":8},"end":{"line":168,"column":15}},"72":{"start":{"line":170,"column":8},"end":{"line":170,"column":20}},"73":{"start":{"line":174,"column":19},"end":{"line":191,"column":1}},"74":{"start":{"line":175,"column":4},"end":{"line":190,"column":5}},"75":{"start":{"line":176,"column":8},"end":{"line":178,"column":9}},"76":{"start":{"line":177,"column":12},"end":{"line":177,"column":76}},"77":{"start":{"line":179,"column":8},"end":{"line":183,"column":9}},"78":{"start":{"line":180,"column":12},"end":{"line":180,"column":67}},"79":{"start":{"line":181,"column":15},"end":{"line":183,"column":9}},"80":{"start":{"line":182,"column":12},"end":{"line":182,"column":72}},"81":{"start":{"line":184,"column":26},"end":{"line":184,"column":85}},"82":{"start":{"line":185,"column":8},"end":{"line":185,"column":49}},"83":{"start":{"line":186,"column":8},"end":{"line":186,"column":57}},"84":{"start":{"line":187,"column":8},"end":{"line":187,"column":15}},"85":{"start":{"line":189,"column":8},"end":{"line":189,"column":20}},"86":{"start":{"line":193,"column":16},"end":{"line":204,"column":1}},"87":{"start":{"line":194,"column":4},"end":{"line":203,"column":5}},"88":{"start":{"line":195,"column":19},"end":{"line":195,"column":67}},"89":{"start":{"line":196,"column":27},"end":{"line":196,"column":43}},"90":{"start":{"line":197,"column":8},"end":{"line":197,"column":37}},"91":{"start":{"line":198,"column":8},"end":{"line":198,"column":32}},"92":{"start":{"line":199,"column":8},"end":{"line":199,"column":44}},"93":{"start":{"line":200,"column":8},"end":{"line":200,"column":15}},"94":{"start":{"line":202,"column":8},"end":{"line":202,"column":20}},"95":{"start":{"line":206,"column":0},"end":{"line":216,"column":2}}},"fnMap":{"0":{"name":"(anonymous_0)","decl":{"start":{"line":16,"column":14},"end":{"line":16,"column":15}},"loc":{"start":{"line":16,"column":49},"end":{"line":48,"column":1}},"line":16},"1":{"name":"(anonymous_1)","decl":{"start":{"line":51,"column":23},"end":{"line":51,"column":24}},"loc":{"start":{"line":51,"column":58},"end":{"line":85,"column":1}},"line":51},"2":{"name":"(anonymous_2)","decl":{"start":{"line":89,"column":24},"end":{"line":89,"column":25}},"loc":{"start":{"line":89,"column":59},"end":{"line":126,"column":1}},"line":89},"3":{"name":"(anonymous_3)","decl":{"start":{"line":130,"column":19},"end":{"line":130,"column":20}},"loc":{"start":{"line":130,"column":54},"end":{"line":139,"column":1}},"line":130},"4":{"name":"(anonymous_4)","decl":{"start":{"line":142,"column":15},"end":{"line":142,"column":16}},"loc":{"start":{"line":142,"column":50},"end":{"line":145,"column":1}},"line":142},"5":{"name":"(anonymous_5)","decl":{"start":{"line":148,"column":21},"end":{"line":148,"column":22}},"loc":{"start":{"line":148,"column":56},"end":{"line":161,"column":1}},"line":148},"6":{"name":"(anonymous_6)","decl":{"start":{"line":164,"column":19},"end":{"line":164,"column":20}},"loc":{"start":{"line":164,"column":54},"end":{"line":172,"column":1}},"line":164},"7":{"name":"(anonymous_7)","decl":{"start":{"line":174,"column":19},"end":{"line":174,"column":20}},"loc":{"start":{"line":174,"column":54},"end":{"line":191,"column":1}},"line":174},"8":{"name":"(anonymous_8)","decl":{"start":{"line":193,"column":16},"end":{"line":193,"column":17}},"loc":{"start":{"line":193,"column":51},"end":{"line":204,"column":1}},"line":193}},"branchMap":{"0":{"loc":{"start":{"line":19,"column":8},"end":{"line":21,"column":9}},"type":"if","locations":[{"start":{"line":19,"column":8},"end":{"line":21,"column":9}},{"start":{},"end":{}}],"line":19},"1":{"loc":{"start":{"line":19,"column":12},"end":{"line":19,"column":60}},"type":"binary-expr","locations":[{"start":{"line":19,"column":12},"end":{"line":19,"column":34}},{"start":{"line":19,"column":38},"end":{"line":19,"column":60}}],"line":19},"2":{"loc":{"start":{"line":27,"column":8},"end":{"line":30,"column":9}},"type":"if","locations":[{"start":{"line":27,"column":8},"end":{"line":30,"column":9}},{"start":{},"end":{}}],"line":27},"3":{"loc":{"start":{"line":33,"column":8},"end":{"line":36,"column":9}},"type":"if","locations":[{"start":{"line":33,"column":8},"end":{"line":36,"column":9}},{"start":{},"end":{}}],"line":33},"4":{"loc":{"start":{"line":54,"column":8},"end":{"line":56,"column":9}},"type":"if","locations":[{"start":{"line":54,"column":8},"end":{"line":56,"column":9}},{"start":{},"end":{}}],"line":54},"5":{"loc":{"start":{"line":62,"column":8},"end":{"line":64,"column":9}},"type":"if","locations":[{"start":{"line":62,"column":8},"end":{"line":64,"column":9}},{"start":{},"end":{}}],"line":62},"6":{"loc":{"start":{"line":66,"column":8},"end":{"line":79,"column":9}},"type":"if","locations":[{"start":{"line":66,"column":8},"end":{"line":79,"column":9}},{"start":{"line":72,"column":15},"end":{"line":79,"column":9}}],"line":66},"7":{"loc":{"start":{"line":92,"column":8},"end":{"line":96,"column":9}},"type":"if","locations":[{"start":{"line":92,"column":8},"end":{"line":96,"column":9}},{"start":{},"end":{}}],"line":92},"8":{"loc":{"start":{"line":106,"column":8},"end":{"line":109,"column":9}},"type":"if","locations":[{"start":{"line":106,"column":8},"end":{"line":109,"column":9}},{"start":{},"end":{}}],"line":106},"9":{"loc":{"start":{"line":113,"column":8},"end":{"line":115,"column":9}},"type":"if","locations":[{"start":{"line":113,"column":8},"end":{"line":115,"column":9}},{"start":{},"end":{}}],"line":113},"10":{"loc":{"start":{"line":120,"column":35},"end":{"line":120,"column":87}},"type":"binary-expr","locations":[{"start":{"line":120,"column":35},"end":{"line":120,"column":53}},{"start":{"line":120,"column":57},"end":{"line":120,"column":87}}],"line":120},"11":{"loc":{"start":{"line":132,"column":8},"end":{"line":134,"column":46}},"type":"cond-expr","locations":[{"start":{"line":133,"column":15},"end":{"line":133,"column":63}},{"start":{"line":134,"column":14},"end":{"line":134,"column":46}}],"line":132},"12":{"loc":{"start":{"line":176,"column":8},"end":{"line":178,"column":9}},"type":"if","locations":[{"start":{"line":176,"column":8},"end":{"line":178,"column":9}},{"start":{},"end":{}}],"line":176},"13":{"loc":{"start":{"line":179,"column":8},"end":{"line":183,"column":9}},"type":"if","locations":[{"start":{"line":179,"column":8},"end":{"line":183,"column":9}},{"start":{"line":181,"column":15},"end":{"line":183,"column":9}}],"line":179},"14":{"loc":{"start":{"line":181,"column":15},"end":{"line":183,"column":9}},"type":"if","locations":[{"start":{"line":181,"column":15},"end":{"line":183,"column":9}},{"start":{},"end":{}}],"line":181}},"s":{"0":5,"1":5,"2":5,"3":5,"4":5,"5":6,"6":6,"7":0,"8":6,"9":6,"10":6,"11":5,"12":5,"13":1,"14":0,"15":0,"16":1,"17":1,"18":1,"19":1,"20":5,"21":5,"22":2,"23":2,"24":0,"25":2,"26":2,"27":2,"28":0,"29":2,"30":2,"31":0,"32":2,"33":0,"34":5,"35":0,"36":0,"37":0,"38":0,"39":0,"40":0,"41":0,"42":0,"43":0,"44":0,"45":0,"46":0,"47":0,"48":0,"49":0,"50":5,"51":0,"52":0,"53":0,"54":0,"55":5,"56":0,"57":0,"58":5,"59":5,"60":5,"61":1,"62":1,"63":1,"64":1,"65":1,"66":4,"67":5,"68":0,"69":0,"70":0,"71":0,"72":0,"73":5,"74":0,"75":0,"76":0,"77":0,"78":0,"79":0,"80":0,"81":0,"82":0,"83":0,"84":0,"85":0,"86":5,"87":0,"88":0,"89":0,"90":0,"91":0,"92":0,"93":0,"94":0,"95":5},"f":{"0":6,"1":2,"2":0,"3":0,"4":0,"5":5,"6":0,"7":0,"8":0},"b":{"0":[0,6],"1":[6,6],"2":[5,1],"3":[0,1],"4":[0,2],"5":[0,2],"6":[2,0],"7":[0,0],"8":[0,0],"9":[0,0],"10":[0,0],"11":[0,0],"12":[0,0],"13":[0,0],"14":[0,0]},"_coverageSchema":"1a1c01bbd47fc00a2c39e90264f33305004495a9","hash":"d2d8107ef13ade6592072cecbf689d1f2eb7764a"}
,"/Users/jack/Coderacademy/Term3/t3a2/T3A2-B/igyb-back-end/src/models/CommentModel.js": {"path":"/Users/jack/Coderacademy/Term3/t3a2/T3A2-B/igyb-back-end/src/models/CommentModel.js","statementMap":{"0":{"start":{"line":1,"column":17},"end":{"line":1,"column":36}},"1":{"start":{"line":2,"column":14},"end":{"line":2,"column":30}},"2":{"start":{"line":3,"column":22},"end":{"line":3,"column":61}},"3":{"start":{"line":4,"column":0},"end":{"line":4,"column":30}},"4":{"start":{"line":6,"column":22},"end":{"line":28,"column":1}},"5":{"start":{"line":31,"column":0},"end":{"line":34,"column":3}},"6":{"start":{"line":33,"column":4},"end":{"line":33,"column":11}},"7":{"start":{"line":37,"column":0},"end":{"line":37,"column":49}},"8":{"start":{"line":38,"column":0},"end":{"line":38,"column":47}},"9":{"start":{"line":40,"column":0},"end":{"line":42,"column":3}},"10":{"start":{"line":41,"column":4},"end":{"line":41,"column":37}},"11":{"start":{"line":44,"column":16},"end":{"line":44,"column":56}},"12":{"start":{"line":45,"column":0},"end":{"line":45,"column":29}}},"fnMap":{"0":{"name":"(anonymous_0)","decl":{"start":{"line":31,"column":26},"end":{"line":31,"column":27}},"loc":{"start":{"line":31,"column":42},"end":{"line":34,"column":1}},"line":31},"1":{"name":"(anonymous_1)","decl":{"start":{"line":40,"column":31},"end":{"line":40,"column":32}},"loc":{"start":{"line":40,"column":48},"end":{"line":42,"column":1}},"line":40}},"branchMap":{},"s":{"0":5,"1":5,"2":5,"3":5,"4":5,"5":5,"6":0,"7":5,"8":5,"9":5,"10":0,"11":5,"12":5},"f":{"0":0,"1":0},"b":{},"_coverageSchema":"1a1c01bbd47fc00a2c39e90264f33305004495a9","hash":"395d04376d07a7ca770b1b7bc7bdbd318839be30"}
,"/Users/jack/Coderacademy/Term3/t3a2/T3A2-B/igyb-back-end/src/models/EventModel.js": {"path":"/Users/jack/Coderacademy/Term3/t3a2/T3A2-B/igyb-back-end/src/models/EventModel.js","statementMap":{"0":{"start":{"line":1,"column":17},"end":{"line":1,"column":36}},"1":{"start":{"line":2,"column":14},"end":{"line":2,"column":30}},"2":{"start":{"line":3,"column":22},"end":{"line":3,"column":61}},"3":{"start":{"line":4,"column":0},"end":{"line":4,"column":29}},"4":{"start":{"line":5,"column":27},"end":{"line":5,"column":74}},"5":{"start":{"line":7,"column":20},"end":{"line":21,"column":2}},"6":{"start":{"line":24,"column":0},"end":{"line":27,"column":3}},"7":{"start":{"line":26,"column":4},"end":{"line":26,"column":11}},"8":{"start":{"line":30,"column":0},"end":{"line":30,"column":47}},"9":{"start":{"line":31,"column":0},"end":{"line":31,"column":45}},"10":{"start":{"line":33,"column":0},"end":{"line":35,"column":3}},"11":{"start":{"line":34,"column":8},"end":{"line":34,"column":41}},"12":{"start":{"line":37,"column":14},"end":{"line":37,"column":50}},"13":{"start":{"line":39,"column":0},"end":{"line":39,"column":27}}},"fnMap":{"0":{"name":"(anonymous_0)","decl":{"start":{"line":24,"column":24},"end":{"line":24,"column":25}},"loc":{"start":{"line":24,"column":40},"end":{"line":27,"column":1}},"line":24},"1":{"name":"(anonymous_1)","decl":{"start":{"line":33,"column":29},"end":{"line":33,"column":30}},"loc":{"start":{"line":33,"column":46},"end":{"line":35,"column":1}},"line":33}},"branchMap":{},"s":{"0":5,"1":5,"2":5,"3":5,"4":5,"5":5,"6":5,"7":0,"8":5,"9":5,"10":5,"11":0,"12":5,"13":5},"f":{"0":0,"1":0},"b":{},"_coverageSchema":"1a1c01bbd47fc00a2c39e90264f33305004495a9","hash":"aa60d01aac58053164e9430eb4505b243e0b9b21"}
,"/Users/jack/Coderacademy/Term3/t3a2/T3A2-B/igyb-back-end/src/models/PostModel.js": {"path":"/Users/jack/Coderacademy/Term3/t3a2/T3A2-B/igyb-back-end/src/models/PostModel.js","statementMap":{"0":{"start":{"line":1,"column":17},"end":{"line":1,"column":36}},"1":{"start":{"line":2,"column":14},"end":{"line":2,"column":30}},"2":{"start":{"line":3,"column":22},"end":{"line":3,"column":61}},"3":{"start":{"line":4,"column":0},"end":{"line":4,"column":30}},"4":{"start":{"line":6,"column":19},"end":{"line":34,"column":1}},"5":{"start":{"line":36,"column":0},"end":{"line":40,"column":3}},"6":{"start":{"line":43,"column":0},"end":{"line":46,"column":3}},"7":{"start":{"line":45,"column":4},"end":{"line":45,"column":11}},"8":{"start":{"line":49,"column":0},"end":{"line":49,"column":46}},"9":{"start":{"line":50,"column":0},"end":{"line":50,"column":44}},"10":{"start":{"line":52,"column":0},"end":{"line":54,"column":3}},"11":{"start":{"line":53,"column":4},"end":{"line":53,"column":37}},"12":{"start":{"line":56,"column":13},"end":{"line":56,"column":47}},"13":{"start":{"line":57,"column":0},"end":{"line":57,"column":26}}},"fnMap":{"0":{"name":"(anonymous_0)","decl":{"start":{"line":43,"column":23},"end":{"line":43,"column":24}},"loc":{"start":{"line":43,"column":39},"end":{"line":46,"column":1}},"line":43},"1":{"name":"(anonymous_1)","decl":{"start":{"line":52,"column":28},"end":{"line":52,"column":29}},"loc":{"start":{"line":52,"column":45},"end":{"line":54,"column":1}},"line":52}},"branchMap":{},"s":{"0":5,"1":5,"2":5,"3":5,"4":5,"5":5,"6":5,"7":0,"8":5,"9":5,"10":5,"11":0,"12":5,"13":5},"f":{"0":0,"1":0},"b":{},"_coverageSchema":"1a1c01bbd47fc00a2c39e90264f33305004495a9","hash":"ebf5a2b9c41651d5f55ab2b47bd9afa212c9353e"}
,"/Users/jack/Coderacademy/Term3/t3a2/T3A2-B/igyb-back-end/src/models/RoleModel.js": {"path":"/Users/jack/Coderacademy/Term3/t3a2/T3A2-B/igyb-back-end/src/models/RoleModel.js","statementMap":{"0":{"start":{"line":1,"column":17},"end":{"line":1,"column":36}},"1":{"start":{"line":3,"column":19},"end":{"line":6,"column":2}},"2":{"start":{"line":8,"column":13},"end":{"line":8,"column":47}},"3":{"start":{"line":10,"column":0},"end":{"line":10,"column":25}}},"fnMap":{},"branchMap":{},"s":{"0":5,"1":5,"2":5,"3":5},"f":{},"b":{},"_coverageSchema":"1a1c01bbd47fc00a2c39e90264f33305004495a9","hash":"29754d715b14ea5c5c4333697a0b3f1e7f4546ca"}
,"/Users/jack/Coderacademy/Term3/t3a2/T3A2-B/igyb-back-end/src/models/UserModel.js": {"path":"/Users/jack/Coderacademy/Term3/t3a2/T3A2-B/igyb-back-end/src/models/UserModel.js","statementMap":{"0":{"start":{"line":1,"column":17},"end":{"line":1,"column":36}},"1":{"start":{"line":2,"column":48},"end":{"line":2,"column":94}},"2":{"start":{"line":4,"column":19},"end":{"line":29,"column":2}},"3":{"start":{"line":31,"column":13},"end":{"line":31,"column":47}},"4":{"start":{"line":33,"column":0},"end":{"line":33,"column":26}}},"fnMap":{},"branchMap":{},"s":{"0":5,"1":5,"2":5,"3":5,"4":5},"f":{},"b":{},"_coverageSchema":"1a1c01bbd47fc00a2c39e90264f33305004495a9","hash":"a5abc0deb9a73870c4457de26552139db26d76fb"}
,"/Users/jack/Coderacademy/Term3/t3a2/T3A2-B/igyb-back-end/src/models/validatorFunctions/eventValidators.js": {"path":"/Users/jack/Coderacademy/Term3/t3a2/T3A2-B/igyb-back-end/src/models/validatorFunctions/eventValidators.js","statementMap":{"0":{"start":{"line":1,"column":0},"end":{"line":6,"column":2}},"1":{"start":{"line":2,"column":4},"end":{"line":4,"column":5}},"2":{"start":{"line":3,"column":8},"end":{"line":3,"column":20}},"3":{"start":{"line":5,"column":4},"end":{"line":5,"column":60}},"4":{"start":{"line":14,"column":21},"end":{"line":19,"column":1}},"5":{"start":{"line":17,"column":28},"end":{"line":17,"column":68}},"6":{"start":{"line":20,"column":0},"end":{"line":22,"column":2}}},"fnMap":{"0":{"name":"(anonymous_0)","decl":{"start":{"line":1,"column":13},"end":{"line":1,"column":14}},"loc":{"start":{"line":1,"column":29},"end":{"line":6,"column":1}},"line":1},"1":{"name":"(anonymous_1)","decl":{"start":{"line":17,"column":17},"end":{"line":17,"column":18}},"loc":{"start":{"line":17,"column":28},"end":{"line":17,"column":68}},"line":17}},"branchMap":{"0":{"loc":{"start":{"line":2,"column":4},"end":{"line":4,"column":5}},"type":"if","locations":[{"start":{"line":2,"column":4},"end":{"line":4,"column":5}},{"start":{},"end":{}}],"line":2}},"s":{"0":5,"1":16,"2":0,"3":16,"4":5,"5":8,"6":5},"f":{"0":16,"1":8},"b":{"0":[0,16]},"_coverageSchema":"1a1c01bbd47fc00a2c39e90264f33305004495a9","hash":"67a958a042b439463c49d99481f2a05be95a5f35"}
,"/Users/jack/Coderacademy/Term3/t3a2/T3A2-B/igyb-back-end/src/models/validatorFunctions/userValidators.js": {"path":"/Users/jack/Coderacademy/Term3/t3a2/T3A2-B/igyb-back-end/src/models/validatorFunctions/userValidators.js","statementMap":{"0":{"start":{"line":1,"column":26},"end":{"line":6,"column":1}},"1":{"start":{"line":2,"column":4},"end":{"line":4,"column":5}},"2":{"start":{"line":3,"column":8},"end":{"line":3,"column":20}},"3":{"start":{"line":5,"column":4},"end":{"line":5,"column":67}},"4":{"start":{"line":8,"column":17},"end":{"line":13,"column":1}},"5":{"start":{"line":9,"column":4},"end":{"line":11,"column":5}},"6":{"start":{"line":10,"column":8},"end":{"line":10,"column":20}},"7":{"start":{"line":12,"column":4},"end":{"line":12,"column":33}},"8":{"start":{"line":15,"column":19},"end":{"line":17,"column":1}},"9":{"start":{"line":16,"column":4},"end":{"line":16,"column":33}},"10":{"start":{"line":25,"column":25},"end":{"line":34,"column":1}},"11":{"start":{"line":42,"column":22},"end":{"line":51,"column":1}},"12":{"start":{"line":45,"column":28},"end":{"line":45,"column":73}},"13":{"start":{"line":53,"column":0},"end":{"line":59,"column":2}}},"fnMap":{"0":{"name":"(anonymous_0)","decl":{"start":{"line":1,"column":26},"end":{"line":1,"column":27}},"loc":{"start":{"line":1,"column":43},"end":{"line":6,"column":1}},"line":1},"1":{"name":"(anonymous_1)","decl":{"start":{"line":8,"column":17},"end":{"line":8,"column":18}},"loc":{"start":{"line":8,"column":37},"end":{"line":13,"column":1}},"line":8},"2":{"name":"(anonymous_2)","decl":{"start":{"line":15,"column":19},"end":{"line":15,"column":20}},"loc":{"start":{"line":15,"column":39},"end":{"line":17,"column":1}},"line":15},"3":{"name":"(anonymous_3)","decl":{"start":{"line":45,"column":17},"end":{"line":45,"column":18}},"loc":{"start":{"line":45,"column":28},"end":{"line":45,"column":73}},"line":45}},"branchMap":{"0":{"loc":{"start":{"line":2,"column":4},"end":{"line":4,"column":5}},"type":"if","locations":[{"start":{"line":2,"column":4},"end":{"line":4,"column":5}},{"start":{},"end":{}}],"line":2},"1":{"loc":{"start":{"line":9,"column":4},"end":{"line":11,"column":5}},"type":"if","locations":[{"start":{"line":9,"column":4},"end":{"line":11,"column":5}},{"start":{},"end":{}}],"line":9}},"s":{"0":5,"1":6,"2":0,"3":6,"4":5,"5":7,"6":0,"7":7,"8":5,"9":10,"10":5,"11":5,"12":2,"13":5},"f":{"0":6,"1":7,"2":10,"3":2},"b":{"0":[0,6],"1":[0,7]},"_coverageSchema":"1a1c01bbd47fc00a2c39e90264f33305004495a9","hash":"2d43741430406c34964b4e841a2c0c65fd16aa7e"}
}
