TN:
SF:src/database.js
FN:22,databaseConnect
FN:34,databaseDisconnector
FNF:2
FNH:1
FNDA:39,databaseConnect
FNDA:0,databaseDisconnector
DA:1,4
DA:2,4
DA:4,4
DA:7,4
DA:9,4
DA:10,4
DA:12,0
DA:13,0
DA:15,0
DA:16,0
DA:18,0
DA:19,0
DA:23,39
DA:24,39
DA:27,39
DA:28,39
DA:30,0
DA:35,0
DA:38,4
LF:19
LH:11
BRDA:7,0,0,4
BRDA:7,0,1,0
BRDA:7,0,2,0
BRDA:7,0,3,0
BRDA:24,1,0,0
BRDA:24,1,1,39
BRDA:28,2,0,0
BRDA:28,2,1,39
BRF:8
BRH:3
end_of_record
TN:
SF:src/server.js
FN:64,(anonymous_0)
FN:80,(anonymous_1)
FN:87,(anonymous_2)
FN:93,(anonymous_3)
FN:114,(anonymous_4)
FN:121,(anonymous_5)
FNF:6
FNH:3
FNDA:2,(anonymous_0)
FNDA:4,(anonymous_1)
FNDA:0,(anonymous_2)
FNDA:0,(anonymous_3)
FNDA:0,(anonymous_4)
FNDA:23,(anonymous_5)
DA:1,4
DA:3,4
DA:4,4
DA:7,4
DA:8,4
DA:10,4
DA:11,4
DA:14,4
DA:17,4
DA:18,4
DA:19,4
DA:20,4
DA:21,4
DA:32,4
DA:33,4
DA:40,4
DA:41,4
DA:44,4
DA:45,4
DA:48,4
DA:49,4
DA:51,4
DA:52,4
DA:54,4
DA:55,4
DA:57,4
DA:58,4
DA:60,4
DA:61,4
DA:64,4
DA:65,2
DA:66,2
DA:67,2
DA:68,2
DA:70,2
DA:80,4
DA:81,4
DA:87,4
DA:89,0
DA:92,0
DA:93,0
DA:96,0
DA:97,0
DA:101,0
DA:105,0
DA:108,0
DA:114,4
DA:115,0
DA:121,4
DA:122,23
DA:123,23
DA:124,0
DA:126,23
DA:127,10
DA:129,23
DA:135,4
LF:56
LH:46
BRDA:14,0,0,4
BRDA:14,0,1,0
BRDA:123,1,0,0
BRDA:123,1,1,23
BRDA:126,2,0,10
BRDA:126,2,1,13
BRF:6
BRH:4
end_of_record
TN:
SF:src/controllers/CommentRouter.js
FNF:0
FNH:0
DA:2,4
DA:4,4
DA:11,4
DA:14,4
DA:19,4
DA:22,4
DA:26,4
DA:34,4
LF:8
LH:8
BRF:0
BRH:0
end_of_record
TN:
SF:src/controllers/EventRouter.js
FNF:0
FNH:0
DA:2,4
DA:4,4
DA:13,4
DA:16,4
DA:17,4
DA:23,4
DA:27,4
DA:31,4
DA:35,4
DA:36,4
DA:40,4
LF:11
LH:11
BRF:0
BRH:0
end_of_record
TN:
SF:src/controllers/PostRouter.js
FNF:0
FNH:0
DA:2,4
DA:4,4
DA:13,4
DA:16,4
DA:22,4
DA:26,4
DA:30,4
DA:34,4
DA:35,4
DA:37,4
DA:40,4
LF:11
LH:11
BRF:0
BRH:0
end_of_record
TN:
SF:src/controllers/RoleRouter.js
FN:12,(anonymous_0)
FN:24,(anonymous_1)
FNF:2
FNH:0
FNDA:0,(anonymous_0)
FNDA:0,(anonymous_1)
DA:2,4
DA:4,4
DA:7,4
DA:12,4
DA:13,0
DA:15,0
DA:17,0
DA:24,4
DA:25,0
DA:27,0
DA:29,0
DA:35,4
LF:12
LH:6
BRF:0
BRH:0
end_of_record
TN:
SF:src/controllers/UserRouter.js
FN:17,(anonymous_0)
FN:29,(anonymous_1)
FN:38,(anonymous_2)
FN:49,(anonymous_3)
FN:59,(anonymous_4)
FN:67,(anonymous_5)
FN:74,(anonymous_6)
FN:81,(anonymous_7)
FN:87,(anonymous_8)
FN:95,(anonymous_9)
FNF:10
FNH:3
FNDA:1,(anonymous_0)
FNDA:1,(anonymous_1)
FNDA:0,(anonymous_2)
FNDA:0,(anonymous_3)
FNDA:0,(anonymous_4)
FNDA:0,(anonymous_5)
FNDA:39,(anonymous_6)
FNDA:0,(anonymous_7)
FNDA:0,(anonymous_8)
FNDA:0,(anonymous_9)
DA:2,4
DA:4,4
DA:9,4
DA:10,4
DA:11,4
DA:17,4
DA:18,1
DA:29,4
DA:30,1
DA:31,1
DA:32,1
DA:38,4
DA:40,0
DA:49,4
DA:50,0
DA:59,4
DA:60,0
DA:61,0
DA:67,4
DA:68,0
DA:69,0
DA:74,4
DA:75,39
DA:81,4
DA:82,0
DA:87,4
DA:88,0
DA:95,4
DA:96,0
DA:104,4
LF:30
LH:21
BRF:0
BRH:0
end_of_record
TN:
SF:src/controllers/functions/CommentFunctions.js
FN:8,(anonymous_0)
FN:37,(anonymous_1)
FN:47,handleUpdateCommentData
FN:64,(anonymous_3)
FNF:4
FNH:4
FNDA:2,(anonymous_0)
FNDA:2,(anonymous_1)
FNDA:2,handleUpdateCommentData
FNDA:2,(anonymous_3)
DA:3,4
DA:4,4
DA:8,4
DA:9,2
DA:10,2
DA:12,2
DA:14,2
DA:15,0
DA:16,0
DA:19,2
DA:28,2
DA:29,2
DA:31,0
DA:37,4
DA:38,2
DA:40,2
DA:42,2
DA:43,0
DA:44,0
DA:45,0
DA:48,2
DA:49,2
DA:50,2
DA:51,2
DA:54,2
DA:59,0
DA:64,4
DA:65,2
DA:66,2
DA:68,2
DA:69,0
DA:70,0
DA:73,2
DA:75,2
DA:79,0
DA:84,4
LF:36
LH:26
BRDA:14,0,0,0
BRDA:14,0,1,2
BRDA:42,1,0,0
BRDA:42,1,1,2
BRDA:49,2,0,2
BRDA:49,2,1,0
BRDA:68,3,0,0
BRDA:68,3,1,2
BRF:8
BRH:4
end_of_record
TN:
SF:src/controllers/functions/EncryptionFunctions.js
FN:13,encryptString
FN:19,decryptString
FN:25,decryptObject
FN:31,hashString
FN:35,checkUnhashedData
FNF:5
FNH:5
FNDA:40,encryptString
FNDA:17,decryptString
FNDA:17,decryptObject
FNDA:3,hashString
FNDA:39,checkUnhashedData
DA:1,4
DA:2,4
DA:3,4
DA:4,4
DA:7,4
DA:8,4
DA:9,4
DA:10,4
DA:14,40
DA:15,40
DA:20,17
DA:21,17
DA:26,17
DA:32,3
DA:37,39
DA:41,4
LF:16
LH:16
BRF:0
BRH:0
end_of_record
TN:
SF:src/controllers/functions/EventFunctions.js
FN:6,(anonymous_0)
FN:30,(anonymous_1)
FN:45,(anonymous_2)
FN:66,(anonymous_3)
FN:77,handleUpdateEventData
FN:99,(anonymous_5)
FNF:6
FNH:5
FNDA:2,(anonymous_0)
FNDA:3,(anonymous_1)
FNDA:2,(anonymous_2)
FNDA:2,(anonymous_3)
FNDA:2,handleUpdateEventData
FNDA:0,(anonymous_5)
DA:3,4
DA:6,4
DA:7,2
DA:8,2
DA:9,2
DA:21,2
DA:22,2
DA:24,0
DA:30,4
DA:31,3
DA:32,3
DA:39,2
DA:41,1
DA:45,4
DA:46,2
DA:47,2
DA:54,2
DA:55,0
DA:56,0
DA:59,2
DA:61,0
DA:66,4
DA:67,2
DA:69,2
DA:70,2
DA:72,2
DA:73,0
DA:74,0
DA:75,0
DA:78,2
DA:79,2
DA:80,2
DA:81,2
DA:82,2
DA:83,2
DA:84,2
DA:85,2
DA:86,2
DA:87,2
DA:88,0
DA:91,2
DA:94,0
DA:99,4
DA:100,0
DA:101,0
DA:103,0
DA:104,0
DA:105,0
DA:107,0
DA:111,0
DA:116,4
LF:51
LH:35
BRDA:54,0,0,0
BRDA:54,0,1,2
BRDA:72,1,0,0
BRDA:72,1,1,2
BRDA:79,2,0,2
BRDA:79,2,1,0
BRDA:80,3,0,2
BRDA:80,3,1,2
BRDA:81,4,0,2
BRDA:81,4,1,2
BRDA:82,5,0,2
BRDA:82,5,1,2
BRDA:83,6,0,2
BRDA:83,6,1,2
BRDA:84,7,0,2
BRDA:84,7,1,2
BRDA:85,8,0,2
BRDA:85,8,1,2
BRDA:86,9,0,2
BRDA:86,9,1,2
BRDA:103,10,0,0
BRDA:103,10,1,0
BRF:22
BRH:17
end_of_record
TN:
SF:src/controllers/functions/JwtFunctions.js
FN:10,createJwt
FN:15,createUserJwt
FN:21,verifyJwt
FN:26,verifyUserJwt
FN:39,getUserDataFromJwt
FNF:5
FNH:4
FNDA:40,createJwt
FNDA:40,createUserJwt
FNDA:17,verifyJwt
FNDA:0,verifyUserJwt
FNDA:17,getUserDataFromJwt
DA:1,4
DA:2,4
DA:3,4
DA:4,4
DA:5,4
DA:8,4
DA:11,40
DA:16,40
DA:17,40
DA:22,17
DA:23,17
DA:27,0
DA:28,0
DA:29,0
DA:30,0
DA:32,0
DA:35,0
DA:40,17
DA:41,17
DA:44,4
LF:20
LH:14
BRDA:30,0,0,0
BRDA:30,0,1,0
BRDA:30,1,0,0
BRDA:30,1,1,0
BRF:4
BRH:0
end_of_record
TN:
SF:src/controllers/functions/PostFunctions.js
FN:9,(anonymous_0)
FN:30,(anonymous_1)
FN:40,handleUpdatePostData
FN:60,(anonymous_3)
FN:80,(anonymous_4)
FN:112,(anonymous_5)
FNF:6
FNH:6
FNDA:1,(anonymous_0)
FNDA:1,(anonymous_1)
FNDA:1,handleUpdatePostData
FNDA:1,(anonymous_3)
FNDA:1,(anonymous_4)
FNDA:2,(anonymous_5)
DA:3,4
DA:4,4
DA:5,4
DA:9,4
DA:10,1
DA:11,1
DA:12,1
DA:20,1
DA:21,1
DA:24,0
DA:30,4
DA:31,1
DA:33,1
DA:35,1
DA:36,0
DA:37,0
DA:38,0
DA:41,1
DA:42,1
DA:43,1
DA:44,1
DA:45,1
DA:46,1
DA:47,1
DA:50,1
DA:55,0
DA:60,4
DA:61,1
DA:62,1
DA:64,1
DA:65,0
DA:66,0
DA:69,1
DA:71,1
DA:75,0
DA:80,4
DA:81,1
DA:82,1
DA:101,1
DA:102,0
DA:103,0
DA:106,1
DA:108,0
DA:112,4
DA:113,2
DA:114,2
DA:121,1
DA:123,1
DA:128,4
LF:49
LH:38
BRDA:35,0,0,0
BRDA:35,0,1,1
BRDA:42,1,0,1
BRDA:42,1,1,0
BRDA:43,2,0,1
BRDA:43,2,1,1
BRDA:44,3,0,1
BRDA:44,3,1,1
BRDA:45,4,0,1
BRDA:45,4,1,1
BRDA:64,5,0,0
BRDA:64,5,1,1
BRDA:101,6,0,0
BRDA:101,6,1,1
BRF:14
BRH:10
end_of_record
TN:
SF:src/controllers/functions/RoleFunctions.js
FN:7,getAllRoles
FN:13,getUsersWithRole
FN:23,getRoleIdByName
FN:28,getRoleNameById
FNF:4
FNH:2
FNDA:0,getAllRoles
FNDA:0,getUsersWithRole
FNDA:3,getRoleIdByName
FNDA:1,getRoleNameById
DA:3,4
DA:4,4
DA:8,0
DA:16,0
DA:20,0
DA:24,3
DA:25,2
DA:29,1
DA:30,1
DA:34,4
LF:10
LH:7
BRF:0
BRH:0
end_of_record
TN:
SF:src/controllers/functions/UserFunctions.js
FN:10,createNewUser
FN:20,getAllUsers
FN:25,getUserByUsername
FN:30,getUserById
FN:36,updateUserById
FN:41,deleteUserById
FNF:6
FNH:3
FNDA:3,createNewUser
FNDA:1,getAllUsers
FNDA:46,getUserByUsername
FNDA:0,getUserById
FNDA:0,updateUserById
FNDA:0,deleteUserById
DA:3,4
DA:4,4
DA:5,4
DA:12,3
DA:14,3
DA:15,2
DA:21,1
DA:27,46
DA:32,0
DA:37,0
DA:42,0
DA:46,4
LF:12
LH:9
BRDA:14,0,0,2
BRDA:14,0,1,1
BRF:2
BRH:2
end_of_record
TN:
SF:src/controllers/middleware/authMiddleware.js
FN:12,(anonymous_0)
FN:38,(anonymous_1)
FN:61,(anonymous_2)
FNF:3
FNH:3
FNDA:26,(anonymous_0)
FNDA:11,(anonymous_1)
FNDA:1,(anonymous_2)
DA:2,4
DA:3,4
DA:4,4
DA:5,4
DA:12,4
DA:13,26
DA:15,26
DA:16,9
DA:17,9
DA:20,17
DA:23,17
DA:24,17
DA:25,17
DA:26,17
DA:27,17
DA:29,17
DA:32,9
DA:38,4
DA:39,11
DA:41,11
DA:42,0
DA:44,11
DA:50,8
DA:52,3
DA:53,3
DA:56,3
DA:61,4
DA:62,1
DA:64,1
DA:65,0
DA:68,1
DA:69,1
DA:72,0
DA:73,0
DA:76,0
DA:80,4
LF:36
LH:31
BRDA:15,0,0,9
BRDA:15,0,1,17
BRDA:25,1,0,17
BRDA:25,1,1,0
BRDA:26,2,0,17
BRDA:26,2,1,0
BRDA:41,3,0,0
BRDA:41,3,1,11
BRDA:41,4,0,11
BRDA:41,4,1,11
BRDA:41,4,2,11
BRDA:44,5,0,8
BRDA:44,5,1,3
BRDA:46,6,0,11
BRDA:46,6,1,3
BRDA:64,7,0,0
BRDA:64,7,1,1
BRDA:68,8,0,1
BRDA:68,8,1,0
BRF:19
BRH:14
end_of_record
TN:
SF:src/controllers/middleware/errorMiddleware.js
FN:6,(anonymous_0)
FN:22,(anonymous_1)
FN:33,(anonymous_2)
FNF:3
FNH:0
FNDA:0,(anonymous_0)
FNDA:0,(anonymous_1)
FNDA:0,(anonymous_2)
DA:2,4
DA:6,4
DA:7,0
DA:9,0
DA:11,0
DA:12,0
DA:14,0
DA:17,0
DA:22,4
DA:23,0
DA:24,0
DA:25,0
DA:26,0
DA:28,0
DA:33,4
DA:34,0
DA:35,0
DA:36,0
DA:37,0
DA:39,0
DA:45,4
LF:21
LH:5
BRF:0
BRH:0
end_of_record
TN:
SF:src/controllers/middleware/userMiddleware.js
FN:12,(anonymous_0)
FN:48,(anonymous_1)
FN:74,(anonymous_2)
FN:109,(anonymous_3)
FN:119,(anonymous_4)
FN:125,(anonymous_5)
FN:143,(anonymous_6)
FN:153,(anonymous_7)
FN:167,(anonymous_8)
FNF:9
FNH:3
FNDA:46,(anonymous_0)
FNDA:40,(anonymous_1)
FNDA:0,(anonymous_2)
FNDA:0,(anonymous_3)
FNDA:0,(anonymous_4)
FNDA:3,(anonymous_5)
FNDA:0,(anonymous_6)
FNDA:0,(anonymous_7)
FNDA:0,(anonymous_8)
DA:2,4
DA:3,4
DA:4,4
DA:5,4
DA:12,4
DA:13,46
DA:15,46
DA:16,0
DA:19,46
DA:20,46
DA:23,40
DA:24,1
DA:25,1
DA:29,39
DA:30,0
DA:31,0
DA:36,39
DA:37,39
DA:38,39
DA:40,39
DA:43,7
DA:48,4
DA:49,40
DA:51,40
DA:52,0
DA:55,40
DA:56,40
DA:59,40
DA:60,0
DA:63,40
DA:65,40
DA:68,0
DA:74,4
DA:75,0
DA:77,0
DA:78,0
DA:84,0
DA:87,0
DA:91,0
DA:92,0
DA:96,0
DA:97,0
DA:98,0
DA:100,0
DA:103,0
DA:109,4
DA:110,0
DA:111,0
DA:112,0
DA:114,0
DA:119,4
DA:120,0
DA:121,0
DA:125,4
DA:126,3
DA:128,3
DA:130,1
DA:131,1
DA:132,1
DA:133,1
DA:135,1
DA:138,2
DA:143,4
DA:144,0
DA:145,0
DA:146,0
DA:147,0
DA:149,0
DA:153,4
DA:154,0
DA:155,0
DA:156,0
DA:158,0
DA:159,0
DA:160,0
DA:161,0
DA:163,0
DA:167,4
DA:168,0
DA:169,0
DA:170,0
DA:171,0
DA:172,0
DA:173,0
DA:174,0
DA:176,0
DA:180,4
LF:87
LH:42
BRDA:15,0,0,0
BRDA:15,0,1,46
BRDA:15,1,0,46
BRDA:15,1,1,46
BRDA:23,2,0,1
BRDA:23,2,1,39
BRDA:29,3,0,0
BRDA:29,3,1,39
BRDA:51,4,0,0
BRDA:51,4,1,40
BRDA:59,5,0,0
BRDA:59,5,1,40
BRDA:77,6,0,0
BRDA:77,6,1,0
BRDA:91,7,0,0
BRDA:91,7,1,0
BRDA:91,8,0,0
BRDA:91,8,1,0
BRDA:98,9,0,0
BRDA:98,9,1,0
BRDA:111,10,0,0
BRDA:111,10,1,0
BRDA:155,11,0,0
BRDA:155,11,1,0
BRF:24
BRH:8
end_of_record
TN:
SF:src/models/CommentModel.js
FN:30,(anonymous_0)
FN:39,(anonymous_1)
FNF:2
FNH:2
FNDA:4,(anonymous_0)
FNDA:4,(anonymous_1)
DA:1,4
DA:2,4
DA:5,4
DA:30,4
DA:32,4
DA:36,4
DA:37,4
DA:39,4
DA:40,4
DA:43,4
DA:44,4
LF:11
LH:11
BRF:0
BRH:0
end_of_record
TN:
SF:src/models/EventModel.js
FN:12,(anonymous_0)
FN:18,(anonymous_1)
FN:23,(anonymous_2)
FN:29,(anonymous_3)
FN:38,(anonymous_4)
FN:47,(anonymous_5)
FNF:6
FNH:4
FNDA:4,(anonymous_0)
FNDA:0,(anonymous_1)
FNDA:4,(anonymous_2)
FNDA:0,(anonymous_3)
FNDA:2,(anonymous_4)
FNDA:15,(anonymous_5)
DA:1,4
DA:2,4
DA:5,4
DA:13,4
DA:14,0
DA:16,4
DA:18,0
DA:24,4
DA:25,0
DA:27,4
DA:29,0
DA:38,4
DA:40,2
DA:44,4
DA:45,4
DA:47,4
DA:48,15
DA:51,4
DA:53,4
LF:19
LH:15
BRDA:13,0,0,0
BRDA:13,0,1,4
BRDA:24,1,0,0
BRDA:24,1,1,4
BRF:4
BRH:2
end_of_record
TN:
SF:src/models/PostModel.js
FN:41,(anonymous_0)
FN:50,(anonymous_1)
FNF:2
FNH:2
FNDA:2,(anonymous_0)
FNDA:5,(anonymous_1)
DA:1,4
DA:2,4
DA:4,4
DA:34,4
DA:41,4
DA:43,2
DA:47,4
DA:48,4
DA:50,4
DA:51,5
DA:54,4
DA:55,4
LF:12
LH:12
BRF:0
BRH:0
end_of_record
TN:
SF:src/models/RoleModel.js
FNF:0
FNH:0
DA:1,4
DA:3,4
DA:8,4
DA:10,4
LF:4
LH:4
BRF:0
BRH:0
end_of_record
TN:
SF:src/models/UserModel.js
FNF:0
FNH:0
DA:1,4
DA:3,4
DA:20,4
DA:22,4
LF:4
LH:4
BRF:0
BRH:0
end_of_record
