TN:
SF:src/database.js
FN:22,databaseConnect
FN:43,oo_cm
FNF:2
FNH:1
FNDA:18,databaseConnect
FNDA:0,oo_cm
DA:1,5
DA:2,5
DA:4,5
DA:7,5
DA:9,5
DA:10,5
DA:12,0
DA:13,0
DA:15,0
DA:16,0
DA:18,0
DA:19,0
DA:23,18
DA:24,18
DA:27,18
DA:28,18
DA:30,0
DA:34,5
DA:43,0
LF:19
LH:11
BRDA:7,0,0,5
BRDA:7,0,1,0
BRDA:7,0,2,0
BRDA:7,0,3,0
BRDA:24,1,0,0
BRDA:24,1,1,18
BRDA:28,2,0,0
BRDA:28,2,1,18
BRDA:43,3,0,0
BRDA:43,3,1,0
BRF:10
BRH:3
end_of_record
TN:
SF:src/server.js
FN:65,(anonymous_0)
FN:81,(anonymous_1)
FN:116,(anonymous_2)
FN:123,(anonymous_3)
FN:147,oo_cm
FNF:5
FNH:2
FNDA:0,(anonymous_0)
FNDA:0,(anonymous_1)
FNDA:0,(anonymous_2)
FNDA:17,(anonymous_3)
FNDA:17,oo_cm
DA:1,5
DA:3,5
DA:4,5
DA:7,5
DA:8,5
DA:10,5
DA:11,5
DA:14,5
DA:17,5
DA:18,5
DA:19,5
DA:20,5
DA:21,5
DA:32,5
DA:33,5
DA:40,5
DA:41,5
DA:44,5
DA:45,5
DA:52,5
DA:53,5
DA:55,5
DA:56,5
DA:58,5
DA:59,5
DA:61,5
DA:62,5
DA:65,5
DA:66,0
DA:67,0
DA:68,0
DA:69,0
DA:71,0
DA:81,5
DA:82,0
DA:116,5
DA:117,0
DA:123,5
DA:124,17
DA:125,17
DA:126,0
DA:128,17
DA:129,12
DA:131,17
DA:137,5
DA:147,17
LF:46
LH:38
BRDA:14,0,0,5
BRDA:14,0,1,0
BRDA:125,1,0,0
BRDA:125,1,1,17
BRDA:128,2,0,12
BRDA:128,2,1,5
BRDA:147,3,0,17
BRDA:147,3,1,1
BRF:8
BRH:6
end_of_record
TN:
SF:src/controllers/CommentRouter.js
FNF:0
FNH:0
DA:2,5
DA:4,5
DA:11,5
DA:14,5
DA:19,5
DA:22,5
DA:26,5
DA:34,5
LF:8
LH:8
BRF:0
BRH:0
end_of_record
TN:
SF:src/controllers/EventRouter.js
FNF:0
FNH:0
DA:2,5
DA:4,5
DA:13,5
DA:16,5
DA:17,5
DA:23,5
DA:27,5
DA:31,5
DA:35,5
DA:36,5
DA:40,5
LF:11
LH:11
BRF:0
BRH:0
end_of_record
TN:
SF:src/controllers/PostRouter.js
FNF:0
FNH:0
DA:2,5
DA:4,5
DA:13,5
DA:16,5
DA:22,5
DA:26,5
DA:30,5
DA:34,5
DA:35,5
DA:37,5
DA:40,5
LF:11
LH:11
BRF:0
BRH:0
end_of_record
TN:
SF:src/controllers/UserRouter.js
FN:30,(anonymous_0)
FN:41,(anonymous_1)
FN:51,(anonymous_2)
FN:63,(anonymous_3)
FN:71,(anonymous_4)
FN:83,(anonymous_5)
FN:93,(anonymous_6)
FN:102,(anonymous_7)
FN:111,(anonymous_8)
FN:120,(anonymous_9)
FN:130,(anonymous_10)
FNF:11
FNH:2
FNDA:1,(anonymous_0)
FNDA:0,(anonymous_1)
FNDA:0,(anonymous_2)
FNDA:0,(anonymous_3)
FNDA:0,(anonymous_4)
FNDA:0,(anonymous_5)
FNDA:0,(anonymous_6)
FNDA:1,(anonymous_7)
FNDA:0,(anonymous_8)
FNDA:0,(anonymous_9)
FNDA:0,(anonymous_10)
DA:2,5
DA:4,5
DA:7,5
DA:18,5
DA:24,5
DA:30,5
DA:31,1
DA:41,5
DA:42,0
DA:43,0
DA:44,0
DA:50,5
DA:52,0
DA:62,5
DA:64,0
DA:70,5
DA:72,0
DA:82,5
DA:84,0
DA:85,0
DA:92,5
DA:94,0
DA:95,0
DA:102,5
DA:103,1
DA:110,5
DA:112,0
DA:119,5
DA:121,0
DA:129,5
DA:131,0
DA:140,5
LF:32
LH:19
BRF:0
BRH:0
end_of_record
TN:
SF:src/controllers/functions/CommentFunctions.js
FN:8,(anonymous_0)
FN:37,(anonymous_1)
FN:47,handleUpdateCommentData
FN:64,(anonymous_3)
FNF:4
FNH:0
FNDA:0,(anonymous_0)
FNDA:0,(anonymous_1)
FNDA:0,handleUpdateCommentData
FNDA:0,(anonymous_3)
DA:3,5
DA:4,5
DA:8,5
DA:9,0
DA:10,0
DA:12,0
DA:14,0
DA:15,0
DA:16,0
DA:19,0
DA:28,0
DA:29,0
DA:31,0
DA:37,5
DA:38,0
DA:40,0
DA:42,0
DA:43,0
DA:44,0
DA:45,0
DA:48,0
DA:49,0
DA:50,0
DA:51,0
DA:54,0
DA:59,0
DA:64,5
DA:65,0
DA:66,0
DA:68,0
DA:69,0
DA:70,0
DA:73,0
DA:75,0
DA:79,0
DA:84,5
LF:36
LH:6
BRDA:14,0,0,0
BRDA:14,0,1,0
BRDA:42,1,0,0
BRDA:42,1,1,0
BRDA:49,2,0,0
BRDA:49,2,1,0
BRDA:68,3,0,0
BRDA:68,3,1,0
BRF:8
BRH:0
end_of_record
TN:
SF:src/controllers/functions/EncryptionFunctions.js
FN:21,encryptString
FN:35,decryptString
FN:49,decryptObject
FN:64,hashString
FN:78,checkUnhashedData
FNF:5
FNH:5
FNDA:5,encryptString
FNDA:11,decryptString
FNDA:10,decryptObject
FNDA:7,hashString
FNDA:3,checkUnhashedData
DA:1,5
DA:2,5
DA:3,5
DA:4,5
DA:7,5
DA:8,5
DA:9,5
DA:10,5
DA:22,5
DA:23,5
DA:36,11
DA:37,11
DA:50,10
DA:65,7
DA:80,3
DA:84,5
LF:16
LH:16
BRF:0
BRH:0
end_of_record
TN:
SF:src/controllers/functions/EventFunctions.js
FN:6,(anonymous_0)
FN:30,(anonymous_1)
FN:45,(anonymous_2)
FN:66,(anonymous_3)
FN:84,(anonymous_4)
FNF:5
FNH:1
FNDA:8,(anonymous_0)
FNDA:0,(anonymous_1)
FNDA:0,(anonymous_2)
FNDA:0,(anonymous_3)
FNDA:0,(anonymous_4)
DA:3,5
DA:6,5
DA:7,8
DA:8,8
DA:9,8
DA:21,8
DA:22,0
DA:24,8
DA:30,5
DA:31,0
DA:32,0
DA:39,0
DA:41,0
DA:45,5
DA:46,0
DA:47,0
DA:54,0
DA:55,0
DA:56,0
DA:59,0
DA:61,0
DA:66,5
DA:67,0
DA:69,0
DA:71,0
DA:72,0
DA:73,0
DA:74,0
DA:76,0
DA:79,0
DA:84,5
DA:85,0
DA:86,0
DA:88,0
DA:89,0
DA:90,0
DA:92,0
DA:96,0
DA:101,5
LF:39
LH:12
BRDA:54,0,0,0
BRDA:54,0,1,0
BRDA:71,1,0,0
BRDA:71,1,1,0
BRDA:88,2,0,0
BRDA:88,2,1,0
BRF:6
BRH:0
end_of_record
TN:
SF:src/controllers/functions/JwtFunctions.js
FN:17,createJwt
FN:29,createUserJwt
FN:41,verifyJwt
FN:53,getUserDataFromJwt
FNF:4
FNH:4
FNDA:4,createJwt
FNDA:3,createUserJwt
FNDA:10,verifyJwt
FNDA:9,getUserDataFromJwt
DA:1,5
DA:2,5
DA:3,5
DA:4,5
DA:7,5
DA:18,4
DA:30,3
DA:31,3
DA:42,10
DA:43,10
DA:54,9
DA:55,9
DA:58,5
LF:13
LH:13
BRF:0
BRH:0
end_of_record
TN:
SF:src/controllers/functions/PostFunctions.js
FN:8,(anonymous_0)
FN:29,(anonymous_1)
FN:39,handleUpdatePostData
FN:59,(anonymous_3)
FN:79,(anonymous_4)
FN:111,(anonymous_5)
FNF:6
FNH:0
FNDA:0,(anonymous_0)
FNDA:0,(anonymous_1)
FNDA:0,handleUpdatePostData
FNDA:0,(anonymous_3)
FNDA:0,(anonymous_4)
FNDA:0,(anonymous_5)
DA:3,5
DA:4,5
DA:8,5
DA:9,0
DA:10,0
DA:11,0
DA:19,0
DA:20,0
DA:23,0
DA:29,5
DA:30,0
DA:32,0
DA:34,0
DA:35,0
DA:36,0
DA:37,0
DA:40,0
DA:41,0
DA:42,0
DA:43,0
DA:44,0
DA:45,0
DA:46,0
DA:49,0
DA:54,0
DA:59,5
DA:60,0
DA:61,0
DA:63,0
DA:64,0
DA:65,0
DA:68,0
DA:70,0
DA:74,0
DA:79,5
DA:80,0
DA:81,0
DA:100,0
DA:101,0
DA:102,0
DA:105,0
DA:107,0
DA:111,5
DA:112,0
DA:113,0
DA:120,0
DA:122,0
DA:127,5
LF:48
LH:8
BRDA:34,0,0,0
BRDA:34,0,1,0
BRDA:41,1,0,0
BRDA:41,1,1,0
BRDA:42,2,0,0
BRDA:42,2,1,0
BRDA:43,3,0,0
BRDA:43,3,1,0
BRDA:44,4,0,0
BRDA:44,4,1,0
BRDA:63,5,0,0
BRDA:63,5,1,0
BRDA:100,6,0,0
BRDA:100,6,1,0
BRF:14
BRH:0
end_of_record
TN:
SF:src/controllers/functions/RoleFunctions.js
FN:13,getAllRoles
FN:27,getUsersWithRole
FN:44,getRoleIdByName
FN:57,getRoleNameById
FNF:4
FNH:4
FNDA:1,getAllRoles
FNDA:1,getUsersWithRole
FNDA:9,getRoleIdByName
FNDA:2,getRoleNameById
DA:3,5
DA:4,5
DA:14,1
DA:29,1
DA:33,1
DA:45,9
DA:46,9
DA:58,2
DA:59,2
DA:63,5
LF:10
LH:10
BRF:0
BRH:0
end_of_record
TN:
SF:src/controllers/functions/UserFunctions.js
FN:19,createNewUser
FN:37,getAllUsers
FN:50,getUserByUsername
FN:63,getUserById
FN:79,updateUserById
FN:92,deleteUserById
FNF:6
FNH:6
FNDA:6,createNewUser
FNDA:1,getAllUsers
FNDA:7,getUserByUsername
FNDA:2,getUserById
FNDA:1,updateUserById
FNDA:1,deleteUserById
DA:3,5
DA:4,5
DA:5,5
DA:21,6
DA:23,6
DA:24,6
DA:38,1
DA:52,7
DA:64,2
DA:80,1
DA:93,1
DA:97,5
LF:12
LH:12
BRDA:23,0,0,6
BRDA:23,0,1,0
BRF:2
BRH:1
end_of_record
TN:
SF:src/controllers/middleware/authMiddleware.js
FN:10,(anonymous_0)
FN:36,(anonymous_1)
FN:58,(anonymous_2)
FN:79,(anonymous_3)
FNF:4
FNH:1
FNDA:8,(anonymous_0)
FNDA:0,(anonymous_1)
FNDA:0,(anonymous_2)
FNDA:0,(anonymous_3)
DA:2,5
DA:3,5
DA:10,5
DA:11,8
DA:13,8
DA:14,0
DA:15,0
DA:18,8
DA:21,8
DA:22,8
DA:23,8
DA:24,8
DA:25,8
DA:27,8
DA:30,0
DA:36,5
DA:37,0
DA:39,0
DA:40,0
DA:42,0
DA:48,0
DA:50,0
DA:51,0
DA:54,0
DA:58,5
DA:59,0
DA:61,0
DA:62,0
DA:64,0
DA:68,0
DA:70,0
DA:71,0
DA:74,0
DA:79,5
DA:80,0
DA:82,0
DA:83,0
DA:86,0
DA:87,0
DA:90,0
DA:91,0
DA:94,0
DA:98,5
LF:43
LH:16
BRDA:13,0,0,0
BRDA:13,0,1,8
BRDA:23,1,0,8
BRDA:23,1,1,0
BRDA:24,2,0,8
BRDA:24,2,1,0
BRDA:39,3,0,0
BRDA:39,3,1,0
BRDA:39,4,0,0
BRDA:39,4,1,0
BRDA:39,4,2,0
BRDA:42,5,0,0
BRDA:42,5,1,0
BRDA:44,6,0,0
BRDA:44,6,1,0
BRDA:61,7,0,0
BRDA:61,7,1,0
BRDA:61,8,0,0
BRDA:61,8,1,0
BRDA:61,8,2,0
BRDA:64,9,0,0
BRDA:64,9,1,0
BRDA:82,10,0,0
BRDA:82,10,1,0
BRDA:86,11,0,0
BRDA:86,11,1,0
BRF:26
BRH:3
end_of_record
TN:
SF:src/controllers/middleware/errorMiddleware.js
FN:6,(anonymous_0)
FN:22,(anonymous_1)
FN:33,(anonymous_2)
FNF:3
FNH:0
FNDA:0,(anonymous_0)
FNDA:0,(anonymous_1)
FNDA:0,(anonymous_2)
DA:2,5
DA:6,5
DA:7,0
DA:9,0
DA:11,0
DA:12,0
DA:14,0
DA:17,0
DA:22,5
DA:23,0
DA:24,0
DA:25,0
DA:26,0
DA:28,0
DA:33,5
DA:34,0
DA:35,0
DA:36,0
DA:37,0
DA:39,0
DA:45,5
LF:21
LH:5
BRF:0
BRH:0
end_of_record
TN:
SF:src/controllers/middleware/userMiddleware.js
FN:16,(anonymous_0)
FN:51,(anonymous_1)
FN:89,(anonymous_2)
FN:130,(anonymous_3)
FN:142,(anonymous_4)
FN:148,(anonymous_5)
FN:164,(anonymous_6)
FN:174,(anonymous_7)
FN:193,(anonymous_8)
FNF:9
FNH:3
FNDA:6,(anonymous_0)
FNDA:2,(anonymous_1)
FNDA:0,(anonymous_2)
FNDA:0,(anonymous_3)
FNDA:0,(anonymous_4)
FNDA:5,(anonymous_5)
FNDA:0,(anonymous_6)
FNDA:0,(anonymous_7)
FNDA:0,(anonymous_8)
DA:8,5
DA:9,5
DA:10,5
DA:11,5
DA:16,5
DA:17,6
DA:19,6
DA:20,0
DA:23,6
DA:24,6
DA:27,6
DA:28,5
DA:29,5
DA:33,1
DA:34,0
DA:35,0
DA:40,1
DA:41,1
DA:42,1
DA:44,1
DA:46,5
DA:51,5
DA:52,2
DA:54,2
DA:55,0
DA:58,2
DA:59,2
DA:62,2
DA:63,0
DA:66,2
DA:67,2
DA:73,0
DA:81,2
DA:83,0
DA:89,5
DA:90,0
DA:92,0
DA:93,0
DA:99,0
DA:102,0
DA:106,0
DA:107,0
DA:108,0
DA:113,0
DA:114,0
DA:118,0
DA:119,0
DA:120,0
DA:122,0
DA:124,0
DA:130,5
DA:131,0
DA:132,0
DA:135,0
DA:137,0
DA:142,5
DA:143,0
DA:144,0
DA:148,5
DA:149,5
DA:150,5
DA:152,1
DA:153,1
DA:154,1
DA:155,1
DA:157,1
DA:159,4
DA:164,5
DA:165,0
DA:166,0
DA:167,0
DA:168,0
DA:170,0
DA:174,5
DA:175,0
DA:176,0
DA:177,0
DA:179,0
DA:180,0
DA:181,0
DA:182,0
DA:184,0
DA:185,0
DA:186,0
DA:187,0
DA:189,0
DA:193,5
DA:194,0
DA:195,0
DA:196,0
DA:197,0
DA:198,0
DA:199,0
DA:200,0
DA:202,0
DA:206,5
LF:96
LH:43
BRDA:19,0,0,0
BRDA:19,0,1,6
BRDA:19,1,0,6
BRDA:19,1,1,6
BRDA:27,2,0,5
BRDA:27,2,1,1
BRDA:33,3,0,0
BRDA:33,3,1,1
BRDA:54,4,0,0
BRDA:54,4,1,2
BRDA:62,5,0,0
BRDA:62,5,1,2
BRDA:66,6,0,2
BRDA:66,6,1,0
BRDA:92,7,0,0
BRDA:92,7,1,0
BRDA:106,8,0,0
BRDA:106,8,1,0
BRDA:113,9,0,0
BRDA:113,9,1,0
BRDA:120,10,0,0
BRDA:120,10,1,0
BRDA:132,11,0,0
BRDA:132,11,1,0
BRDA:176,12,0,0
BRDA:176,12,1,0
BRDA:179,13,0,0
BRDA:179,13,1,0
BRDA:181,14,0,0
BRDA:181,14,1,0
BRF:30
BRH:9
end_of_record
TN:
SF:src/models/CommentModel.js
FN:31,(anonymous_0)
FN:40,(anonymous_1)
FNF:2
FNH:0
FNDA:0,(anonymous_0)
FNDA:0,(anonymous_1)
DA:1,5
DA:2,5
DA:3,5
DA:4,5
DA:6,5
DA:31,5
DA:33,0
DA:37,5
DA:38,5
DA:40,5
DA:41,0
DA:44,5
DA:45,5
LF:13
LH:11
BRF:0
BRH:0
end_of_record
TN:
SF:src/models/EventModel.js
FN:24,(anonymous_0)
FN:33,(anonymous_1)
FNF:2
FNH:0
FNDA:0,(anonymous_0)
FNDA:0,(anonymous_1)
DA:1,5
DA:2,5
DA:3,5
DA:4,5
DA:5,5
DA:7,5
DA:24,5
DA:26,0
DA:30,5
DA:31,5
DA:33,5
DA:34,0
DA:37,5
DA:39,5
LF:14
LH:12
BRF:0
BRH:0
end_of_record
TN:
SF:src/models/PostModel.js
FN:43,(anonymous_0)
FN:52,(anonymous_1)
FNF:2
FNH:0
FNDA:0,(anonymous_0)
FNDA:0,(anonymous_1)
DA:1,5
DA:2,5
DA:3,5
DA:4,5
DA:6,5
DA:36,5
DA:43,5
DA:45,0
DA:49,5
DA:50,5
DA:52,5
DA:53,0
DA:56,5
DA:57,5
LF:14
LH:12
BRF:0
BRH:0
end_of_record
TN:
SF:src/models/RoleModel.js
FNF:0
FNH:0
DA:1,5
DA:3,5
DA:8,5
DA:10,5
LF:4
LH:4
BRF:0
BRH:0
end_of_record
TN:
SF:src/models/UserModel.js
FNF:0
FNH:0
DA:1,5
DA:2,5
DA:4,5
DA:31,5
DA:33,5
LF:5
LH:5
BRF:0
BRH:0
end_of_record
TN:
SF:src/models/validatorFunctions/eventValidators.js
FN:1,(anonymous_0)
FN:17,(anonymous_1)
FNF:2
FNH:2
FNDA:16,(anonymous_0)
FNDA:8,(anonymous_1)
DA:1,5
DA:2,16
DA:3,0
DA:5,16
DA:14,5
DA:17,8
DA:20,5
LF:7
LH:6
BRDA:2,0,0,0
BRDA:2,0,1,16
BRF:2
BRH:1
end_of_record
TN:
SF:src/models/validatorFunctions/userValidators.js
FN:1,(anonymous_0)
FN:8,(anonymous_1)
FN:15,(anonymous_2)
FN:45,(anonymous_3)
FNF:4
FNH:4
FNDA:6,(anonymous_0)
FNDA:7,(anonymous_1)
FNDA:10,(anonymous_2)
FNDA:2,(anonymous_3)
DA:1,5
DA:2,6
DA:3,0
DA:5,6
DA:8,5
DA:9,7
DA:10,0
DA:12,7
DA:15,5
DA:16,10
DA:25,5
DA:42,5
DA:45,2
DA:53,5
LF:14
LH:12
BRDA:2,0,0,0
BRDA:2,0,1,6
BRDA:9,1,0,0
BRDA:9,1,1,7
BRF:4
BRH:2
end_of_record
